maxFrames 40
nBatchSize 36
nTrainPerEpoch 100000
nTestPerEpoch 10000
nDataLoaderThread 4
goon False
max_epoch 100
temporal_stride 2
model models.SyncNetModelFBank
nOut 1024
lr 0.001
lr_decay 0.95
alphaC 1.0
alphaI 1.0
initial_model 
save_path data/exp02
train_list data/train.txt
verify_list data/test.txt
test_list voxceleb/test_list.txt
test_path voxceleb/voxceleb1
eval False
Reading data ...
Evalmode False - 1100 clips
Evalmode True - 36 clips
Reading done. Cost 361 seconds.
2021-05-04 16:38:08 1 Start Iteration
Content loss 1.000000 Identity loss 1.000000

Proc (144/1100): 22.367Hz Ls 6.520 SYT1 5.864% IDT1 0.556% 
Proc (324/1100): 23.671Hz Ls 6.494 SYT1 5.833% IDT1 3.333% 
Proc (504/1100): 22.369Hz Ls 6.471 SYT1 5.710% IDT1 3.333% 
Proc (684/1100): 22.796Hz Ls 6.456 SYT1 5.640% IDT1 3.889% 
Proc (864/1100): 21.128Hz Ls 6.441 SYT1 5.722% IDT1 4.333% 
Proc (1044/1100): 23.438Hz Ls 6.433 SYT1 5.669% IDT1 4.352% 
Content loss 1.000000 Identity loss 1.000000

2021-05-04 16:39:29 data/exp02: IT 1, LR 0.000100, TACC 4.35, TLOSS 6.432693, VACC 8.33, VLOSS 6.440999

2021-05-04 16:39:29 Saving model 1

2021-05-04 16:39:29 2 Start Iteration
Content loss 1.000000 Identity loss 1.000000

Proc (144/1100): 22.878Hz Ls 6.347 SYT1 5.340% IDT1 11.111% 
Proc (324/1100): 21.914Hz Ls 6.320 SYT1 5.417% IDT1 10.556% 
Proc (504/1100): 22.484Hz Ls 6.294 SYT1 5.556% IDT1 11.852% 
Proc (684/1100): 21.386Hz Ls 6.284 SYT1 5.602% IDT1 11.250% 
Proc (864/1100): 18.744Hz Ls 6.277 SYT1 5.654% IDT1 10.778% 
Proc (1044/1100): 22.645Hz Ls 6.272 SYT1 5.617% IDT1 10.833% 
Content loss 1.000000 Identity loss 1.000000

2021-05-04 16:40:56 data/exp02: IT 2, LR 0.000095, TACC 10.83, TLOSS 6.272420, VACC 2.78, VLOSS 6.331658

2021-05-04 16:40:56 Saving model 2

2021-05-04 16:40:56 3 Start Iteration
Content loss 1.000000 Identity loss 1.000000

Proc (144/1100): 20.670Hz Ls 6.209 SYT1 5.525% IDT1 16.111% 
Proc (324/1100): 22.757Hz Ls 6.211 SYT1 5.617% IDT1 16.111% 
Proc (504/1100): 20.844Hz Ls 6.193 SYT1 5.802% IDT1 15.741% 
Proc (684/1100): 22.936Hz Ls 6.185 SYT1 5.748% IDT1 15.000% 
Proc (864/1100): 20.878Hz Ls 6.185 SYT1 5.827% IDT1 15.000% 
Proc (1044/1100): 22.650Hz Ls 6.183 SYT1 5.859% IDT1 15.185% 
Content loss 1.000000 Identity loss 1.000000

2021-05-04 16:42:19 data/exp02: IT 3, LR 0.000090, TACC 15.19, TLOSS 6.183079, VACC 2.78, VLOSS 6.278579

2021-05-04 16:42:19 Saving model 3

2021-05-04 16:42:19 4 Start Iteration
Content loss 1.000000 Identity loss 1.000000

Proc (144/1100): 23.019Hz Ls 6.090 SYT1 5.895% IDT1 19.444% 
Proc (324/1100): 22.748Hz Ls 6.108 SYT1 5.926% IDT1 18.889% 
Proc (504/1100): 22.821Hz Ls 6.121 SYT1 5.720% IDT1 18.333% 
Proc (684/1100): 22.376Hz Ls 6.116 SYT1 5.965% IDT1 18.750% 
Proc (864/1100): 22.642Hz Ls 6.107 SYT1 6.074% IDT1 18.889% 
Proc (1044/1100): 20.520Hz Ls 6.103 SYT1 6.116% IDT1 19.444% 
Content loss 1.000000 Identity loss 1.000000

2021-05-04 16:43:39 data/exp02: IT 4, LR 0.000086, TACC 19.44, TLOSS 6.103025, VACC 8.33, VLOSS 6.277209

2021-05-04 16:43:39 Saving model 4

2021-05-04 16:43:40 5 Start Iteration
Content loss 1.000000 Identity loss 1.000000

Proc (144/1100): 22.628Hz Ls 6.039 SYT1 6.265% IDT1 25.556% 
Proc (324/1100): 22.670Hz Ls 6.032 SYT1 6.389% IDT1 25.833% 
Proc (504/1100): 22.965Hz Ls 6.035 SYT1 6.348% IDT1 24.074% 
Proc (684/1100): 22.859Hz Ls 6.028 SYT1 6.343% IDT1 22.500% 
Proc (864/1100): 22.200Hz Ls 6.034 SYT1 6.346% IDT1 23.556% 
Proc (1044/1100): 22.284Hz Ls 6.032 SYT1 6.379% IDT1 22.963% 
Content loss 1.000000 Identity loss 1.000000

2021-05-04 16:44:59 data/exp02: IT 5, LR 0.000081, TACC 22.96, TLOSS 6.032020, VACC 5.56, VLOSS 6.221235

2021-05-04 16:44:59 Saving model 5

2021-05-04 16:45:00 6 Start Iteration
Content loss 1.000000 Identity loss 1.000000

Proc (144/1100): 23.640Hz Ls 5.984 SYT1 6.481% IDT1 25.000% 
Proc (324/1100): 20.993Hz Ls 5.979 SYT1 6.312% IDT1 24.167% 
Proc (504/1100): 21.684Hz Ls 5.971 SYT1 6.337% IDT1 24.259% 
Proc (684/1100): 22.691Hz Ls 5.962 SYT1 6.481% IDT1 22.778% 
Proc (864/1100): 22.416Hz Ls 5.969 SYT1 6.494% IDT1 22.889% 
Proc (1044/1100): 22.404Hz Ls 5.975 SYT1 6.492% IDT1 22.963% 
Content loss 1.000000 Identity loss 1.000000

2021-05-04 16:46:20 data/exp02: IT 6, LR 0.000077, TACC 22.96, TLOSS 5.975225, VACC 5.56, VLOSS 6.198455

2021-05-04 16:46:20 Saving model 6

2021-05-04 16:46:20 7 Start Iteration
Content loss 1.000000 Identity loss 1.000000

Proc (144/1100): 23.019Hz Ls 5.907 SYT1 6.636% IDT1 28.333% 
Proc (324/1100): 22.034Hz Ls 5.907 SYT1 6.867% IDT1 30.000% 
Proc (504/1100): 22.214Hz Ls 5.907 SYT1 6.687% IDT1 29.259% 
Proc (684/1100): 22.172Hz Ls 5.902 SYT1 6.705% IDT1 27.778% 
Proc (864/1100): 24.011Hz Ls 5.907 SYT1 6.710% IDT1 27.000% 
Proc (1044/1100): 22.601Hz Ls 5.900 SYT1 6.754% IDT1 26.574% 
Content loss 1.000000 Identity loss 1.000000

2021-05-04 16:47:39 data/exp02: IT 7, LR 0.000074, TACC 26.57, TLOSS 5.900375, VACC 11.11, VLOSS 6.186049

2021-05-04 16:47:39 Saving model 7

2021-05-04 16:47:39 8 Start Iteration
Content loss 1.000000 Identity loss 1.000000

Proc (144/1100): 21.682Hz Ls 5.852 SYT1 5.988% IDT1 29.444% 
Proc (324/1100): 23.072Hz Ls 5.816 SYT1 6.497% IDT1 30.833% 
Proc (504/1100): 23.347Hz Ls 5.839 SYT1 6.584% IDT1 29.259% 
Proc (684/1100): 22.471Hz Ls 5.847 SYT1 6.651% IDT1 28.472% 
Proc (864/1100): 23.128Hz Ls 5.850 SYT1 6.556% IDT1 28.333% 
Proc (1044/1100): 22.292Hz Ls 5.850 SYT1 6.559% IDT1 28.241% 
Content loss 1.000000 Identity loss 1.000000

2021-05-04 16:48:57 data/exp02: IT 8, LR 0.000070, TACC 28.24, TLOSS 5.849521, VACC 5.56, VLOSS 6.142103

2021-05-04 16:48:57 Saving model 8

2021-05-04 16:48:57 9 Start Iteration
Content loss 1.000000 Identity loss 1.000000

Proc (144/1100): 21.173Hz Ls 5.807 SYT1 7.037% IDT1 30.000% 
Proc (324/1100): 22.976Hz Ls 5.810 SYT1 7.006% IDT1 27.778% 
Proc (504/1100): 22.149Hz Ls 5.803 SYT1 7.047% IDT1 27.407% 
Proc (684/1100): 22.199Hz Ls 5.798 SYT1 6.968% IDT1 28.194% 
Proc (864/1100): 22.105Hz Ls 5.799 SYT1 6.938% IDT1 27.778% 
Proc (1044/1100): 22.487Hz Ls 5.794 SYT1 6.914% IDT1 28.333% 
Content loss 1.000000 Identity loss 1.000000

2021-05-04 16:50:17 data/exp02: IT 9, LR 0.000066, TACC 28.33, TLOSS 5.794126, VACC 5.56, VLOSS 6.115380

2021-05-04 16:50:17 Saving model 9

2021-05-04 16:50:17 10 Start Iteration
Content loss 1.000000 Identity loss 1.000000

Proc (144/1100): 23.269Hz Ls 5.731 SYT1 7.160% IDT1 31.111% 
Proc (324/1100): 22.589Hz Ls 5.719 SYT1 7.361% IDT1 32.500% 
Proc (504/1100): 22.273Hz Ls 5.715 SYT1 7.047% IDT1 30.556% 
Proc (684/1100): 21.792Hz Ls 5.727 SYT1 7.114% IDT1 29.306% 
Proc (864/1100): 21.950Hz Ls 5.728 SYT1 7.062% IDT1 29.444% 
Proc (1044/1100): 23.143Hz Ls 5.733 SYT1 7.047% IDT1 29.074% 
Content loss 1.000000 Identity loss 1.000000

2021-05-04 16:51:37 data/exp02: IT 10, LR 0.000063, TACC 29.07, TLOSS 5.733410, VACC 5.56, VLOSS 6.076661

2021-05-04 16:51:37 Saving model 10

2021-05-04 16:51:37 11 Start Iteration
Content loss 1.000000 Identity loss 1.000000

Proc (144/1100): 22.259Hz Ls 5.736 SYT1 7.840% IDT1 28.889% 
Proc (324/1100): 22.015Hz Ls 5.728 SYT1 7.330% IDT1 30.556% 
Proc (504/1100): 22.313Hz Ls 5.709 SYT1 7.150% IDT1 31.296% 
Proc (684/1100): 21.963Hz Ls 5.712 SYT1 7.052% IDT1 31.528% 
Proc (864/1100): 22.433Hz Ls 5.698 SYT1 7.123% IDT1 31.556% 
Proc (1044/1100): 22.130Hz Ls 5.691 SYT1 7.037% IDT1 32.037% 
Content loss 1.000000 Identity loss 1.000000

2021-05-04 16:52:56 data/exp02: IT 11, LR 0.000060, TACC 32.04, TLOSS 5.690646, VACC 8.33, VLOSS 6.054175

2021-05-04 16:52:56 Saving model 11

2021-05-04 16:52:56 12 Start Iteration
Content loss 1.000000 Identity loss 1.000000

Proc (144/1100): 21.916Hz Ls 5.668 SYT1 7.500% IDT1 27.222% 
Proc (324/1100): 22.569Hz Ls 5.645 SYT1 7.114% IDT1 31.944% 
Proc (504/1100): 22.606Hz Ls 5.647 SYT1 7.109% IDT1 32.593% 
Proc (684/1100): 22.045Hz Ls 5.634 SYT1 7.253% IDT1 33.472% 
Proc (864/1100): 22.119Hz Ls 5.637 SYT1 7.241% IDT1 33.556% 
Proc (1044/1100): 22.439Hz Ls 5.635 SYT1 7.160% IDT1 34.537% 
Content loss 1.000000 Identity loss 1.000000

2021-05-04 16:54:16 data/exp02: IT 12, LR 0.000057, TACC 34.54, TLOSS 5.635430, VACC 8.33, VLOSS 6.043277

2021-05-04 16:54:16 Saving model 12

2021-05-04 16:54:16 13 Start Iteration
Content loss 1.000000 Identity loss 1.000000

Proc (144/1100): 22.332Hz Ls 5.604 SYT1 7.469% IDT1 35.556% 
Proc (324/1100): 22.768Hz Ls 5.601 SYT1 7.546% IDT1 35.556% 
Proc (504/1100): 22.578Hz Ls 5.592 SYT1 7.459% IDT1 35.556% 
Proc (684/1100): 22.020Hz Ls 5.594 SYT1 7.392% IDT1 35.139% 
Proc (864/1100): 22.060Hz Ls 5.582 SYT1 7.352% IDT1 35.667% 
Proc (1044/1100): 22.217Hz Ls 5.583 SYT1 7.299% IDT1 35.278% 
Content loss 1.000000 Identity loss 1.000000

2021-05-04 16:55:35 data/exp02: IT 13, LR 0.000054, TACC 35.28, TLOSS 5.582553, VACC 5.56, VLOSS 6.013233

2021-05-04 16:55:35 Saving model 13

2021-05-04 16:55:35 14 Start Iteration
Content loss 1.000000 Identity loss 1.000000

Proc (144/1100): 22.131Hz Ls 5.564 SYT1 6.543% IDT1 37.778% 
Proc (324/1100): 23.110Hz Ls 5.566 SYT1 6.806% IDT1 35.833% 
Proc (504/1100): 22.130Hz Ls 5.557 SYT1 6.986% IDT1 36.852% 
Proc (684/1100): 22.722Hz Ls 5.558 SYT1 7.168% IDT1 35.833% 
Proc (864/1100): 21.668Hz Ls 5.554 SYT1 7.247% IDT1 35.111% 
Proc (1044/1100): 23.299Hz Ls 5.561 SYT1 7.299% IDT1 34.352% 
Content loss 1.000000 Identity loss 1.000000

2021-05-04 16:56:54 data/exp02: IT 14, LR 0.000051, TACC 34.35, TLOSS 5.561056, VACC 5.56, VLOSS 6.006086

2021-05-04 16:56:54 Saving model 14

2021-05-04 16:56:54 15 Start Iteration
Content loss 1.000000 Identity loss 1.000000

Proc (144/1100): 22.011Hz Ls 5.559 SYT1 6.667% IDT1 31.111% 
Proc (324/1100): 22.187Hz Ls 5.530 SYT1 7.037% IDT1 35.833% 
Proc (504/1100): 22.042Hz Ls 5.531 SYT1 7.315% IDT1 34.074% 
Proc (684/1100): 22.002Hz Ls 5.514 SYT1 7.454% IDT1 34.306% 
Proc (864/1100): 23.251Hz Ls 5.508 SYT1 7.444% IDT1 34.778% 
Proc (1044/1100): 22.248Hz Ls 5.504 SYT1 7.459% IDT1 34.815% 
Content loss 1.000000 Identity loss 1.000000

2021-05-04 16:58:13 data/exp02: IT 15, LR 0.000049, TACC 34.81, TLOSS 5.504002, VACC 5.56, VLOSS 5.976680

2021-05-04 16:58:13 Saving model 15

2021-05-04 16:58:14 16 Start Iteration
Content loss 1.000000 Identity loss 1.000000

Proc (144/1100): 23.672Hz Ls 5.500 SYT1 6.975% IDT1 42.222% 
Proc (324/1100): 22.869Hz Ls 5.489 SYT1 7.037% IDT1 39.444% 
Proc (504/1100): 22.158Hz Ls 5.489 SYT1 7.058% IDT1 38.333% 
Proc (684/1100): 17.340Hz Ls 5.495 SYT1 7.222% IDT1 38.333% 
Proc (864/1100): 21.988Hz Ls 5.488 SYT1 7.407% IDT1 37.444% 
Proc (1044/1100): 21.976Hz Ls 5.480 SYT1 7.346% IDT1 37.500% 
Content loss 1.000000 Identity loss 1.000000

2021-05-04 16:59:35 data/exp02: IT 16, LR 0.000046, TACC 37.50, TLOSS 5.479971, VACC 5.56, VLOSS 5.975509

2021-05-04 16:59:35 Saving model 16

2021-05-04 16:59:36 17 Start Iteration
Content loss 1.000000 Identity loss 1.000000

Proc (144/1100): 21.964Hz Ls 5.446 SYT1 7.562% IDT1 37.778% 
Proc (324/1100): 22.446Hz Ls 5.440 SYT1 7.577% IDT1 41.667% 
Proc (504/1100): 23.036Hz Ls 5.450 SYT1 7.572% IDT1 40.370% 
Proc (684/1100): 21.972Hz Ls 5.446 SYT1 7.485% IDT1 39.722% 
Proc (864/1100): 22.123Hz Ls 5.455 SYT1 7.549% IDT1 39.000% 
Proc (1044/1100): 22.190Hz Ls 5.449 SYT1 7.551% IDT1 38.704% 
Content loss 1.000000 Identity loss 1.000000

2021-05-04 17:00:55 data/exp02: IT 17, LR 0.000044, TACC 38.70, TLOSS 5.449174, VACC 5.56, VLOSS 5.957146

2021-05-04 17:00:55 Saving model 17

2021-05-04 17:00:55 18 Start Iteration
Content loss 1.000000 Identity loss 1.000000

Proc (144/1100): 23.040Hz Ls 5.394 SYT1 7.932% IDT1 41.667% 
Proc (324/1100): 22.185Hz Ls 5.413 SYT1 7.978% IDT1 39.167% 
Proc (504/1100): 22.017Hz Ls 5.397 SYT1 7.798% IDT1 39.444% 
Proc (684/1100): 22.353Hz Ls 5.400 SYT1 7.770% IDT1 39.722% 
Proc (864/1100): 22.010Hz Ls 5.405 SYT1 7.728% IDT1 39.778% 
Proc (1044/1100): 22.461Hz Ls 5.412 SYT1 7.716% IDT1 38.611% 
Content loss 1.000000 Identity loss 1.000000

2021-05-04 17:02:14 data/exp02: IT 18, LR 0.000042, TACC 38.61, TLOSS 5.412242, VACC 5.56, VLOSS 5.967489

2021-05-04 17:02:14 Saving model 18

2021-05-04 17:02:14 19 Start Iteration
Content loss 1.000000 Identity loss 1.000000

Proc (144/1100): 22.226Hz Ls 5.362 SYT1 7.253% IDT1 36.667% 
Proc (324/1100): 22.259Hz Ls 5.411 SYT1 7.454% IDT1 36.944% 
Proc (504/1100): 21.868Hz Ls 5.406 SYT1 7.572% IDT1 37.778% 
Proc (684/1100): 23.258Hz Ls 5.402 SYT1 7.600% IDT1 38.333% 
Proc (864/1100): 23.617Hz Ls 5.397 SYT1 7.673% IDT1 39.111% 
Proc (1044/1100): 22.025Hz Ls 5.390 SYT1 7.757% IDT1 39.074% 
Content loss 1.000000 Identity loss 1.000000

2021-05-04 17:03:35 data/exp02: IT 19, LR 0.000040, TACC 39.07, TLOSS 5.390020, VACC 5.56, VLOSS 5.947489

2021-05-04 17:03:35 Saving model 19

2021-05-04 17:03:35 20 Start Iteration
Content loss 1.000000 Identity loss 1.000000

Proc (144/1100): 22.172Hz Ls 5.334 SYT1 7.469% IDT1 45.556% 
Proc (324/1100): 23.172Hz Ls 5.333 SYT1 8.148% IDT1 42.500% 
Proc (504/1100): 22.361Hz Ls 5.355 SYT1 7.788% IDT1 41.667% 
Proc (684/1100): 22.671Hz Ls 5.347 SYT1 7.701% IDT1 40.278% 
Proc (864/1100): 22.236Hz Ls 5.346 SYT1 7.901% IDT1 39.778% 
Proc (1044/1100): 24.688Hz Ls 5.349 SYT1 7.870% IDT1 39.537% 
Content loss 1.000000 Identity loss 1.000000

2021-05-04 17:04:54 data/exp02: IT 20, LR 0.000038, TACC 39.54, TLOSS 5.348509, VACC 5.56, VLOSS 5.922728

2021-05-04 17:04:54 Saving model 20

2021-05-04 17:04:55 21 Start Iteration
Content loss 1.000000 Identity loss 1.000000

Proc (144/1100): 24.649Hz Ls 5.309 SYT1 8.086% IDT1 46.667% 
Proc (324/1100): 22.798Hz Ls 5.311 SYT1 8.040% IDT1 45.000% 
Proc (504/1100): 22.392Hz Ls 5.316 SYT1 8.035% IDT1 45.185% 
Proc (684/1100): 22.281Hz Ls 5.329 SYT1 7.971% IDT1 45.278% 
Proc (864/1100): 22.652Hz Ls 5.325 SYT1 8.037% IDT1 44.222% 
Proc (1044/1100): 22.285Hz Ls 5.315 SYT1 7.968% IDT1 44.537% 
Content loss 1.000000 Identity loss 1.000000

2021-05-04 17:06:15 data/exp02: IT 21, LR 0.000036, TACC 44.54, TLOSS 5.314673, VACC 8.33, VLOSS 5.927755

2021-05-04 17:06:15 Saving model 21

2021-05-04 17:06:15 22 Start Iteration
Content loss 1.000000 Identity loss 1.000000

Proc (144/1100): 22.774Hz Ls 5.328 SYT1 7.994% IDT1 43.333% 
Proc (324/1100): 22.045Hz Ls 5.308 SYT1 8.349% IDT1 45.000% 
Proc (504/1100): 22.271Hz Ls 5.329 SYT1 8.241% IDT1 44.630% 
Proc (684/1100): 23.746Hz Ls 5.321 SYT1 7.955% IDT1 45.278% 
Proc (864/1100): 20.910Hz Ls 5.319 SYT1 7.969% IDT1 44.000% 
Proc (1044/1100): 22.323Hz Ls 5.312 SYT1 7.896% IDT1 42.593% 
Content loss 1.000000 Identity loss 1.000000

2021-05-04 17:07:35 data/exp02: IT 22, LR 0.000034, TACC 42.59, TLOSS 5.311837, VACC 5.56, VLOSS 5.918773

2021-05-04 17:07:35 Saving model 22

2021-05-04 17:07:35 23 Start Iteration
Content loss 1.000000 Identity loss 1.000000

Proc (144/1100): 22.150Hz Ls 5.295 SYT1 8.148% IDT1 46.667% 
Proc (324/1100): 21.676Hz Ls 5.295 SYT1 7.809% IDT1 44.167% 
Proc (504/1100): 22.431Hz Ls 5.289 SYT1 8.128% IDT1 42.778% 
Proc (684/1100): 23.131Hz Ls 5.277 SYT1 8.017% IDT1 43.056% 
Proc (864/1100): 22.384Hz Ls 5.276 SYT1 8.093% IDT1 43.778% 
Proc (1044/1100): 22.443Hz Ls 5.273 SYT1 8.128% IDT1 43.796% 
Content loss 1.000000 Identity loss 1.000000

2021-05-04 17:08:55 data/exp02: IT 23, LR 0.000032, TACC 43.80, TLOSS 5.273473, VACC 5.56, VLOSS 5.902992

2021-05-04 17:08:55 Saving model 23

2021-05-04 17:08:55 24 Start Iteration
Content loss 1.000000 Identity loss 1.000000

Proc (144/1100): 22.088Hz Ls 5.203 SYT1 8.333% IDT1 52.222% 
Proc (324/1100): 22.457Hz Ls 5.231 SYT1 8.549% IDT1 48.056% 
Proc (504/1100): 22.174Hz Ls 5.238 SYT1 8.436% IDT1 46.481% 
Proc (684/1100): 21.804Hz Ls 5.254 SYT1 8.295% IDT1 45.972% 
Proc (864/1100): 22.188Hz Ls 5.260 SYT1 8.204% IDT1 46.333% 
Proc (1044/1100): 22.072Hz Ls 5.258 SYT1 8.153% IDT1 46.204% 
Content loss 1.000000 Identity loss 1.000000

2021-05-04 17:10:15 data/exp02: IT 24, LR 0.000031, TACC 46.20, TLOSS 5.257881, VACC 5.56, VLOSS 5.889037

2021-05-04 17:10:15 Saving model 24

2021-05-04 17:10:15 25 Start Iteration
Content loss 1.000000 Identity loss 1.000000

Proc (144/1100): 21.883Hz Ls 5.173 SYT1 7.963% IDT1 47.222% 
Proc (324/1100): 22.297Hz Ls 5.221 SYT1 7.994% IDT1 46.389% 
Proc (504/1100): 21.197Hz Ls 5.223 SYT1 8.097% IDT1 46.111% 
Proc (684/1100): 22.591Hz Ls 5.233 SYT1 8.241% IDT1 45.000% 
Proc (864/1100): 21.907Hz Ls 5.234 SYT1 8.148% IDT1 45.556% 
Proc (1044/1100): 22.502Hz Ls 5.237 SYT1 8.169% IDT1 44.259% 
Content loss 1.000000 Identity loss 1.000000

2021-05-04 17:11:35 data/exp02: IT 25, LR 0.000029, TACC 44.26, TLOSS 5.236610, VACC 5.56, VLOSS 5.894507

2021-05-04 17:11:35 Saving model 25

2021-05-04 17:11:36 26 Start Iteration
Content loss 1.000000 Identity loss 1.000000

Proc (144/1100): 22.238Hz Ls 5.157 SYT1 8.426% IDT1 53.889% 
Proc (324/1100): 22.138Hz Ls 5.195 SYT1 8.426% IDT1 48.056% 
Proc (504/1100): 22.177Hz Ls 5.201 SYT1 8.405% IDT1 47.593% 
Proc (684/1100): 22.153Hz Ls 5.206 SYT1 8.248% IDT1 47.917% 
Proc (864/1100): 22.235Hz Ls 5.211 SYT1 8.228% IDT1 46.889% 
Proc (1044/1100): 22.461Hz Ls 5.214 SYT1 8.164% IDT1 46.944% 
Content loss 1.000000 Identity loss 1.000000

2021-05-04 17:12:56 data/exp02: IT 26, LR 0.000028, TACC 46.94, TLOSS 5.214013, VACC 5.56, VLOSS 5.868243

2021-05-04 17:12:56 Saving model 26

2021-05-04 17:12:56 27 Start Iteration
Content loss 1.000000 Identity loss 1.000000

Proc (144/1100): 22.327Hz Ls 5.223 SYT1 8.086% IDT1 48.333% 
Proc (324/1100): 22.337Hz Ls 5.221 SYT1 8.194% IDT1 47.222% 
Proc (504/1100): 22.254Hz Ls 5.215 SYT1 8.107% IDT1 45.926% 
Proc (684/1100): 22.052Hz Ls 5.202 SYT1 8.002% IDT1 48.056% 
Proc (864/1100): 22.699Hz Ls 5.199 SYT1 8.130% IDT1 49.000% 
Proc (1044/1100): 21.987Hz Ls 5.201 SYT1 8.040% IDT1 48.796% 
Content loss 1.000000 Identity loss 1.000000

2021-05-04 17:14:15 data/exp02: IT 27, LR 0.000026, TACC 48.80, TLOSS 5.200934, VACC 5.56, VLOSS 5.886275

2021-05-04 17:14:15 Saving model 27

2021-05-04 17:14:15 28 Start Iteration
Content loss 1.000000 Identity loss 1.000000

Proc (144/1100): 23.360Hz Ls 5.235 SYT1 7.747% IDT1 54.444% 
Proc (324/1100): 23.101Hz Ls 5.198 SYT1 7.793% IDT1 51.389% 
Proc (504/1100): 22.433Hz Ls 5.198 SYT1 7.953% IDT1 50.926% 
Proc (684/1100): 22.033Hz Ls 5.182 SYT1 8.009% IDT1 50.833% 
Proc (864/1100): 23.345Hz Ls 5.181 SYT1 8.123% IDT1 50.444% 
Proc (1044/1100): 22.533Hz Ls 5.187 SYT1 8.076% IDT1 49.167% 
Content loss 1.000000 Identity loss 1.000000

2021-05-04 17:15:33 data/exp02: IT 28, LR 0.000025, TACC 49.17, TLOSS 5.187495, VACC 5.56, VLOSS 5.894165

2021-05-04 17:15:33 Saving model 28

2021-05-04 17:15:33 29 Start Iteration
Content loss 1.000000 Identity loss 1.000000

Proc (144/1100): 22.177Hz Ls 5.152 SYT1 8.395% IDT1 51.111% 
Proc (324/1100): 21.713Hz Ls 5.166 SYT1 8.812% IDT1 51.111% 
Proc (504/1100): 22.085Hz Ls 5.145 SYT1 8.519% IDT1 51.667% 
Proc (684/1100): 22.124Hz Ls 5.159 SYT1 8.403% IDT1 50.556% 
Proc (864/1100): 22.138Hz Ls 5.162 SYT1 8.414% IDT1 49.889% 
Proc (1044/1100): 22.347Hz Ls 5.160 SYT1 8.462% IDT1 49.815% 
Content loss 1.000000 Identity loss 1.000000

2021-05-04 17:16:53 data/exp02: IT 29, LR 0.000024, TACC 49.81, TLOSS 5.159947, VACC 5.56, VLOSS 5.861160

2021-05-04 17:16:53 Saving model 29

2021-05-04 17:16:53 30 Start Iteration
Content loss 1.000000 Identity loss 1.000000

Proc (144/1100): 22.368Hz Ls 5.110 SYT1 8.642% IDT1 52.778% 
Proc (324/1100): 21.927Hz Ls 5.089 SYT1 8.596% IDT1 53.611% 
Proc (504/1100): 22.167Hz Ls 5.117 SYT1 8.477% IDT1 53.148% 
Proc (684/1100): 22.180Hz Ls 5.122 SYT1 8.380% IDT1 53.056% 
Proc (864/1100): 23.418Hz Ls 5.129 SYT1 8.401% IDT1 51.778% 
Proc (1044/1100): 22.332Hz Ls 5.137 SYT1 8.333% IDT1 51.296% 
Content loss 1.000000 Identity loss 1.000000

2021-05-04 17:18:12 data/exp02: IT 30, LR 0.000023, TACC 51.30, TLOSS 5.137391, VACC 8.33, VLOSS 5.854819

2021-05-04 17:18:12 Saving model 30

2021-05-04 17:18:12 31 Start Iteration
Content loss 1.000000 Identity loss 1.000000

Proc (144/1100): 23.215Hz Ls 5.076 SYT1 8.642% IDT1 57.778% 
Proc (324/1100): 23.025Hz Ls 5.108 SYT1 8.349% IDT1 55.278% 
Proc (504/1100): 21.116Hz Ls 5.115 SYT1 8.333% IDT1 53.704% 
Proc (684/1100): 22.126Hz Ls 5.118 SYT1 8.225% IDT1 52.917% 
Proc (864/1100): 23.166Hz Ls 5.125 SYT1 8.216% IDT1 51.667% 
Proc (1044/1100): 22.156Hz Ls 5.130 SYT1 8.308% IDT1 51.481% 
Content loss 1.000000 Identity loss 1.000000

2021-05-04 17:19:31 data/exp02: IT 31, LR 0.000021, TACC 51.48, TLOSS 5.129561, VACC 5.56, VLOSS 5.870332

2021-05-04 17:19:31 Saving model 31

2021-05-04 17:19:31 32 Start Iteration
Content loss 1.000000 Identity loss 1.000000

Proc (144/1100): 21.844Hz Ls 5.125 SYT1 9.259% IDT1 46.111% 
Proc (324/1100): 22.046Hz Ls 5.123 SYT1 8.735% IDT1 49.167% 
Proc (504/1100): 21.635Hz Ls 5.142 SYT1 8.477% IDT1 48.704% 
Proc (684/1100): 19.997Hz Ls 5.147 SYT1 8.557% IDT1 50.556% 
Proc (864/1100): 22.399Hz Ls 5.133 SYT1 8.599% IDT1 51.222% 
Proc (1044/1100): 18.511Hz Ls 5.125 SYT1 8.575% IDT1 51.481% 
Content loss 1.000000 Identity loss 1.000000

2021-05-04 17:20:52 data/exp02: IT 32, LR 0.000020, TACC 51.48, TLOSS 5.124825, VACC 5.56, VLOSS 5.867101

2021-05-04 17:20:52 Saving model 32

2021-05-04 17:20:52 33 Start Iteration
Content loss 1.000000 Identity loss 1.000000

Proc (144/1100): 22.929Hz Ls 5.125 SYT1 8.457% IDT1 52.222% 
Proc (324/1100): 23.043Hz Ls 5.112 SYT1 8.410% IDT1 51.389% 
Proc (504/1100): 22.492Hz Ls 5.114 SYT1 8.652% IDT1 54.630% 
Proc (684/1100): 21.536Hz Ls 5.095 SYT1 8.480% IDT1 54.722% 
Proc (864/1100): 18.923Hz Ls 5.099 SYT1 8.611% IDT1 55.111% 
Proc (1044/1100): 21.807Hz Ls 5.101 SYT1 8.668% IDT1 54.444% 
Content loss 1.000000 Identity loss 1.000000

2021-05-04 17:22:12 data/exp02: IT 33, LR 0.000019, TACC 54.44, TLOSS 5.100507, VACC 5.56, VLOSS 5.852981

2021-05-04 17:22:12 Saving model 33

2021-05-04 17:22:12 34 Start Iteration
Content loss 1.000000 Identity loss 1.000000

Proc (144/1100): 22.579Hz Ls 5.131 SYT1 7.901% IDT1 48.333% 
Proc (324/1100): 23.101Hz Ls 5.138 SYT1 8.534% IDT1 48.889% 
Proc (504/1100): 22.179Hz Ls 5.094 SYT1 8.704% IDT1 52.407% 
Proc (684/1100): 22.122Hz Ls 5.087 SYT1 8.665% IDT1 54.444% 
Proc (864/1100): 21.785Hz Ls 5.090 SYT1 8.704% IDT1 53.222% 
Proc (1044/1100): 22.435Hz Ls 5.086 SYT1 8.704% IDT1 54.444% 
Content loss 1.000000 Identity loss 1.000000

2021-05-04 17:23:32 data/exp02: IT 34, LR 0.000018, TACC 54.44, TLOSS 5.086256, VACC 5.56, VLOSS 5.876960

2021-05-04 17:23:32 Saving model 34

2021-05-04 17:23:32 35 Start Iteration
Content loss 1.000000 Identity loss 1.000000

Proc (144/1100): 22.551Hz Ls 5.108 SYT1 8.642% IDT1 55.556% 
Proc (324/1100): 24.763Hz Ls 5.080 SYT1 8.472% IDT1 53.333% 
Proc (504/1100): 22.677Hz Ls 5.089 SYT1 8.580% IDT1 54.630% 
Proc (684/1100): 21.673Hz Ls 5.081 SYT1 8.665% IDT1 54.861% 
Proc (864/1100): 23.028Hz Ls 5.088 SYT1 8.679% IDT1 54.333% 
Proc (1044/1100): 22.236Hz Ls 5.087 SYT1 8.704% IDT1 54.074% 
Content loss 1.000000 Identity loss 1.000000

2021-05-04 17:24:51 data/exp02: IT 35, LR 0.000017, TACC 54.07, TLOSS 5.086992, VACC 5.56, VLOSS 5.841283

2021-05-04 17:24:51 Saving model 35

2021-05-04 17:24:51 36 Start Iteration
Content loss 1.000000 Identity loss 1.000000

Proc (144/1100): 23.260Hz Ls 5.074 SYT1 9.012% IDT1 52.778% 
Proc (324/1100): 21.942Hz Ls 5.110 SYT1 8.611% IDT1 53.056% 
Proc (504/1100): 22.033Hz Ls 5.096 SYT1 8.539% IDT1 53.519% 
Proc (684/1100): 22.289Hz Ls 5.079 SYT1 8.588% IDT1 54.861% 
Proc (864/1100): 21.159Hz Ls 5.083 SYT1 8.667% IDT1 54.333% 
Proc (1044/1100): 23.171Hz Ls 5.072 SYT1 8.678% IDT1 54.630% 
Content loss 1.000000 Identity loss 1.000000

2021-05-04 17:26:10 data/exp02: IT 36, LR 0.000017, TACC 54.63, TLOSS 5.071693, VACC 5.56, VLOSS 5.841228

2021-05-04 17:26:10 Saving model 36

2021-05-04 17:26:10 37 Start Iteration
Content loss 1.000000 Identity loss 1.000000

Proc (144/1100): 23.602Hz Ls 5.037 SYT1 8.395% IDT1 58.889% 
Proc (324/1100): 21.711Hz Ls 5.037 SYT1 8.549% IDT1 59.444% 
Proc (504/1100): 22.583Hz Ls 5.042 SYT1 8.796% IDT1 55.926% 
Proc (684/1100): 22.103Hz Ls 5.035 SYT1 8.781% IDT1 58.194% 
Proc (864/1100): 22.388Hz Ls 5.038 SYT1 8.778% IDT1 57.111% 
Proc (1044/1100): 22.050Hz Ls 5.042 SYT1 8.843% IDT1 56.852% 
Content loss 1.000000 Identity loss 1.000000

2021-05-04 17:27:29 data/exp02: IT 37, LR 0.000016, TACC 56.85, TLOSS 5.042428, VACC 5.56, VLOSS 5.852405

2021-05-04 17:27:29 Saving model 37

2021-05-04 17:27:29 38 Start Iteration
Content loss 1.000000 Identity loss 1.000000

Proc (144/1100): 23.085Hz Ls 5.062 SYT1 9.136% IDT1 55.000% 
Proc (324/1100): 22.868Hz Ls 5.045 SYT1 8.873% IDT1 57.778% 
Proc (504/1100): 24.088Hz Ls 5.055 SYT1 8.848% IDT1 54.815% 
Proc (684/1100): 20.679Hz Ls 5.065 SYT1 8.920% IDT1 54.306% 
Proc (864/1100): 24.429Hz Ls 5.057 SYT1 8.944% IDT1 55.667% 
Proc (1044/1100): 22.140Hz Ls 5.057 SYT1 8.889% IDT1 55.741% 
Content loss 1.000000 Identity loss 1.000000

2021-05-04 17:28:48 data/exp02: IT 38, LR 0.000015, TACC 55.74, TLOSS 5.057059, VACC 8.33, VLOSS 5.835734

2021-05-04 17:28:48 Saving model 38

2021-05-04 17:28:48 39 Start Iteration
Content loss 1.000000 Identity loss 1.000000

Proc (144/1100): 23.157Hz Ls 5.066 SYT1 9.259% IDT1 56.667% 
Proc (324/1100): 23.361Hz Ls 5.077 SYT1 8.997% IDT1 55.833% 
Proc (504/1100): 22.215Hz Ls 5.071 SYT1 8.899% IDT1 53.889% 
Proc (684/1100): 22.436Hz Ls 5.074 SYT1 8.927% IDT1 53.611% 
Proc (864/1100): 24.111Hz Ls 5.059 SYT1 8.833% IDT1 54.778% 
Proc (1044/1100): 22.216Hz Ls 5.055 SYT1 8.786% IDT1 54.907% 
Content loss 1.000000 Identity loss 1.000000

2021-05-04 17:30:07 data/exp02: IT 39, LR 0.000014, TACC 54.91, TLOSS 5.054612, VACC 5.56, VLOSS 5.834561

2021-05-04 17:30:07 Saving model 39

2021-05-04 17:30:08 40 Start Iteration
Content loss 1.000000 Identity loss 1.000000

Proc (144/1100): 22.374Hz Ls 5.024 SYT1 9.352% IDT1 51.667% 
Proc (324/1100): 22.904Hz Ls 5.026 SYT1 9.259% IDT1 53.333% 
Proc (504/1100): 22.598Hz Ls 5.022 SYT1 9.023% IDT1 53.519% 
Proc (684/1100): 21.703Hz Ls 5.015 SYT1 8.974% IDT1 54.444% 
Proc (864/1100): 22.393Hz Ls 5.028 SYT1 8.821% IDT1 55.222% 
Proc (1044/1100): 22.008Hz Ls 5.022 SYT1 8.822% IDT1 56.296% 
Content loss 1.000000 Identity loss 1.000000

2021-05-04 17:31:26 data/exp02: IT 40, LR 0.000014, TACC 56.30, TLOSS 5.022452, VACC 5.56, VLOSS 5.853373

2021-05-04 17:31:26 Saving model 40

2021-05-04 17:31:27 41 Start Iteration
Content loss 1.000000 Identity loss 1.000000

Proc (144/1100): 23.393Hz Ls 5.031 SYT1 8.364% IDT1 53.333% 
Proc (324/1100): 23.001Hz Ls 5.030 SYT1 8.549% IDT1 57.778% 
Proc (504/1100): 22.549Hz Ls 5.023 SYT1 8.519% IDT1 58.704% 
Proc (684/1100): 21.845Hz Ls 5.026 SYT1 8.603% IDT1 57.500% 
Proc (864/1100): 22.240Hz Ls 5.027 SYT1 8.673% IDT1 57.000% 
Proc (1044/1100): 21.929Hz Ls 5.028 SYT1 8.688% IDT1 57.593% 
Content loss 1.000000 Identity loss 1.000000

2021-05-04 17:32:45 data/exp02: IT 41, LR 0.000013, TACC 57.59, TLOSS 5.027682, VACC 5.56, VLOSS 5.854956

2021-05-04 17:32:45 Saving model 41

2021-05-04 17:32:46 42 Start Iteration
Content loss 1.000000 Identity loss 1.000000

Proc (144/1100): 22.294Hz Ls 4.974 SYT1 8.488% IDT1 63.889% 
Proc (324/1100): 15.069Hz Ls 4.985 SYT1 8.858% IDT1 62.222% 
Proc (504/1100): 22.435Hz Ls 4.988 SYT1 8.848% IDT1 60.370% 
Proc (684/1100): 23.107Hz Ls 4.991 SYT1 8.735% IDT1 61.250% 
Proc (864/1100): 21.962Hz Ls 4.996 SYT1 8.790% IDT1 61.000% 
Proc (1044/1100): 22.226Hz Ls 5.003 SYT1 8.837% IDT1 60.741% 
Content loss 1.000000 Identity loss 1.000000

2021-05-04 17:34:07 data/exp02: IT 42, LR 0.000012, TACC 60.74, TLOSS 5.003031, VACC 5.56, VLOSS 5.830262

2021-05-04 17:34:07 Saving model 42

2021-05-04 17:34:07 43 Start Iteration
Content loss 1.000000 Identity loss 1.000000

Proc (144/1100): 22.199Hz Ls 5.033 SYT1 9.259% IDT1 56.667% 
Proc (324/1100): 22.114Hz Ls 5.011 SYT1 8.935% IDT1 59.722% 
Proc (504/1100): 22.411Hz Ls 5.010 SYT1 8.909% IDT1 58.704% 
Proc (684/1100): 22.112Hz Ls 5.002 SYT1 8.951% IDT1 59.722% 
Proc (864/1100): 22.690Hz Ls 5.004 SYT1 8.981% IDT1 59.444% 
Proc (1044/1100): 21.846Hz Ls 5.008 SYT1 8.853% IDT1 59.537% 
Content loss 1.000000 Identity loss 1.000000

2021-05-04 17:35:26 data/exp02: IT 43, LR 0.000012, TACC 59.54, TLOSS 5.007995, VACC 5.56, VLOSS 5.855032

2021-05-04 17:35:26 Saving model 43

2021-05-04 17:35:26 44 Start Iteration
Content loss 1.000000 Identity loss 1.000000

Proc (144/1100): 22.019Hz Ls 5.006 SYT1 9.938% IDT1 63.333% 
Proc (324/1100): 22.919Hz Ls 4.961 SYT1 9.583% IDT1 63.333% 
Proc (504/1100): 23.287Hz Ls 4.973 SYT1 9.393% IDT1 61.111% 
Proc (684/1100): 23.011Hz Ls 4.971 SYT1 9.275% IDT1 60.694% 
Proc (864/1100): 22.538Hz Ls 4.983 SYT1 9.185% IDT1 60.111% 
Proc (1044/1100): 22.115Hz Ls 4.992 SYT1 9.110% IDT1 59.259% 
Content loss 1.000000 Identity loss 1.000000

2021-05-04 17:36:45 data/exp02: IT 44, LR 0.000011, TACC 59.26, TLOSS 4.991942, VACC 5.56, VLOSS 5.832264

2021-05-04 17:36:45 Saving model 44

2021-05-04 17:36:45 45 Start Iteration
Content loss 1.000000 Identity loss 1.000000

Proc (144/1100): 18.900Hz Ls 4.978 SYT1 8.611% IDT1 60.556% 
Proc (324/1100): 18.523Hz Ls 4.995 SYT1 8.519% IDT1 61.944% 
Proc (504/1100): 22.122Hz Ls 4.983 SYT1 8.621% IDT1 62.963% 
Proc (684/1100): 23.518Hz Ls 4.994 SYT1 8.796% IDT1 62.083% 
Proc (864/1100): 21.841Hz Ls 4.995 SYT1 8.821% IDT1 60.556% 
Proc (1044/1100): 22.037Hz Ls 5.001 SYT1 8.750% IDT1 58.981% 
Content loss 1.000000 Identity loss 1.000000

2021-05-04 17:38:05 data/exp02: IT 45, LR 0.000010, TACC 58.98, TLOSS 5.001360, VACC 5.56, VLOSS 5.844011

2021-05-04 17:38:05 Saving model 45

2021-05-04 17:38:05 46 Start Iteration
Content loss 1.000000 Identity loss 1.000000

Proc (144/1100): 22.550Hz Ls 4.943 SYT1 9.660% IDT1 60.556% 
Proc (324/1100): 22.355Hz Ls 4.970 SYT1 9.228% IDT1 57.222% 
Proc (504/1100): 22.259Hz Ls 4.956 SYT1 9.156% IDT1 61.111% 
Proc (684/1100): 21.757Hz Ls 4.986 SYT1 9.035% IDT1 59.167% 
Proc (864/1100): 22.425Hz Ls 4.988 SYT1 8.969% IDT1 58.556% 
Proc (1044/1100): 22.822Hz Ls 4.989 SYT1 8.997% IDT1 58.148% 
Content loss 1.000000 Identity loss 1.000000

2021-05-04 17:39:24 data/exp02: IT 46, LR 0.000010, TACC 58.15, TLOSS 4.988780, VACC 5.56, VLOSS 5.845539

2021-05-04 17:39:24 Saving model 46

2021-05-04 17:39:24 47 Start Iteration
Content loss 1.000000 Identity loss 1.000000

Proc (144/1100): 23.419Hz Ls 4.988 SYT1 9.259% IDT1 57.778% 
Proc (324/1100): 22.088Hz Ls 5.015 SYT1 9.383% IDT1 55.000% 
Proc (504/1100): 22.377Hz Ls 5.001 SYT1 9.187% IDT1 56.481% 
Proc (684/1100): 21.944Hz Ls 4.998 SYT1 9.144% IDT1 55.972% 
Proc (864/1100): 22.074Hz Ls 4.997 SYT1 9.148% IDT1 57.000% 
Proc (1044/1100): 23.093Hz Ls 4.989 SYT1 9.105% IDT1 58.611% 
Content loss 1.000000 Identity loss 1.000000

2021-05-04 17:40:45 data/exp02: IT 47, LR 0.000009, TACC 58.61, TLOSS 4.988773, VACC 5.56, VLOSS 5.839812

2021-05-04 17:40:45 Saving model 47

2021-05-04 17:40:45 48 Start Iteration
Content loss 1.000000 Identity loss 1.000000

Proc (144/1100): 22.102Hz Ls 4.956 SYT1 8.981% IDT1 56.111% 
Proc (324/1100): 21.762Hz Ls 4.963 SYT1 8.426% IDT1 59.444% 
Proc (504/1100): 22.190Hz Ls 4.976 SYT1 9.033% IDT1 60.926% 
Proc (684/1100): 22.224Hz Ls 4.968 SYT1 9.074% IDT1 61.250% 
Proc (864/1100): 22.245Hz Ls 4.977 SYT1 9.105% IDT1 59.444% 
Proc (1044/1100): 22.093Hz Ls 4.984 SYT1 9.053% IDT1 57.963% 
Content loss 1.000000 Identity loss 1.000000

2021-05-04 17:42:05 data/exp02: IT 48, LR 0.000009, TACC 57.96, TLOSS 4.984232, VACC 5.56, VLOSS 5.831335

2021-05-04 17:42:05 Saving model 48

2021-05-04 17:42:05 49 Start Iteration
Content loss 1.000000 Identity loss 1.000000

Proc (144/1100): 23.525Hz Ls 4.975 SYT1 8.704% IDT1 61.111% 
Proc (324/1100): 21.933Hz Ls 4.961 SYT1 8.688% IDT1 61.389% 
Proc (504/1100): 22.752Hz Ls 4.950 SYT1 8.580% IDT1 61.481% 
Proc (684/1100): 21.853Hz Ls 4.957 SYT1 8.688% IDT1 60.417% 
Proc (864/1100): 22.689Hz Ls 4.960 SYT1 8.802% IDT1 60.222% 
Proc (1044/1100): 22.155Hz Ls 4.969 SYT1 8.729% IDT1 59.537% 
Content loss 1.000000 Identity loss 1.000000

2021-05-04 17:43:24 data/exp02: IT 49, LR 0.000009, TACC 59.54, TLOSS 4.969413, VACC 5.56, VLOSS 5.830765

2021-05-04 17:43:24 Saving model 49

2021-05-04 17:43:24 50 Start Iteration
Content loss 1.000000 Identity loss 1.000000

Proc (144/1100): 22.857Hz Ls 5.039 SYT1 9.290% IDT1 57.222% 
Proc (324/1100): 21.808Hz Ls 5.007 SYT1 9.167% IDT1 60.556% 
Proc (504/1100): 22.179Hz Ls 5.000 SYT1 9.300% IDT1 61.296% 
Proc (684/1100): 23.049Hz Ls 4.989 SYT1 9.221% IDT1 61.389% 
Proc (864/1100): 20.873Hz Ls 4.985 SYT1 9.099% IDT1 61.556% 
Proc (1044/1100): 22.472Hz Ls 4.978 SYT1 9.151% IDT1 61.574% 
Content loss 1.000000 Identity loss 1.000000

2021-05-04 17:44:44 data/exp02: IT 50, LR 0.000008, TACC 61.57, TLOSS 4.978193, VACC 8.33, VLOSS 5.850858

2021-05-04 17:44:44 Saving model 50

2021-05-04 17:44:44 51 Start Iteration
Content loss 1.000000 Identity loss 1.000000

Proc (144/1100): 22.819Hz Ls 4.934 SYT1 9.475% IDT1 59.444% 
Proc (324/1100): 22.123Hz Ls 4.941 SYT1 9.012% IDT1 60.278% 
Proc (504/1100): 21.979Hz Ls 4.931 SYT1 8.683% IDT1 62.778% 
Proc (684/1100): 22.071Hz Ls 4.936 SYT1 8.796% IDT1 62.222% 
Proc (864/1100): 23.066Hz Ls 4.946 SYT1 8.858% IDT1 62.111% 
Proc (1044/1100): 22.189Hz Ls 4.948 SYT1 8.889% IDT1 62.500% 
Content loss 1.000000 Identity loss 1.000000

2021-05-04 17:46:03 data/exp02: IT 51, LR 0.000008, TACC 62.50, TLOSS 4.948227, VACC 5.56, VLOSS 5.836535

2021-05-04 17:46:03 Saving model 51

2021-05-04 17:46:03 52 Start Iteration
Content loss 1.000000 Identity loss 1.000000

Proc (144/1100): 22.755Hz Ls 4.927 SYT1 9.105% IDT1 67.222% 
Proc (324/1100): 22.350Hz Ls 4.959 SYT1 9.275% IDT1 65.000% 
Proc (504/1100): 22.134Hz Ls 4.955 SYT1 9.167% IDT1 63.889% 
Proc (684/1100): 23.566Hz Ls 4.956 SYT1 9.275% IDT1 62.639% 
Proc (864/1100): 22.191Hz Ls 4.963 SYT1 9.222% IDT1 61.111% 
Proc (1044/1100): 22.142Hz Ls 4.973 SYT1 9.162% IDT1 60.556% 
Content loss 1.000000 Identity loss 1.000000

2021-05-04 17:47:22 data/exp02: IT 52, LR 0.000007, TACC 60.56, TLOSS 4.972915, VACC 5.56, VLOSS 5.818422

2021-05-04 17:47:22 Saving model 52

2021-05-04 17:47:22 53 Start Iteration
Content loss 1.000000 Identity loss 1.000000

Proc (144/1100): 22.217Hz Ls 4.957 SYT1 9.167% IDT1 60.000% 
Proc (324/1100): 22.153Hz Ls 4.951 SYT1 8.904% IDT1 65.556% 
Proc (504/1100): 22.082Hz Ls 4.942 SYT1 9.043% IDT1 64.630% 
Proc (684/1100): 22.440Hz Ls 4.953 SYT1 8.997% IDT1 61.806% 
Proc (864/1100): 22.343Hz Ls 4.959 SYT1 8.926% IDT1 62.111% 
Proc (1044/1100): 22.518Hz Ls 4.952 SYT1 8.879% IDT1 61.944% 
Content loss 1.000000 Identity loss 1.000000

2021-05-04 17:48:41 data/exp02: IT 53, LR 0.000007, TACC 61.94, TLOSS 4.952258, VACC 5.56, VLOSS 5.823164

2021-05-04 17:48:41 Saving model 53

2021-05-04 17:48:41 54 Start Iteration
Content loss 1.000000 Identity loss 1.000000

Proc (144/1100): 23.224Hz Ls 4.957 SYT1 8.858% IDT1 65.556% 
Proc (324/1100): 21.818Hz Ls 4.944 SYT1 8.812% IDT1 64.444% 
Proc (504/1100): 22.521Hz Ls 4.956 SYT1 8.848% IDT1 60.926% 
Proc (684/1100): 21.949Hz Ls 4.944 SYT1 8.920% IDT1 60.972% 
Proc (864/1100): 22.099Hz Ls 4.945 SYT1 8.957% IDT1 60.333% 
Proc (1044/1100): 22.363Hz Ls 4.951 SYT1 9.043% IDT1 60.556% 
Content loss 1.000000 Identity loss 1.000000

2021-05-04 17:50:01 data/exp02: IT 54, LR 0.000007, TACC 60.56, TLOSS 4.950511, VACC 5.56, VLOSS 5.841036

2021-05-04 17:50:01 Saving model 54

2021-05-04 17:50:01 55 Start Iteration
Content loss 1.000000 Identity loss 1.000000

Proc (144/1100): 21.901Hz Ls 4.901 SYT1 8.642% IDT1 67.778% 
Proc (324/1100): 22.388Hz Ls 4.915 SYT1 9.136% IDT1 62.222% 
Proc (504/1100): 21.189Hz Ls 4.926 SYT1 9.228% IDT1 60.926% 
Proc (684/1100): 21.874Hz Ls 4.933 SYT1 9.082% IDT1 60.694% 
Proc (864/1100): 22.412Hz Ls 4.945 SYT1 9.198% IDT1 60.333% 
Proc (1044/1100): 22.414Hz Ls 4.944 SYT1 9.213% IDT1 60.926% 
Content loss 1.000000 Identity loss 1.000000

2021-05-04 17:51:21 data/exp02: IT 55, LR 0.000006, TACC 60.93, TLOSS 4.943620, VACC 5.56, VLOSS 5.834346

2021-05-04 17:51:21 Saving model 55

2021-05-04 17:51:21 56 Start Iteration
Content loss 1.000000 Identity loss 1.000000

Proc (144/1100): 21.914Hz Ls 4.948 SYT1 9.475% IDT1 57.222% 
Proc (324/1100): 21.188Hz Ls 4.922 SYT1 9.336% IDT1 61.944% 
Proc (504/1100): 22.177Hz Ls 4.934 SYT1 9.115% IDT1 60.741% 
Proc (684/1100): 22.030Hz Ls 4.930 SYT1 9.190% IDT1 61.944% 
Proc (864/1100): 22.376Hz Ls 4.930 SYT1 9.216% IDT1 62.000% 
Proc (1044/1100): 21.927Hz Ls 4.931 SYT1 9.156% IDT1 62.315% 
Content loss 1.000000 Identity loss 1.000000

2021-05-04 17:52:41 data/exp02: IT 56, LR 0.000006, TACC 62.31, TLOSS 4.930557, VACC 5.56, VLOSS 5.848583

2021-05-04 17:52:41 Saving model 56

2021-05-04 17:52:41 57 Start Iteration
Content loss 1.000000 Identity loss 1.000000

Proc (144/1100): 22.108Hz Ls 4.947 SYT1 8.858% IDT1 62.778% 
Proc (324/1100): 21.878Hz Ls 4.926 SYT1 9.012% IDT1 61.667% 
Proc (504/1100): 23.836Hz Ls 4.920 SYT1 9.002% IDT1 60.556% 
Proc (684/1100): 22.278Hz Ls 4.915 SYT1 9.035% IDT1 62.083% 
Proc (864/1100): 22.285Hz Ls 4.911 SYT1 9.173% IDT1 63.000% 
Proc (1044/1100): 22.202Hz Ls 4.914 SYT1 9.167% IDT1 63.241% 
Content loss 1.000000 Identity loss 1.000000

2021-05-04 17:53:59 data/exp02: IT 57, LR 0.000006, TACC 63.24, TLOSS 4.914463, VACC 5.56, VLOSS 5.823681

2021-05-04 17:53:59 Saving model 57

2021-05-04 17:53:59 58 Start Iteration
Content loss 1.000000 Identity loss 1.000000

Proc (144/1100): 22.098Hz Ls 4.945 SYT1 9.105% IDT1 63.333% 
Proc (324/1100): 22.030Hz Ls 4.923 SYT1 8.951% IDT1 61.667% 
Proc (504/1100): 21.615Hz Ls 4.924 SYT1 8.920% IDT1 60.741% 
Proc (684/1100): 22.618Hz Ls 4.914 SYT1 9.066% IDT1 61.667% 
Proc (864/1100): 22.244Hz Ls 4.927 SYT1 9.167% IDT1 61.444% 
Proc (1044/1100): 22.334Hz Ls 4.926 SYT1 9.110% IDT1 61.759% 
Content loss 1.000000 Identity loss 1.000000

2021-05-04 17:55:19 data/exp02: IT 58, LR 0.000005, TACC 61.76, TLOSS 4.926208, VACC 5.56, VLOSS 5.834987

2021-05-04 17:55:19 Saving model 58

2021-05-04 17:55:19 59 Start Iteration
Content loss 1.000000 Identity loss 1.000000

Proc (144/1100): 22.098Hz Ls 4.904 SYT1 9.136% IDT1 62.778% 
Proc (324/1100): 23.161Hz Ls 4.931 SYT1 9.136% IDT1 62.500% 
Proc (504/1100): 22.106Hz Ls 4.959 SYT1 9.249% IDT1 61.481% 
Proc (684/1100): 22.514Hz Ls 4.938 SYT1 9.174% IDT1 60.972% 
Proc (864/1100): 22.225Hz Ls 4.943 SYT1 9.086% IDT1 61.333% 
Proc (1044/1100): 22.029Hz Ls 4.941 SYT1 9.059% IDT1 61.852% 
Content loss 1.000000 Identity loss 1.000000

2021-05-04 17:56:38 data/exp02: IT 59, LR 0.000005, TACC 61.85, TLOSS 4.940979, VACC 5.56, VLOSS 5.847112

2021-05-04 17:56:38 Saving model 59

2021-05-04 17:56:39 60 Start Iteration
Content loss 1.000000 Identity loss 1.000000

Proc (144/1100): 21.943Hz Ls 4.927 SYT1 10.216% IDT1 66.111% 
Proc (324/1100): 22.087Hz Ls 4.944 SYT1 9.398% IDT1 65.278% 
Proc (504/1100): 21.759Hz Ls 4.947 SYT1 9.074% IDT1 63.519% 
Proc (684/1100): 21.889Hz Ls 4.960 SYT1 9.167% IDT1 61.389% 
Proc (864/1100): 21.968Hz Ls 4.956 SYT1 9.204% IDT1 60.889% 
Proc (1044/1100): 22.029Hz Ls 4.957 SYT1 9.295% IDT1 60.278% 
Content loss 1.000000 Identity loss 1.000000

2021-05-04 17:57:58 data/exp02: IT 60, LR 0.000005, TACC 60.28, TLOSS 4.956565, VACC 8.33, VLOSS 5.849099

2021-05-04 17:57:58 Saving model 60

2021-05-04 17:57:58 61 Start Iteration
Content loss 1.000000 Identity loss 1.000000

Proc (144/1100): 22.593Hz Ls 4.926 SYT1 8.796% IDT1 63.333% 
Proc (324/1100): 23.000Hz Ls 4.936 SYT1 8.812% IDT1 63.056% 
Proc (504/1100): 21.962Hz Ls 4.917 SYT1 8.745% IDT1 64.074% 
Proc (684/1100): 18.702Hz Ls 4.916 SYT1 8.920% IDT1 63.194% 
Proc (864/1100): 22.548Hz Ls 4.917 SYT1 9.111% IDT1 63.667% 
Proc (1044/1100): 21.743Hz Ls 4.921 SYT1 9.115% IDT1 63.426% 
Content loss 1.000000 Identity loss 1.000000

2021-05-04 17:59:16 data/exp02: IT 61, LR 0.000005, TACC 63.43, TLOSS 4.921050, VACC 5.56, VLOSS 5.838459

2021-05-04 17:59:16 Saving model 61

2021-05-04 17:59:16 62 Start Iteration
Content loss 1.000000 Identity loss 1.000000

Proc (144/1100): 22.033Hz Ls 4.906 SYT1 9.136% IDT1 60.556% 
Proc (324/1100): 22.193Hz Ls 4.890 SYT1 8.981% IDT1 63.056% 
Proc (504/1100): 22.169Hz Ls 4.897 SYT1 8.899% IDT1 63.519% 
Proc (684/1100): 22.219Hz Ls 4.893 SYT1 8.974% IDT1 63.472% 
Proc (864/1100): 22.782Hz Ls 4.896 SYT1 8.963% IDT1 63.778% 
Proc (1044/1100): 22.296Hz Ls 4.903 SYT1 9.156% IDT1 63.333% 
Content loss 1.000000 Identity loss 1.000000

2021-05-04 18:00:36 data/exp02: IT 62, LR 0.000004, TACC 63.33, TLOSS 4.902608, VACC 5.56, VLOSS 5.828095

2021-05-04 18:00:36 Saving model 62

2021-05-04 18:00:36 63 Start Iteration
Content loss 1.000000 Identity loss 1.000000

Proc (144/1100): 22.770Hz Ls 4.989 SYT1 8.457% IDT1 57.222% 
Proc (324/1100): 21.125Hz Ls 4.958 SYT1 8.750% IDT1 61.389% 
Proc (504/1100): 22.546Hz Ls 4.950 SYT1 9.043% IDT1 61.667% 
Proc (684/1100): 22.485Hz Ls 4.938 SYT1 8.974% IDT1 62.083% 
Proc (864/1100): 22.387Hz Ls 4.927 SYT1 8.877% IDT1 61.889% 
Proc (1044/1100): 22.292Hz Ls 4.919 SYT1 8.997% IDT1 62.407% 
Content loss 1.000000 Identity loss 1.000000

2021-05-04 18:01:55 data/exp02: IT 63, LR 0.000004, TACC 62.41, TLOSS 4.918808, VACC 5.56, VLOSS 5.807494

2021-05-04 18:01:55 Saving model 63

2021-05-04 18:01:55 64 Start Iteration
Content loss 1.000000 Identity loss 1.000000

Proc (144/1100): 21.786Hz Ls 4.928 SYT1 8.827% IDT1 56.111% 
Proc (324/1100): 22.268Hz Ls 4.872 SYT1 9.275% IDT1 65.000% 
Proc (504/1100): 22.104Hz Ls 4.885 SYT1 9.105% IDT1 64.444% 
Proc (684/1100): 22.102Hz Ls 4.893 SYT1 9.336% IDT1 65.556% 
Proc (864/1100): 22.047Hz Ls 4.900 SYT1 9.346% IDT1 65.000% 
Proc (1044/1100): 22.141Hz Ls 4.898 SYT1 9.419% IDT1 64.722% 
Content loss 1.000000 Identity loss 1.000000

2021-05-04 18:03:15 data/exp02: IT 64, LR 0.000004, TACC 64.72, TLOSS 4.897935, VACC 5.56, VLOSS 5.830015

2021-05-04 18:03:15 Saving model 64

2021-05-04 18:03:15 65 Start Iteration
Content loss 1.000000 Identity loss 1.000000

Proc (144/1100): 22.880Hz Ls 4.932 SYT1 8.951% IDT1 65.000% 
Proc (324/1100): 22.770Hz Ls 4.910 SYT1 9.522% IDT1 63.889% 
Proc (504/1100): 22.405Hz Ls 4.913 SYT1 9.146% IDT1 63.889% 
Proc (684/1100): 22.301Hz Ls 4.909 SYT1 9.259% IDT1 63.611% 
Proc (864/1100): 22.361Hz Ls 4.913 SYT1 9.358% IDT1 63.222% 
Proc (1044/1100): 22.437Hz Ls 4.915 SYT1 9.383% IDT1 62.685% 
Content loss 1.000000 Identity loss 1.000000

2021-05-04 18:04:34 data/exp02: IT 65, LR 0.000004, TACC 62.69, TLOSS 4.914946, VACC 5.56, VLOSS 5.801704

2021-05-04 18:04:34 Saving model 65

2021-05-04 18:04:34 66 Start Iteration
Content loss 1.000000 Identity loss 1.000000

Proc (144/1100): 22.919Hz Ls 4.858 SYT1 9.506% IDT1 68.333% 
Proc (324/1100): 22.137Hz Ls 4.888 SYT1 9.321% IDT1 64.444% 
Proc (504/1100): 22.083Hz Ls 4.909 SYT1 9.352% IDT1 65.000% 
Proc (684/1100): 22.532Hz Ls 4.905 SYT1 9.398% IDT1 65.833% 
Proc (864/1100): 22.214Hz Ls 4.903 SYT1 9.327% IDT1 65.889% 
Proc (1044/1100): 22.221Hz Ls 4.912 SYT1 9.372% IDT1 65.000% 
Content loss 1.000000 Identity loss 1.000000

2021-05-04 18:05:55 data/exp02: IT 66, LR 0.000004, TACC 65.00, TLOSS 4.912017, VACC 5.56, VLOSS 5.816056

2021-05-04 18:05:55 Saving model 66

2021-05-04 18:05:55 67 Start Iteration
Content loss 1.000000 Identity loss 1.000000

Proc (144/1100): 22.174Hz Ls 4.909 SYT1 9.383% IDT1 63.889% 
Proc (324/1100): 22.737Hz Ls 4.919 SYT1 9.120% IDT1 62.500% 
Proc (504/1100): 21.871Hz Ls 4.902 SYT1 9.239% IDT1 62.037% 
Proc (684/1100): 23.627Hz Ls 4.912 SYT1 9.259% IDT1 60.556% 
Proc (864/1100): 21.906Hz Ls 4.906 SYT1 9.241% IDT1 61.778% 
Proc (1044/1100): 22.147Hz Ls 4.907 SYT1 9.357% IDT1 61.944% 
Content loss 1.000000 Identity loss 1.000000

2021-05-04 18:07:14 data/exp02: IT 67, LR 0.000003, TACC 61.94, TLOSS 4.906813, VACC 5.56, VLOSS 5.824941

2021-05-04 18:07:14 Saving model 67

2021-05-04 18:07:14 68 Start Iteration
Content loss 1.000000 Identity loss 1.000000

Proc (144/1100): 22.127Hz Ls 4.873 SYT1 9.228% IDT1 64.444% 
Proc (324/1100): 22.423Hz Ls 4.891 SYT1 8.719% IDT1 65.833% 
Proc (504/1100): 22.550Hz Ls 4.884 SYT1 8.992% IDT1 66.111% 
Proc (684/1100): 22.168Hz Ls 4.886 SYT1 9.267% IDT1 66.528% 
Proc (864/1100): 21.974Hz Ls 4.892 SYT1 9.173% IDT1 65.333% 
Proc (1044/1100): 22.499Hz Ls 4.900 SYT1 9.249% IDT1 64.444% 
Content loss 1.000000 Identity loss 1.000000

2021-05-04 18:08:33 data/exp02: IT 68, LR 0.000003, TACC 64.44, TLOSS 4.900436, VACC 5.56, VLOSS 5.834106

2021-05-04 18:08:33 Saving model 68

2021-05-04 18:08:33 69 Start Iteration
Content loss 1.000000 Identity loss 1.000000

Proc (144/1100): 22.729Hz Ls 4.899 SYT1 9.043% IDT1 66.111% 
Proc (324/1100): 22.036Hz Ls 4.878 SYT1 9.012% IDT1 64.444% 
Proc (504/1100): 22.418Hz Ls 4.872 SYT1 9.156% IDT1 65.556% 
Proc (684/1100): 21.926Hz Ls 4.877 SYT1 9.174% IDT1 64.167% 
Proc (864/1100): 22.422Hz Ls 4.884 SYT1 9.253% IDT1 63.889% 
Proc (1044/1100): 22.550Hz Ls 4.889 SYT1 9.244% IDT1 64.722% 
Content loss 1.000000 Identity loss 1.000000

2021-05-04 18:09:52 data/exp02: IT 69, LR 0.000003, TACC 64.72, TLOSS 4.888852, VACC 5.56, VLOSS 5.837964

2021-05-04 18:09:52 Saving model 69

2021-05-04 18:09:52 70 Start Iteration
Content loss 1.000000 Identity loss 1.000000

Proc (144/1100): 22.498Hz Ls 4.903 SYT1 9.228% IDT1 65.556% 
Proc (324/1100): 22.525Hz Ls 4.916 SYT1 9.074% IDT1 65.833% 
Proc (504/1100): 21.734Hz Ls 4.899 SYT1 9.064% IDT1 67.037% 
Proc (684/1100): 22.086Hz Ls 4.895 SYT1 9.113% IDT1 65.833% 
Proc (864/1100): 22.482Hz Ls 4.892 SYT1 9.235% IDT1 66.222% 
Proc (1044/1100): 22.422Hz Ls 4.893 SYT1 9.028% IDT1 65.833% 
Content loss 1.000000 Identity loss 1.000000

2021-05-04 18:11:11 data/exp02: IT 70, LR 0.000003, TACC 65.83, TLOSS 4.893425, VACC 5.56, VLOSS 5.807714

2021-05-04 18:11:11 Saving model 70

2021-05-04 18:11:11 71 Start Iteration
Content loss 1.000000 Identity loss 1.000000

Proc (144/1100): 21.885Hz Ls 4.872 SYT1 9.105% IDT1 67.222% 
Proc (324/1100): 21.592Hz Ls 4.902 SYT1 8.966% IDT1 67.222% 
Proc (504/1100): 23.883Hz Ls 4.888 SYT1 8.951% IDT1 67.963% 
Proc (684/1100): 22.370Hz Ls 4.895 SYT1 9.198% IDT1 66.389% 
Proc (864/1100): 22.123Hz Ls 4.895 SYT1 9.321% IDT1 66.000% 
Proc (1044/1100): 22.153Hz Ls 4.901 SYT1 9.347% IDT1 65.185% 
Content loss 1.000000 Identity loss 1.000000

2021-05-04 18:12:30 data/exp02: IT 71, LR 0.000003, TACC 65.19, TLOSS 4.900846, VACC 8.33, VLOSS 5.822496

2021-05-04 18:12:30 Saving model 71

2021-05-04 18:12:30 72 Start Iteration
Content loss 1.000000 Identity loss 1.000000

Proc (144/1100): 18.284Hz Ls 4.874 SYT1 9.537% IDT1 62.222% 
Proc (324/1100): 22.577Hz Ls 4.886 SYT1 9.352% IDT1 61.944% 
Proc (504/1100): 20.232Hz Ls 4.893 SYT1 9.558% IDT1 62.222% 
Proc (684/1100): 22.202Hz Ls 4.899 SYT1 9.599% IDT1 61.250% 
Proc (864/1100): 22.485Hz Ls 4.902 SYT1 9.525% IDT1 61.556% 
Proc (1044/1100): 22.252Hz Ls 4.889 SYT1 9.522% IDT1 62.963% 
Content loss 1.000000 Identity loss 1.000000

2021-05-04 18:13:50 data/exp02: IT 72, LR 0.000003, TACC 62.96, TLOSS 4.889051, VACC 5.56, VLOSS 5.824326

2021-05-04 18:13:50 Saving model 72

2021-05-04 18:13:50 73 Start Iteration
Content loss 1.000000 Identity loss 1.000000

Proc (144/1100): 22.257Hz Ls 4.843 SYT1 9.321% IDT1 66.667% 
Proc (324/1100): 21.879Hz Ls 4.858 SYT1 9.136% IDT1 66.944% 
Proc (504/1100): 22.263Hz Ls 4.863 SYT1 9.012% IDT1 65.741% 
Proc (684/1100): 22.473Hz Ls 4.863 SYT1 9.144% IDT1 65.556% 
Proc (864/1100): 22.020Hz Ls 4.871 SYT1 9.160% IDT1 65.222% 
Proc (1044/1100): 22.026Hz Ls 4.881 SYT1 9.126% IDT1 65.556% 
Content loss 1.000000 Identity loss 1.000000

2021-05-04 18:15:10 data/exp02: IT 73, LR 0.000002, TACC 65.56, TLOSS 4.881347, VACC 8.33, VLOSS 5.823522

2021-05-04 18:15:10 Saving model 73

2021-05-04 18:15:10 74 Start Iteration
Content loss 1.000000 Identity loss 1.000000

Proc (144/1100): 23.030Hz Ls 4.873 SYT1 9.660% IDT1 64.444% 
Proc (324/1100): 22.216Hz Ls 4.872 SYT1 9.568% IDT1 63.333% 
Proc (504/1100): 22.395Hz Ls 4.859 SYT1 9.218% IDT1 65.000% 
Proc (684/1100): 22.380Hz Ls 4.872 SYT1 9.113% IDT1 63.889% 
Proc (864/1100): 22.064Hz Ls 4.880 SYT1 9.142% IDT1 63.778% 
Proc (1044/1100): 22.305Hz Ls 4.877 SYT1 9.079% IDT1 64.074% 
Content loss 1.000000 Identity loss 1.000000

2021-05-04 18:16:29 data/exp02: IT 74, LR 0.000002, TACC 64.07, TLOSS 4.877017, VACC 5.56, VLOSS 5.825661

2021-05-04 18:16:29 Saving model 74

2021-05-04 18:16:29 75 Start Iteration
Content loss 1.000000 Identity loss 1.000000

Proc (144/1100): 21.922Hz Ls 4.866 SYT1 9.198% IDT1 64.444% 
Proc (324/1100): 22.364Hz Ls 4.872 SYT1 8.889% IDT1 63.333% 
Proc (504/1100): 22.176Hz Ls 4.898 SYT1 8.909% IDT1 63.519% 
Proc (684/1100): 22.743Hz Ls 4.880 SYT1 8.958% IDT1 64.722% 
Proc (864/1100): 22.204Hz Ls 4.882 SYT1 9.049% IDT1 64.556% 
Proc (1044/1100): 22.110Hz Ls 4.885 SYT1 9.198% IDT1 64.537% 
Content loss 1.000000 Identity loss 1.000000

2021-05-04 18:17:49 data/exp02: IT 75, LR 0.000002, TACC 64.54, TLOSS 4.884665, VACC 5.56, VLOSS 5.817904

2021-05-04 18:17:49 Saving model 75

2021-05-04 18:17:50 76 Start Iteration
Content loss 1.000000 Identity loss 1.000000

Proc (144/1100): 22.851Hz Ls 4.897 SYT1 9.599% IDT1 59.444% 
Proc (324/1100): 21.898Hz Ls 4.894 SYT1 9.167% IDT1 62.222% 
Proc (504/1100): 22.554Hz Ls 4.886 SYT1 9.239% IDT1 65.185% 
Proc (684/1100): 22.331Hz Ls 4.880 SYT1 9.190% IDT1 64.583% 
Proc (864/1100): 22.057Hz Ls 4.874 SYT1 9.265% IDT1 65.000% 
Proc (1044/1100): 22.121Hz Ls 4.881 SYT1 9.177% IDT1 64.907% 
Content loss 1.000000 Identity loss 1.000000

2021-05-04 18:19:09 data/exp02: IT 76, LR 0.000002, TACC 64.91, TLOSS 4.881049, VACC 8.33, VLOSS 5.830823

2021-05-04 18:19:09 Saving model 76

2021-05-04 18:19:09 77 Start Iteration
Content loss 1.000000 Identity loss 1.000000

Proc (144/1100): 23.043Hz Ls 4.861 SYT1 9.722% IDT1 66.667% 
Proc (324/1100): 22.039Hz Ls 4.877 SYT1 9.198% IDT1 65.556% 
Proc (504/1100): 22.379Hz Ls 4.868 SYT1 9.424% IDT1 66.296% 
Proc (684/1100): 22.527Hz Ls 4.866 SYT1 9.329% IDT1 66.528% 
Proc (864/1100): 22.207Hz Ls 4.871 SYT1 9.327% IDT1 65.333% 
Proc (1044/1100): 22.525Hz Ls 4.875 SYT1 9.285% IDT1 64.352% 
Content loss 1.000000 Identity loss 1.000000

2021-05-04 18:20:28 data/exp02: IT 77, LR 0.000002, TACC 64.35, TLOSS 4.874754, VACC 5.56, VLOSS 5.815546

2021-05-04 18:20:28 Saving model 77

2021-05-04 18:20:28 78 Start Iteration
Content loss 1.000000 Identity loss 1.000000

Proc (144/1100): 22.007Hz Ls 4.861 SYT1 9.568% IDT1 62.778% 
Proc (324/1100): 22.904Hz Ls 4.885 SYT1 9.398% IDT1 65.278% 
Proc (504/1100): 22.228Hz Ls 4.879 SYT1 9.228% IDT1 65.741% 
Proc (684/1100): 22.050Hz Ls 4.898 SYT1 9.259% IDT1 62.778% 
Proc (864/1100): 22.226Hz Ls 4.892 SYT1 9.488% IDT1 63.778% 
Proc (1044/1100): 22.390Hz Ls 4.888 SYT1 9.480% IDT1 64.167% 
Content loss 1.000000 Identity loss 1.000000

2021-05-04 18:21:48 data/exp02: IT 78, LR 0.000002, TACC 64.17, TLOSS 4.888421, VACC 5.56, VLOSS 5.806117

2021-05-04 18:21:48 Saving model 78

2021-05-04 18:21:48 79 Start Iteration
Content loss 1.000000 Identity loss 1.000000

Proc (144/1100): 22.142Hz Ls 4.882 SYT1 9.228% IDT1 61.111% 
Proc (324/1100): 18.626Hz Ls 4.884 SYT1 9.074% IDT1 59.722% 
Proc (504/1100): 22.328Hz Ls 4.874 SYT1 8.951% IDT1 61.667% 
Proc (684/1100): 21.959Hz Ls 4.878 SYT1 9.082% IDT1 62.778% 
Proc (864/1100): 22.513Hz Ls 4.891 SYT1 9.111% IDT1 61.444% 
Proc (1044/1100): 22.158Hz Ls 4.883 SYT1 9.192% IDT1 63.056% 
Content loss 1.000000 Identity loss 1.000000

2021-05-04 18:23:08 data/exp02: IT 79, LR 0.000002, TACC 63.06, TLOSS 4.882707, VACC 5.56, VLOSS 5.841463

2021-05-04 18:23:08 Saving model 79

2021-05-04 18:23:08 80 Start Iteration
Content loss 1.000000 Identity loss 1.000000

Proc (144/1100): 22.788Hz Ls 4.967 SYT1 8.827% IDT1 58.889% 
Proc (324/1100): 23.019Hz Ls 4.913 SYT1 9.506% IDT1 61.111% 
Proc (504/1100): 22.073Hz Ls 4.904 SYT1 9.455% IDT1 61.481% 
Proc (684/1100): 22.014Hz Ls 4.907 SYT1 9.236% IDT1 61.667% 
Proc (864/1100): 19.001Hz Ls 4.901 SYT1 9.426% IDT1 62.889% 
Proc (1044/1100): 22.231Hz Ls 4.902 SYT1 9.439% IDT1 62.870% 
Content loss 1.000000 Identity loss 1.000000

2021-05-04 18:24:27 data/exp02: IT 80, LR 0.000002, TACC 62.87, TLOSS 4.902373, VACC 8.33, VLOSS 5.832327

2021-05-04 18:24:27 Saving model 80

2021-05-04 18:24:27 81 Start Iteration
Content loss 1.000000 Identity loss 1.000000

Proc (144/1100): 22.299Hz Ls 4.816 SYT1 8.920% IDT1 71.111% 
Proc (324/1100): 23.150Hz Ls 4.863 SYT1 9.522% IDT1 68.889% 
Proc (504/1100): 23.433Hz Ls 4.878 SYT1 9.064% IDT1 67.407% 
Proc (684/1100): 22.001Hz Ls 4.877 SYT1 9.252% IDT1 66.250% 
Proc (864/1100): 22.475Hz Ls 4.883 SYT1 9.321% IDT1 65.000% 
Proc (1044/1100): 22.207Hz Ls 4.888 SYT1 9.383% IDT1 64.630% 
Content loss 1.000000 Identity loss 1.000000

2021-05-04 18:25:45 data/exp02: IT 81, LR 0.000002, TACC 64.63, TLOSS 4.887950, VACC 5.56, VLOSS 5.824417

2021-05-04 18:25:45 Saving model 81

2021-05-04 18:25:45 82 Start Iteration
Content loss 1.000000 Identity loss 1.000000

Proc (144/1100): 22.030Hz Ls 4.862 SYT1 9.228% IDT1 65.556% 
Proc (324/1100): 21.956Hz Ls 4.869 SYT1 9.321% IDT1 63.889% 
Proc (504/1100): 21.974Hz Ls 4.896 SYT1 9.249% IDT1 63.704% 
Proc (684/1100): 22.488Hz Ls 4.903 SYT1 9.375% IDT1 63.056% 
Proc (864/1100): 22.289Hz Ls 4.903 SYT1 9.333% IDT1 63.111% 
Proc (1044/1100): 22.201Hz Ls 4.892 SYT1 9.290% IDT1 63.426% 
Content loss 1.000000 Identity loss 1.000000

2021-05-04 18:27:05 data/exp02: IT 82, LR 0.000002, TACC 63.43, TLOSS 4.892365, VACC 5.56, VLOSS 5.822600

2021-05-04 18:27:05 Saving model 82

2021-05-04 18:27:05 83 Start Iteration
Content loss 1.000000 Identity loss 1.000000

Proc (144/1100): 22.006Hz Ls 4.871 SYT1 10.185% IDT1 64.444% 
Proc (324/1100): 21.803Hz Ls 4.865 SYT1 9.985% IDT1 64.722% 
Proc (504/1100): 22.237Hz Ls 4.896 SYT1 9.444% IDT1 63.519% 
Proc (684/1100): 22.130Hz Ls 4.887 SYT1 9.367% IDT1 63.333% 
Proc (864/1100): 22.070Hz Ls 4.884 SYT1 9.290% IDT1 63.333% 
Proc (1044/1100): 22.286Hz Ls 4.880 SYT1 9.223% IDT1 63.889% 
Content loss 1.000000 Identity loss 1.000000

2021-05-04 18:28:25 data/exp02: IT 83, LR 0.000001, TACC 63.89, TLOSS 4.879605, VACC 5.56, VLOSS 5.834602

2021-05-04 18:28:25 Saving model 83

2021-05-04 18:28:25 84 Start Iteration
Content loss 1.000000 Identity loss 1.000000

Proc (144/1100): 22.949Hz Ls 4.846 SYT1 9.475% IDT1 64.444% 
Proc (324/1100): 21.789Hz Ls 4.853 SYT1 9.599% IDT1 61.389% 
Proc (504/1100): 22.079Hz Ls 4.851 SYT1 9.496% IDT1 63.519% 
Proc (684/1100): 22.097Hz Ls 4.865 SYT1 9.468% IDT1 63.056% 
Proc (864/1100): 21.974Hz Ls 4.869 SYT1 9.543% IDT1 63.667% 
Proc (1044/1100): 22.222Hz Ls 4.866 SYT1 9.511% IDT1 64.074% 
Content loss 1.000000 Identity loss 1.000000

2021-05-04 18:29:43 data/exp02: IT 84, LR 0.000001, TACC 64.07, TLOSS 4.866217, VACC 8.33, VLOSS 5.827959

2021-05-04 18:29:43 Saving model 84

2021-05-04 18:29:44 85 Start Iteration
Content loss 1.000000 Identity loss 1.000000

Proc (144/1100): 22.302Hz Ls 4.851 SYT1 9.475% IDT1 60.000% 
Proc (324/1100): 22.058Hz Ls 4.856 SYT1 9.012% IDT1 62.778% 
Proc (504/1100): 21.993Hz Ls 4.854 SYT1 8.981% IDT1 64.259% 
Proc (684/1100): 21.941Hz Ls 4.856 SYT1 8.927% IDT1 63.611% 
Proc (864/1100): 22.462Hz Ls 4.857 SYT1 9.086% IDT1 64.222% 
Proc (1044/1100): 22.270Hz Ls 4.859 SYT1 9.053% IDT1 65.278% 
Content loss 1.000000 Identity loss 1.000000

2021-05-04 18:31:04 data/exp02: IT 85, LR 0.000001, TACC 65.28, TLOSS 4.859052, VACC 8.33, VLOSS 5.836752

2021-05-04 18:31:04 Saving model 85

2021-05-04 18:31:04 86 Start Iteration
Content loss 1.000000 Identity loss 1.000000

Proc (144/1100): 23.015Hz Ls 4.910 SYT1 9.383% IDT1 60.000% 
Proc (324/1100): 22.096Hz Ls 4.887 SYT1 9.151% IDT1 62.222% 
Proc (504/1100): 22.142Hz Ls 4.897 SYT1 9.270% IDT1 60.370% 
Proc (684/1100): 22.131Hz Ls 4.889 SYT1 9.329% IDT1 61.806% 
Proc (864/1100): 20.141Hz Ls 4.892 SYT1 9.290% IDT1 61.667% 
Proc (1044/1100): 20.993Hz Ls 4.886 SYT1 9.285% IDT1 62.870% 
Content loss 1.000000 Identity loss 1.000000

2021-05-04 18:32:24 data/exp02: IT 86, LR 0.000001, TACC 62.87, TLOSS 4.886191, VACC 5.56, VLOSS 5.819320

2021-05-04 18:32:24 Saving model 86

2021-05-04 18:32:24 87 Start Iteration
Content loss 1.000000 Identity loss 1.000000

Proc (144/1100): 22.665Hz Ls 4.906 SYT1 8.735% IDT1 70.000% 
Proc (324/1100): 22.959Hz Ls 4.903 SYT1 9.136% IDT1 66.944% 
Proc (504/1100): 22.153Hz Ls 4.892 SYT1 9.084% IDT1 66.667% 
Proc (684/1100): 22.160Hz Ls 4.882 SYT1 9.159% IDT1 66.250% 
Proc (864/1100): 23.122Hz Ls 4.874 SYT1 9.352% IDT1 66.333% 
Proc (1044/1100): 22.300Hz Ls 4.881 SYT1 9.367% IDT1 65.926% 
Content loss 1.000000 Identity loss 1.000000

2021-05-04 18:33:43 data/exp02: IT 87, LR 0.000001, TACC 65.93, TLOSS 4.881104, VACC 5.56, VLOSS 5.836970

2021-05-04 18:33:43 Saving model 87

2021-05-04 18:33:43 88 Start Iteration
Content loss 1.000000 Identity loss 1.000000

Proc (144/1100): 22.261Hz Ls 4.928 SYT1 9.537% IDT1 60.000% 
Proc (324/1100): 22.264Hz Ls 4.897 SYT1 9.290% IDT1 63.056% 
Proc (504/1100): 22.396Hz Ls 4.874 SYT1 9.455% IDT1 63.148% 
Proc (684/1100): 22.354Hz Ls 4.867 SYT1 9.336% IDT1 64.861% 
Proc (864/1100): 22.085Hz Ls 4.863 SYT1 9.494% IDT1 64.444% 
Proc (1044/1100): 22.207Hz Ls 4.861 SYT1 9.398% IDT1 64.630% 
Content loss 1.000000 Identity loss 1.000000

2021-05-04 18:35:02 data/exp02: IT 88, LR 0.000001, TACC 64.63, TLOSS 4.861139, VACC 5.56, VLOSS 5.840664

2021-05-04 18:35:02 Saving model 88

2021-05-04 18:35:02 89 Start Iteration
Content loss 1.000000 Identity loss 1.000000

Proc (144/1100): 22.431Hz Ls 4.859 SYT1 9.753% IDT1 59.444% 
Proc (324/1100): 21.776Hz Ls 4.861 SYT1 9.398% IDT1 61.944% 
Proc (504/1100): 22.282Hz Ls 4.882 SYT1 9.321% IDT1 64.259% 
Proc (684/1100): 22.307Hz Ls 4.866 SYT1 9.329% IDT1 65.833% 
Proc (864/1100): 22.183Hz Ls 4.866 SYT1 9.346% IDT1 66.556% 
Proc (1044/1100): 22.195Hz Ls 4.872 SYT1 9.378% IDT1 66.296% 
Content loss 1.000000 Identity loss 1.000000

2021-05-04 18:36:22 data/exp02: IT 89, LR 0.000001, TACC 66.30, TLOSS 4.871541, VACC 5.56, VLOSS 5.796358

2021-05-04 18:36:22 Saving model 89

2021-05-04 18:36:22 90 Start Iteration
Content loss 1.000000 Identity loss 1.000000

Proc (144/1100): 22.290Hz Ls 4.935 SYT1 8.704% IDT1 57.778% 
Proc (324/1100): 23.006Hz Ls 4.925 SYT1 8.889% IDT1 61.667% 
Proc (504/1100): 21.835Hz Ls 4.899 SYT1 9.012% IDT1 63.889% 
Proc (684/1100): 22.091Hz Ls 4.909 SYT1 9.059% IDT1 62.361% 
Proc (864/1100): 22.613Hz Ls 4.901 SYT1 9.204% IDT1 63.222% 
Proc (1044/1100): 22.313Hz Ls 4.887 SYT1 9.259% IDT1 64.537% 
Content loss 1.000000 Identity loss 1.000000

2021-05-04 18:37:40 data/exp02: IT 90, LR 0.000001, TACC 64.54, TLOSS 4.886819, VACC 5.56, VLOSS 5.834088

2021-05-04 18:37:40 Saving model 90

2021-05-04 18:37:41 91 Start Iteration
Content loss 1.000000 Identity loss 1.000000

Proc (144/1100): 22.372Hz Ls 4.892 SYT1 9.198% IDT1 69.444% 
Proc (324/1100): 22.808Hz Ls 4.874 SYT1 9.167% IDT1 67.500% 
Proc (504/1100): 22.013Hz Ls 4.880 SYT1 9.424% IDT1 66.481% 
Proc (684/1100): 22.223Hz Ls 4.876 SYT1 9.444% IDT1 66.528% 
Proc (864/1100): 22.149Hz Ls 4.888 SYT1 9.432% IDT1 65.333% 
Proc (1044/1100): 22.066Hz Ls 4.887 SYT1 9.486% IDT1 65.000% 
Content loss 1.000000 Identity loss 1.000000

2021-05-04 18:38:59 data/exp02: IT 91, LR 0.000001, TACC 65.00, TLOSS 4.887071, VACC 5.56, VLOSS 5.817853

2021-05-04 18:38:59 Saving model 91

2021-05-04 18:38:59 92 Start Iteration
Content loss 1.000000 Identity loss 1.000000

Proc (144/1100): 21.726Hz Ls 4.850 SYT1 10.000% IDT1 65.556% 
Proc (324/1100): 22.012Hz Ls 4.884 SYT1 9.506% IDT1 64.722% 
Proc (504/1100): 22.549Hz Ls 4.879 SYT1 9.372% IDT1 65.185% 
Proc (684/1100): 22.632Hz Ls 4.865 SYT1 9.275% IDT1 65.833% 
Proc (864/1100): 22.459Hz Ls 4.872 SYT1 9.383% IDT1 65.222% 
Proc (1044/1100): 20.848Hz Ls 4.871 SYT1 9.491% IDT1 65.463% 
Content loss 1.000000 Identity loss 1.000000

2021-05-04 18:40:19 data/exp02: IT 92, LR 0.000001, TACC 65.46, TLOSS 4.871493, VACC 5.56, VLOSS 5.824449

2021-05-04 18:40:19 Saving model 92

2021-05-04 18:40:19 93 Start Iteration
Content loss 1.000000 Identity loss 1.000000

Proc (144/1100): 22.275Hz Ls 4.846 SYT1 8.889% IDT1 62.222% 
Proc (324/1100): 21.992Hz Ls 4.859 SYT1 9.336% IDT1 65.000% 
Proc (504/1100): 22.253Hz Ls 4.861 SYT1 9.547% IDT1 65.000% 
Proc (684/1100): 22.277Hz Ls 4.873 SYT1 9.645% IDT1 62.639% 
Proc (864/1100): 22.453Hz Ls 4.873 SYT1 9.525% IDT1 62.778% 
Proc (1044/1100): 22.350Hz Ls 4.866 SYT1 9.491% IDT1 64.352% 
Content loss 1.000000 Identity loss 1.000000

2021-05-04 18:41:39 data/exp02: IT 93, LR 0.000001, TACC 64.35, TLOSS 4.865800, VACC 5.56, VLOSS 5.815956

2021-05-04 18:41:39 Saving model 93

2021-05-04 18:41:39 94 Start Iteration
Content loss 1.000000 Identity loss 1.000000

Proc (144/1100): 21.817Hz Ls 4.877 SYT1 9.753% IDT1 65.556% 
Proc (324/1100): 22.866Hz Ls 4.915 SYT1 9.583% IDT1 62.778% 
Proc (504/1100): 18.228Hz Ls 4.899 SYT1 9.506% IDT1 62.037% 
Proc (684/1100): 22.007Hz Ls 4.881 SYT1 9.498% IDT1 63.750% 
Proc (864/1100): 22.624Hz Ls 4.888 SYT1 9.420% IDT1 63.333% 
Proc (1044/1100): 22.266Hz Ls 4.888 SYT1 9.516% IDT1 63.148% 
Content loss 1.000000 Identity loss 1.000000

2021-05-04 18:42:58 data/exp02: IT 94, LR 0.000001, TACC 63.15, TLOSS 4.887565, VACC 5.56, VLOSS 5.835536

2021-05-04 18:42:58 Saving model 94

2021-05-04 18:42:58 95 Start Iteration
Content loss 1.000000 Identity loss 1.000000

Proc (144/1100): 22.610Hz Ls 4.835 SYT1 10.093% IDT1 65.000% 
Proc (324/1100): 22.397Hz Ls 4.845 SYT1 9.861% IDT1 64.722% 
Proc (504/1100): 21.916Hz Ls 4.875 SYT1 9.650% IDT1 62.407% 
Proc (684/1100): 22.971Hz Ls 4.879 SYT1 9.475% IDT1 62.639% 
Proc (864/1100): 18.915Hz Ls 4.873 SYT1 9.469% IDT1 61.889% 
Proc (1044/1100): 21.709Hz Ls 4.861 SYT1 9.491% IDT1 62.593% 
Content loss 1.000000 Identity loss 1.000000

2021-05-04 18:44:16 data/exp02: IT 95, LR 0.000001, TACC 62.59, TLOSS 4.861319, VACC 5.56, VLOSS 5.829509

2021-05-04 18:44:16 Saving model 95

2021-05-04 18:44:16 96 Start Iteration
Content loss 1.000000 Identity loss 1.000000

Proc (144/1100): 22.497Hz Ls 4.830 SYT1 8.981% IDT1 70.000% 
Proc (324/1100): 22.029Hz Ls 4.876 SYT1 9.120% IDT1 69.722% 
Proc (504/1100): 22.379Hz Ls 4.873 SYT1 9.084% IDT1 68.148% 
Proc (684/1100): 21.995Hz Ls 4.865 SYT1 9.190% IDT1 68.194% 
Proc (864/1100): 22.329Hz Ls 4.877 SYT1 9.235% IDT1 65.000% 
Proc (1044/1100): 22.011Hz Ls 4.883 SYT1 9.311% IDT1 63.981% 
Content loss 1.000000 Identity loss 1.000000

2021-05-04 18:45:35 data/exp02: IT 96, LR 0.000001, TACC 63.98, TLOSS 4.883374, VACC 5.56, VLOSS 5.835566

2021-05-04 18:45:35 Saving model 96

2021-05-04 18:45:35 97 Start Iteration
Content loss 1.000000 Identity loss 1.000000

Proc (144/1100): 22.324Hz Ls 4.959 SYT1 9.506% IDT1 66.667% 
Proc (324/1100): 21.962Hz Ls 4.911 SYT1 9.213% IDT1 65.833% 
Proc (504/1100): 22.149Hz Ls 4.898 SYT1 9.198% IDT1 64.815% 
Proc (684/1100): 22.322Hz Ls 4.884 SYT1 9.236% IDT1 65.278% 
Proc (864/1100): 22.251Hz Ls 4.880 SYT1 9.235% IDT1 65.889% 
Proc (1044/1100): 22.600Hz Ls 4.872 SYT1 9.275% IDT1 66.204% 
Content loss 1.000000 Identity loss 1.000000

2021-05-04 18:46:54 data/exp02: IT 97, LR 0.000001, TACC 66.20, TLOSS 4.872499, VACC 5.56, VLOSS 5.813886

2021-05-04 18:46:54 Saving model 97

2021-05-04 18:46:55 98 Start Iteration
Content loss 1.000000 Identity loss 1.000000

Proc (144/1100): 21.972Hz Ls 4.858 SYT1 9.105% IDT1 66.111% 
Proc (324/1100): 22.083Hz Ls 4.855 SYT1 9.491% IDT1 68.056% 
Proc (504/1100): 22.423Hz Ls 4.861 SYT1 9.537% IDT1 66.296% 
Proc (684/1100): 22.584Hz Ls 4.856 SYT1 9.352% IDT1 66.528% 
Proc (864/1100): 22.546Hz Ls 4.863 SYT1 9.370% IDT1 67.000% 
Proc (1044/1100): 22.215Hz Ls 4.887 SYT1 9.208% IDT1 65.370% 
Content loss 1.000000 Identity loss 1.000000

2021-05-04 18:48:14 data/exp02: IT 98, LR 0.000001, TACC 65.37, TLOSS 4.886525, VACC 5.56, VLOSS 5.815460

2021-05-04 18:48:14 Saving model 98

2021-05-04 18:48:14 99 Start Iteration
Content loss 1.000000 Identity loss 1.000000

Proc (144/1100): 22.874Hz Ls 4.857 SYT1 9.475% IDT1 66.667% 
Proc (324/1100): 22.000Hz Ls 4.915 SYT1 9.614% IDT1 63.333% 
Proc (504/1100): 22.317Hz Ls 4.905 SYT1 9.486% IDT1 64.815% 
Proc (684/1100): 21.911Hz Ls 4.886 SYT1 9.460% IDT1 65.278% 
Proc (864/1100): 22.086Hz Ls 4.877 SYT1 9.519% IDT1 65.444% 
Proc (1044/1100): 20.945Hz Ls 4.870 SYT1 9.511% IDT1 65.278% 
Content loss 1.000000 Identity loss 1.000000

2021-05-04 18:49:34 data/exp02: IT 99, LR 0.000001, TACC 65.28, TLOSS 4.869709, VACC 8.33, VLOSS 5.831581

2021-05-04 18:49:34 Saving model 99

2021-05-04 18:49:34 100 Start Iteration
Content loss 1.000000 Identity loss 1.000000

Proc (144/1100): 22.908Hz Ls 4.815 SYT1 9.043% IDT1 66.667% 
Proc (324/1100): 22.727Hz Ls 4.862 SYT1 9.136% IDT1 64.167% 
Proc (504/1100): 22.074Hz Ls 4.880 SYT1 9.167% IDT1 63.704% 
Proc (684/1100): 21.881Hz Ls 4.865 SYT1 9.205% IDT1 63.889% 
Proc (864/1100): 22.292Hz Ls 4.862 SYT1 9.414% IDT1 64.111% 
Proc (1044/1100): 21.927Hz Ls 4.873 SYT1 9.398% IDT1 64.352% 
Content loss 1.000000 Identity loss 1.000000

2021-05-04 18:50:52 data/exp02: IT 100, LR 0.000001, TACC 64.35, TLOSS 4.872756, VACC 5.56, VLOSS 5.822380

2021-05-04 18:50:52 Saving model 100
