maxFrames 40
nBatchSize 36
nTrainPerEpoch 100000
nTestPerEpoch 10000
nDataLoaderThread 4
goon False
hard_eval True
max_epoch 100
temporal_stride 2
model models.SyncNetModelFBank
nOut 1024
lr 0.001
lr_decay 0.95
alphaC 1.0
alphaI 1.0
initial_model 
save_path data/exp03
train_list data/train.txt
verify_list data/test.txt
test_list voxceleb/test_list.txt
test_path voxceleb/voxceleb1
eval False
Reading data ...
Evalmode False - 1100 clips
Evalmode False - 180 clips
Reading done. Cost 440 seconds.
2021-05-04 20:12:36 1 Start Iteration
Content loss 1.000000 Identity loss 1.000000
Proc (144/1100): 22.728Hz Ls 6.509 SYT1 5.648% IDT1 3.333%
Proc (324/1100): 21.879Hz Ls 6.485 SYT1 5.648% IDT1 3.056%
Proc (504/1100): 23.515Hz Ls 6.466 SYT1 5.679% IDT1 3.333%
Proc (684/1100): 20.882Hz Ls 6.455 SYT1 5.687% IDT1 3.750%
Proc (864/1100): 23.338Hz Ls 6.442 SYT1 5.679% IDT1 3.889%
Proc (1044/1100): 22.140Hz Ls 6.427 SYT1 5.612% IDT1 4.259% 
Content loss 1.000000 Identity loss 1.000000
Proc (144/180): 61.444Hz Ls 6.469 SYT1 5.802% IDT1 2.778% 
2021-05-04 20:14:14 data/exp03: IT 1, LR 0.000100, TACC 4.26, TLOSS 6.427061, VACC 2.78, VLOSS 6.468554

2021-05-04 20:14:14 Saving model 1

2021-05-04 20:14:15 2 Start Iteration
Content loss 1.000000 Identity loss 1.000000
Proc (144/1100): 21.639Hz Ls 6.266 SYT1 5.586% IDT1 11.111%
Proc (324/1100): 20.964Hz Ls 6.259 SYT1 5.694% IDT1 11.389%
Proc (504/1100): 22.265Hz Ls 6.267 SYT1 5.782% IDT1 11.296%
Proc (684/1100): 20.928Hz Ls 6.272 SYT1 5.756% IDT1 10.694%
Proc (864/1100): 20.849Hz Ls 6.271 SYT1 5.772% IDT1 10.556%
Proc (1044/1100): 23.507Hz Ls 6.258 SYT1 5.736% IDT1 10.926% 
Content loss 1.000000 Identity loss 1.000000
Proc (144/180): 56.788Hz Ls 6.357 SYT1 5.895% IDT1 4.444% 
2021-05-04 20:15:43 data/exp03: IT 2, LR 0.000095, TACC 10.93, TLOSS 6.257591, VACC 4.44, VLOSS 6.356707

2021-05-04 20:15:43 Saving model 2

2021-05-04 20:15:43 3 Start Iteration
Content loss 1.000000 Identity loss 1.000000
Proc (144/1100): 21.803Hz Ls 6.182 SYT1 6.574% IDT1 11.111%
Proc (324/1100): 22.166Hz Ls 6.186 SYT1 6.343% IDT1 11.944%
Proc (504/1100): 22.452Hz Ls 6.177 SYT1 6.317% IDT1 13.148%
Proc (684/1100): 22.611Hz Ls 6.174 SYT1 6.196% IDT1 13.333%
Proc (864/1100): 23.139Hz Ls 6.165 SYT1 6.136% IDT1 14.111%
Proc (1044/1100): 21.185Hz Ls 6.154 SYT1 6.034% IDT1 14.167% 
Content loss 1.000000 Identity loss 1.000000
Proc (144/180): 60.219Hz Ls 6.328 SYT1 5.370% IDT1 6.111% 
2021-05-04 20:17:11 data/exp03: IT 3, LR 0.000090, TACC 14.17, TLOSS 6.153719, VACC 6.11, VLOSS 6.327538

2021-05-04 20:17:11 Saving model 3

2021-05-04 20:17:12 4 Start Iteration
Content loss 1.000000 Identity loss 1.000000
Proc (144/1100): 21.168Hz Ls 6.096 SYT1 6.111% IDT1 19.444%
Proc (324/1100): 21.633Hz Ls 6.092 SYT1 6.003% IDT1 19.722%
Proc (504/1100): 21.956Hz Ls 6.101 SYT1 6.039% IDT1 20.000%
Proc (684/1100): 22.007Hz Ls 6.086 SYT1 6.034% IDT1 20.139%
Proc (864/1100): 20.971Hz Ls 6.083 SYT1 6.062% IDT1 19.778%
Proc (1044/1100): 20.614Hz Ls 6.081 SYT1 6.013% IDT1 20.370% 
Content loss 1.000000 Identity loss 1.000000
Proc (144/180): 61.818Hz Ls 6.301 SYT1 5.247% IDT1 4.444% 
2021-05-04 20:18:41 data/exp03: IT 4, LR 0.000086, TACC 20.37, TLOSS 6.080798, VACC 4.44, VLOSS 6.300842

2021-05-04 20:18:41 Saving model 4

2021-05-04 20:18:41 5 Start Iteration
Content loss 1.000000 Identity loss 1.000000
Proc (144/1100): 20.931Hz Ls 6.012 SYT1 6.080% IDT1 27.778%
Proc (324/1100): 21.694Hz Ls 6.025 SYT1 6.127% IDT1 24.722%
Proc (504/1100): 21.750Hz Ls 6.015 SYT1 6.163% IDT1 24.444%
Proc (684/1100): 19.445Hz Ls 6.017 SYT1 6.157% IDT1 23.750%
Proc (864/1100): 22.352Hz Ls 6.016 SYT1 6.302% IDT1 23.667%
Proc (1044/1100): 20.777Hz Ls 6.011 SYT1 6.214% IDT1 23.241% 
Content loss 1.000000 Identity loss 1.000000
Proc (144/180): 59.244Hz Ls 6.273 SYT1 6.049% IDT1 7.778% 
2021-05-04 20:20:09 data/exp03: IT 5, LR 0.000081, TACC 23.24, TLOSS 6.010558, VACC 7.78, VLOSS 6.273273

2021-05-04 20:20:09 Saving model 5

2021-05-04 20:20:09 6 Start Iteration
Content loss 1.000000 Identity loss 1.000000
Proc (144/1100): 23.832Hz Ls 6.001 SYT1 6.420% IDT1 21.111%
Proc (324/1100): 21.252Hz Ls 5.962 SYT1 6.497% IDT1 23.889%
Proc (504/1100): 22.389Hz Ls 5.951 SYT1 6.492% IDT1 22.222%
Proc (684/1100): 22.304Hz Ls 5.952 SYT1 6.404% IDT1 23.194%
Proc (864/1100): 21.615Hz Ls 5.942 SYT1 6.358% IDT1 23.111%
Proc (1044/1100): 22.082Hz Ls 5.938 SYT1 6.363% IDT1 23.519% 
Content loss 1.000000 Identity loss 1.000000
Proc (144/180): 60.274Hz Ls 6.247 SYT1 5.556% IDT1 7.222% 
2021-05-04 20:21:37 data/exp03: IT 6, LR 0.000077, TACC 23.52, TLOSS 5.938202, VACC 7.22, VLOSS 6.247496

2021-05-04 20:21:37 Saving model 6

2021-05-04 20:21:37 7 Start Iteration
Content loss 1.000000 Identity loss 1.000000
Proc (144/1100): 22.531Hz Ls 5.829 SYT1 6.358% IDT1 31.667%
Proc (324/1100): 21.848Hz Ls 5.864 SYT1 6.312% IDT1 29.167%
Proc (504/1100): 20.820Hz Ls 5.873 SYT1 6.626% IDT1 27.593%
Proc (684/1100): 20.895Hz Ls 5.869 SYT1 6.543% IDT1 27.917%
Proc (864/1100): 22.089Hz Ls 5.863 SYT1 6.500% IDT1 26.889%
Proc (1044/1100): 22.296Hz Ls 5.870 SYT1 6.492% IDT1 26.204% 
Content loss 1.000000 Identity loss 1.000000
Proc (144/180): 62.909Hz Ls 6.201 SYT1 5.895% IDT1 9.444% 
2021-05-04 20:23:06 data/exp03: IT 7, LR 0.000074, TACC 26.20, TLOSS 5.869537, VACC 9.44, VLOSS 6.200718

2021-05-04 20:23:06 Saving model 7

2021-05-04 20:23:07 8 Start Iteration
Content loss 1.000000 Identity loss 1.000000
Proc (144/1100): 21.055Hz Ls 5.825 SYT1 6.265% IDT1 28.333%
Proc (324/1100): 19.918Hz Ls 5.816 SYT1 6.451% IDT1 27.778%
Proc (504/1100): 19.398Hz Ls 5.816 SYT1 6.440% IDT1 27.778%
Proc (684/1100): 20.073Hz Ls 5.820 SYT1 6.381% IDT1 29.444%
Proc (864/1100): 22.572Hz Ls 5.827 SYT1 6.444% IDT1 28.333%
Proc (1044/1100): 21.002Hz Ls 5.823 SYT1 6.394% IDT1 28.333% 
Content loss 1.000000 Identity loss 1.000000
Proc (144/180): 61.583Hz Ls 6.178 SYT1 5.586% IDT1 7.222% 
2021-05-04 20:24:38 data/exp03: IT 8, LR 0.000070, TACC 28.33, TLOSS 5.823122, VACC 7.22, VLOSS 6.178205

2021-05-04 20:24:38 Saving model 8

2021-05-04 20:24:38 9 Start Iteration
Content loss 1.000000 Identity loss 1.000000
Proc (144/1100): 20.662Hz Ls 5.789 SYT1 7.160% IDT1 23.333%
Proc (324/1100): 20.948Hz Ls 5.772 SYT1 6.713% IDT1 26.389%
Proc (504/1100): 20.525Hz Ls 5.766 SYT1 6.718% IDT1 25.741%
Proc (684/1100): 21.092Hz Ls 5.766 SYT1 6.644% IDT1 27.083%
Proc (864/1100): 21.244Hz Ls 5.763 SYT1 6.636% IDT1 28.000%
Proc (1044/1100): 21.370Hz Ls 5.760 SYT1 6.569% IDT1 28.333% 
Content loss 1.000000 Identity loss 1.000000
Proc (144/180): 59.698Hz Ls 6.175 SYT1 5.802% IDT1 7.778% 
2021-05-04 20:26:10 data/exp03: IT 9, LR 0.000066, TACC 28.33, TLOSS 5.760413, VACC 7.78, VLOSS 6.175038

2021-05-04 20:26:10 Saving model 9

2021-05-04 20:26:10 10 Start Iteration
Content loss 1.000000 Identity loss 1.000000
Proc (144/1100): 20.396Hz Ls 5.678 SYT1 6.821% IDT1 32.222%
Proc (324/1100): 22.986Hz Ls 5.691 SYT1 6.821% IDT1 35.833%
Proc (504/1100): 20.963Hz Ls 5.699 SYT1 6.831% IDT1 33.889%
Proc (684/1100): 20.013Hz Ls 5.705 SYT1 6.713% IDT1 30.972%
Proc (864/1100): 21.016Hz Ls 5.711 SYT1 6.673% IDT1 30.778%
Proc (1044/1100): 20.317Hz Ls 5.708 SYT1 6.708% IDT1 30.278% 
Content loss 1.000000 Identity loss 1.000000
Proc (144/180): 51.496Hz Ls 6.136 SYT1 5.494% IDT1 7.778% 
2021-05-04 20:27:41 data/exp03: IT 10, LR 0.000063, TACC 30.28, TLOSS 5.707745, VACC 7.78, VLOSS 6.136313

2021-05-04 20:27:41 Saving model 10

2021-05-04 20:27:41 11 Start Iteration
Content loss 1.000000 Identity loss 1.000000
Proc (144/1100): 21.375Hz Ls 5.675 SYT1 6.944% IDT1 31.111%
Proc (324/1100): 21.173Hz Ls 5.624 SYT1 6.991% IDT1 31.944%
Proc (504/1100): 21.145Hz Ls 5.621 SYT1 6.883% IDT1 31.667%
Proc (684/1100): 21.421Hz Ls 5.645 SYT1 6.813% IDT1 30.694%
Proc (864/1100): 20.775Hz Ls 5.645 SYT1 6.827% IDT1 31.667%
Proc (1044/1100): 21.549Hz Ls 5.659 SYT1 6.749% IDT1 31.759% 
Content loss 1.000000 Identity loss 1.000000
Proc (144/180): 58.296Hz Ls 6.125 SYT1 5.895% IDT1 8.889% 
2021-05-04 20:29:11 data/exp03: IT 11, LR 0.000060, TACC 31.76, TLOSS 5.658691, VACC 8.89, VLOSS 6.124543

2021-05-04 20:29:11 Saving model 11

2021-05-04 20:29:11 12 Start Iteration
Content loss 1.000000 Identity loss 1.000000
Proc (144/1100): 21.001Hz Ls 5.667 SYT1 7.500% IDT1 30.556%
Proc (324/1100): 20.815Hz Ls 5.643 SYT1 7.346% IDT1 33.056%
Proc (504/1100): 20.944Hz Ls 5.616 SYT1 7.315% IDT1 35.556%
Proc (684/1100): 23.518Hz Ls 5.629 SYT1 7.207% IDT1 35.139%
Proc (864/1100): 21.293Hz Ls 5.625 SYT1 6.981% IDT1 34.222%
Proc (1044/1100): 21.142Hz Ls 5.619 SYT1 7.027% IDT1 33.241% 
Content loss 1.000000 Identity loss 1.000000
Proc (144/180): 63.158Hz Ls 6.089 SYT1 5.525% IDT1 8.333% 
2021-05-04 20:30:41 data/exp03: IT 12, LR 0.000057, TACC 33.24, TLOSS 5.619355, VACC 8.33, VLOSS 6.089372

2021-05-04 20:30:41 Saving model 12

2021-05-04 20:30:41 13 Start Iteration
Content loss 1.000000 Identity loss 1.000000
Proc (144/1100): 20.861Hz Ls 5.575 SYT1 7.160% IDT1 32.222%
Proc (324/1100): 20.541Hz Ls 5.557 SYT1 7.037% IDT1 33.611%
Proc (504/1100): 21.316Hz Ls 5.567 SYT1 6.944% IDT1 33.148%
Proc (684/1100): 23.470Hz Ls 5.565 SYT1 6.867% IDT1 33.611%
Proc (864/1100): 23.202Hz Ls 5.569 SYT1 6.889% IDT1 34.889%
Proc (1044/1100): 21.088Hz Ls 5.563 SYT1 6.924% IDT1 34.722% 
Content loss 1.000000 Identity loss 1.000000
Proc (144/180): 57.003Hz Ls 6.057 SYT1 5.772% IDT1 9.444% 
2021-05-04 20:32:09 data/exp03: IT 13, LR 0.000054, TACC 34.72, TLOSS 5.562857, VACC 9.44, VLOSS 6.057361

2021-05-04 20:32:09 Saving model 13

2021-05-04 20:32:09 14 Start Iteration
Content loss 1.000000 Identity loss 1.000000
Proc (144/1100): 22.122Hz Ls 5.478 SYT1 6.420% IDT1 41.111%
Proc (324/1100): 21.615Hz Ls 5.494 SYT1 6.898% IDT1 35.833%
Proc (504/1100): 21.671Hz Ls 5.510 SYT1 6.852% IDT1 36.296%
Proc (684/1100): 21.095Hz Ls 5.507 SYT1 7.014% IDT1 36.944%
Proc (864/1100): 21.475Hz Ls 5.513 SYT1 6.951% IDT1 37.444%
Proc (1044/1100): 21.177Hz Ls 5.526 SYT1 6.898% IDT1 36.019% 
Content loss 1.000000 Identity loss 1.000000
Proc (144/180): 62.699Hz Ls 6.050 SYT1 5.772% IDT1 10.000% 
2021-05-04 20:33:38 data/exp03: IT 14, LR 0.000051, TACC 36.02, TLOSS 5.526285, VACC 10.00, VLOSS 6.050227

2021-05-04 20:33:38 Saving model 14

2021-05-04 20:33:38 15 Start Iteration
Content loss 1.000000 Identity loss 1.000000
Proc (144/1100): 22.196Hz Ls 5.509 SYT1 7.469% IDT1 39.444%
Proc (324/1100): 20.627Hz Ls 5.467 SYT1 7.500% IDT1 40.556%
Proc (504/1100): 21.913Hz Ls 5.483 SYT1 7.397% IDT1 39.074%
Proc (684/1100): 21.846Hz Ls 5.464 SYT1 7.284% IDT1 38.611%
Proc (864/1100): 22.428Hz Ls 5.476 SYT1 7.290% IDT1 38.111%
Proc (1044/1100): 21.072Hz Ls 5.477 SYT1 7.114% IDT1 37.593% 
Content loss 1.000000 Identity loss 1.000000
Proc (144/180): 63.296Hz Ls 6.055 SYT1 5.833% IDT1 8.889% 
2021-05-04 20:35:06 data/exp03: IT 15, LR 0.000049, TACC 37.59, TLOSS 5.476743, VACC 8.89, VLOSS 6.054885

2021-05-04 20:35:06 Saving model 15

2021-05-04 20:35:06 16 Start Iteration
Content loss 1.000000 Identity loss 1.000000
Proc (144/1100): 21.024Hz Ls 5.469 SYT1 7.191% IDT1 35.556%
Proc (324/1100): 21.739Hz Ls 5.450 SYT1 7.114% IDT1 38.056%
Proc (504/1100): 23.633Hz Ls 5.450 SYT1 6.975% IDT1 37.407%
Proc (684/1100): 21.925Hz Ls 5.449 SYT1 7.153% IDT1 36.667%
Proc (864/1100): 21.302Hz Ls 5.453 SYT1 7.253% IDT1 37.444%
Proc (1044/1100): 21.883Hz Ls 5.442 SYT1 7.305% IDT1 38.889% 
Content loss 1.000000 Identity loss 1.000000
Proc (144/180): 62.145Hz Ls 6.046 SYT1 5.833% IDT1 9.444% 
2021-05-04 20:36:34 data/exp03: IT 16, LR 0.000046, TACC 38.89, TLOSS 5.442397, VACC 9.44, VLOSS 6.045817

2021-05-04 20:36:34 Saving model 16

2021-05-04 20:36:34 17 Start Iteration
Content loss 1.000000 Identity loss 1.000000
Proc (144/1100): 22.416Hz Ls 5.403 SYT1 7.562% IDT1 38.889%
Proc (324/1100): 21.569Hz Ls 5.403 SYT1 7.670% IDT1 40.000%
Proc (504/1100): 21.250Hz Ls 5.398 SYT1 7.685% IDT1 40.556%
Proc (684/1100): 21.513Hz Ls 5.409 SYT1 7.662% IDT1 40.278%
Proc (864/1100): 21.036Hz Ls 5.413 SYT1 7.525% IDT1 40.000%
Proc (1044/1100): 20.625Hz Ls 5.410 SYT1 7.454% IDT1 40.185% 
Content loss 1.000000 Identity loss 1.000000
Proc (144/180): 63.275Hz Ls 6.003 SYT1 5.864% IDT1 11.111% 
2021-05-04 20:38:03 data/exp03: IT 17, LR 0.000044, TACC 40.19, TLOSS 5.409825, VACC 11.11, VLOSS 6.003245

2021-05-04 20:38:03 Saving model 17

2021-05-04 20:38:03 18 Start Iteration
Content loss 1.000000 Identity loss 1.000000
Proc (144/1100): 20.986Hz Ls 5.392 SYT1 7.037% IDT1 33.889%
Proc (324/1100): 21.770Hz Ls 5.379 SYT1 7.068% IDT1 41.389%
Proc (504/1100): 23.402Hz Ls 5.366 SYT1 7.490% IDT1 40.741%
Proc (684/1100): 20.918Hz Ls 5.373 SYT1 7.446% IDT1 40.833%
Proc (864/1100): 22.244Hz Ls 5.373 SYT1 7.327% IDT1 41.222%
Proc (1044/1100): 19.553Hz Ls 5.369 SYT1 7.310% IDT1 41.204% 
Content loss 1.000000 Identity loss 1.000000
Proc (144/180): 57.617Hz Ls 6.001 SYT1 5.833% IDT1 7.778% 
2021-05-04 20:39:32 data/exp03: IT 18, LR 0.000042, TACC 41.20, TLOSS 5.368571, VACC 7.78, VLOSS 6.000905

2021-05-04 20:39:32 Saving model 18

2021-05-04 20:39:32 19 Start Iteration
Content loss 1.000000 Identity loss 1.000000
Proc (144/1100): 22.017Hz Ls 5.386 SYT1 7.500% IDT1 41.667%
Proc (324/1100): 23.285Hz Ls 5.374 SYT1 7.685% IDT1 40.278%
Proc (504/1100): 22.146Hz Ls 5.395 SYT1 7.521% IDT1 39.444%
Proc (684/1100): 21.592Hz Ls 5.381 SYT1 7.384% IDT1 41.667%
Proc (864/1100): 22.054Hz Ls 5.362 SYT1 7.327% IDT1 42.778%
Proc (1044/1100): 20.683Hz Ls 5.364 SYT1 7.366% IDT1 42.315% 
Content loss 1.000000 Identity loss 1.000000
Proc (144/180): 54.812Hz Ls 5.991 SYT1 5.525% IDT1 10.000% 
2021-05-04 20:40:59 data/exp03: IT 19, LR 0.000040, TACC 42.31, TLOSS 5.363542, VACC 10.00, VLOSS 5.991485

2021-05-04 20:40:59 Saving model 19

2021-05-04 20:40:59 20 Start Iteration
Content loss 1.000000 Identity loss 1.000000
Proc (144/1100): 21.854Hz Ls 5.309 SYT1 7.346% IDT1 48.333%
Proc (324/1100): 21.368Hz Ls 5.334 SYT1 7.346% IDT1 45.278%
Proc (504/1100): 21.186Hz Ls 5.321 SYT1 7.356% IDT1 43.704%
Proc (684/1100): 21.749Hz Ls 5.315 SYT1 7.485% IDT1 42.500%
Proc (864/1100): 20.619Hz Ls 5.316 SYT1 7.469% IDT1 42.667%
Proc (1044/1100): 21.835Hz Ls 5.315 SYT1 7.454% IDT1 42.500% 
Content loss 1.000000 Identity loss 1.000000
Proc (144/180): 63.688Hz Ls 6.006 SYT1 5.772% IDT1 7.222% 
2021-05-04 20:42:27 data/exp03: IT 20, LR 0.000038, TACC 42.50, TLOSS 5.314835, VACC 7.22, VLOSS 6.005772

2021-05-04 20:42:27 Saving model 20

2021-05-04 20:42:27 21 Start Iteration
Content loss 1.000000 Identity loss 1.000000
Proc (144/1100): 20.857Hz Ls 5.333 SYT1 7.438% IDT1 41.111%
Proc (324/1100): 23.022Hz Ls 5.305 SYT1 7.485% IDT1 44.722%
Proc (504/1100): 23.683Hz Ls 5.309 SYT1 7.510% IDT1 45.741%
Proc (684/1100): 21.737Hz Ls 5.305 SYT1 7.438% IDT1 45.556%
Proc (864/1100): 20.940Hz Ls 5.303 SYT1 7.407% IDT1 44.556%
Proc (1044/1100): 20.816Hz Ls 5.303 SYT1 7.485% IDT1 44.167% 
Content loss 1.000000 Identity loss 1.000000
Proc (144/180): 63.411Hz Ls 5.978 SYT1 5.772% IDT1 8.333% 
2021-05-04 20:43:55 data/exp03: IT 21, LR 0.000036, TACC 44.17, TLOSS 5.302673, VACC 8.33, VLOSS 5.977860

2021-05-04 20:43:55 Saving model 21

2021-05-04 20:43:55 22 Start Iteration
Content loss 1.000000 Identity loss 1.000000
Proc (144/1100): 22.284Hz Ls 5.249 SYT1 8.117% IDT1 48.889%
Proc (324/1100): 19.619Hz Ls 5.253 SYT1 7.855% IDT1 47.500%
Proc (504/1100): 22.196Hz Ls 5.271 SYT1 7.798% IDT1 49.259%
Proc (684/1100): 21.803Hz Ls 5.271 SYT1 7.654% IDT1 49.444%
Proc (864/1100): 21.978Hz Ls 5.273 SYT1 7.704% IDT1 47.667%
Proc (1044/1100): 23.310Hz Ls 5.282 SYT1 7.680% IDT1 46.852% 
Content loss 1.000000 Identity loss 1.000000
Proc (144/180): 62.775Hz Ls 5.983 SYT1 5.741% IDT1 8.889% 
2021-05-04 20:45:22 data/exp03: IT 22, LR 0.000034, TACC 46.85, TLOSS 5.281686, VACC 8.89, VLOSS 5.982634

2021-05-04 20:45:22 Saving model 22

2021-05-04 20:45:22 23 Start Iteration
Content loss 1.000000 Identity loss 1.000000
Proc (144/1100): 22.057Hz Ls 5.294 SYT1 7.562% IDT1 40.000%
Proc (324/1100): 21.680Hz Ls 5.258 SYT1 7.377% IDT1 44.167%
Proc (504/1100): 21.737Hz Ls 5.251 SYT1 7.459% IDT1 46.111%
Proc (684/1100): 20.953Hz Ls 5.240 SYT1 7.492% IDT1 47.222%
Proc (864/1100): 21.998Hz Ls 5.250 SYT1 7.580% IDT1 46.333%
Proc (1044/1100): 21.820Hz Ls 5.256 SYT1 7.536% IDT1 45.648% 
Content loss 1.000000 Identity loss 1.000000
Proc (144/180): 63.903Hz Ls 5.972 SYT1 5.648% IDT1 8.333% 
2021-05-04 20:46:50 data/exp03: IT 23, LR 0.000032, TACC 45.65, TLOSS 5.255886, VACC 8.33, VLOSS 5.972484

2021-05-04 20:46:50 Saving model 23

2021-05-04 20:46:50 24 Start Iteration
Content loss 1.000000 Identity loss 1.000000
Proc (144/1100): 22.054Hz Ls 5.297 SYT1 7.407% IDT1 48.333%
Proc (324/1100): 20.690Hz Ls 5.225 SYT1 7.654% IDT1 52.222%
Proc (504/1100): 18.610Hz Ls 5.222 SYT1 7.716% IDT1 52.407%
Proc (684/1100): 21.974Hz Ls 5.222 SYT1 7.708% IDT1 52.083%
Proc (864/1100): 22.100Hz Ls 5.214 SYT1 7.716% IDT1 51.667%
Proc (1044/1100): 23.276Hz Ls 5.210 SYT1 7.747% IDT1 51.389% 
Content loss 1.000000 Identity loss 1.000000
Proc (144/180): 57.086Hz Ls 5.957 SYT1 5.895% IDT1 12.222% 
2021-05-04 20:48:19 data/exp03: IT 24, LR 0.000031, TACC 51.39, TLOSS 5.210496, VACC 12.22, VLOSS 5.956853

2021-05-04 20:48:19 Saving model 24

2021-05-04 20:48:19 25 Start Iteration
Content loss 1.000000 Identity loss 1.000000
Proc (144/1100): 21.062Hz Ls 5.170 SYT1 7.778% IDT1 47.778%
Proc (324/1100): 21.307Hz Ls 5.193 SYT1 7.978% IDT1 50.278%
Proc (504/1100): 23.610Hz Ls 5.200 SYT1 7.829% IDT1 49.630%
Proc (684/1100): 20.988Hz Ls 5.186 SYT1 7.840% IDT1 49.722%
Proc (864/1100): 21.758Hz Ls 5.191 SYT1 7.654% IDT1 49.444%
Proc (1044/1100): 20.946Hz Ls 5.201 SYT1 7.644% IDT1 48.981% 
Content loss 1.000000 Identity loss 1.000000
Proc (144/180): 57.556Hz Ls 5.965 SYT1 6.111% IDT1 9.444% 
2021-05-04 20:49:46 data/exp03: IT 25, LR 0.000029, TACC 48.98, TLOSS 5.200505, VACC 9.44, VLOSS 5.964755

2021-05-04 20:49:46 Saving model 25

2021-05-04 20:49:47 26 Start Iteration
Content loss 1.000000 Identity loss 1.000000
Proc (144/1100): 23.751Hz Ls 5.183 SYT1 7.562% IDT1 56.667%
Proc (324/1100): 21.533Hz Ls 5.163 SYT1 7.762% IDT1 54.722%
Proc (504/1100): 22.239Hz Ls 5.173 SYT1 7.644% IDT1 51.111%
Proc (684/1100): 21.735Hz Ls 5.175 SYT1 7.762% IDT1 50.833%
Proc (864/1100): 22.299Hz Ls 5.174 SYT1 7.660% IDT1 51.667%
Proc (1044/1100): 23.282Hz Ls 5.178 SYT1 7.649% IDT1 51.667% 
Content loss 1.000000 Identity loss 1.000000
Proc (144/180): 55.165Hz Ls 5.952 SYT1 5.833% IDT1 10.000% 
2021-05-04 20:51:13 data/exp03: IT 26, LR 0.000028, TACC 51.67, TLOSS 5.177628, VACC 10.00, VLOSS 5.951849

2021-05-04 20:51:13 Saving model 26

2021-05-04 20:51:15 27 Start Iteration
Content loss 1.000000 Identity loss 1.000000
Proc (144/1100): 21.570Hz Ls 5.170 SYT1 7.932% IDT1 50.556%
Proc (324/1100): 21.709Hz Ls 5.183 SYT1 8.009% IDT1 52.778%
Proc (504/1100): 22.541Hz Ls 5.181 SYT1 8.107% IDT1 52.593%
Proc (684/1100): 23.223Hz Ls 5.169 SYT1 7.971% IDT1 53.750%
Proc (864/1100): 21.027Hz Ls 5.177 SYT1 7.914% IDT1 52.889%
Proc (1044/1100): 20.697Hz Ls 5.176 SYT1 7.953% IDT1 52.407% 
Content loss 1.000000 Identity loss 1.000000
Proc (144/180): 55.684Hz Ls 5.965 SYT1 5.679% IDT1 7.778% 
2021-05-04 20:52:42 data/exp03: IT 27, LR 0.000026, TACC 52.41, TLOSS 5.176073, VACC 7.78, VLOSS 5.964602

2021-05-04 20:52:42 Saving model 27

2021-05-04 20:52:42 28 Start Iteration
Content loss 1.000000 Identity loss 1.000000
Proc (144/1100): 21.911Hz Ls 5.158 SYT1 7.531% IDT1 53.889%
Proc (324/1100): 21.273Hz Ls 5.170 SYT1 7.747% IDT1 51.944%
Proc (504/1100): 22.039Hz Ls 5.163 SYT1 7.870% IDT1 49.630%
Proc (684/1100): 21.283Hz Ls 5.152 SYT1 7.840% IDT1 50.556%
Proc (864/1100): 23.035Hz Ls 5.148 SYT1 7.901% IDT1 50.333%
Proc (1044/1100): 21.909Hz Ls 5.147 SYT1 7.855% IDT1 49.907% 
Content loss 1.000000 Identity loss 1.000000
Proc (144/180): 66.922Hz Ls 5.937 SYT1 5.895% IDT1 10.000% 
2021-05-04 20:54:09 data/exp03: IT 28, LR 0.000025, TACC 49.91, TLOSS 5.146866, VACC 10.00, VLOSS 5.937318

2021-05-04 20:54:09 Saving model 28

2021-05-04 20:54:09 29 Start Iteration
Content loss 1.000000 Identity loss 1.000000
Proc (144/1100): 23.845Hz Ls 5.101 SYT1 8.241% IDT1 56.111%
Proc (324/1100): 21.337Hz Ls 5.113 SYT1 8.333% IDT1 54.444%
Proc (504/1100): 21.068Hz Ls 5.129 SYT1 8.210% IDT1 51.667%
Proc (684/1100): 21.777Hz Ls 5.119 SYT1 8.179% IDT1 51.528%
Proc (864/1100): 20.804Hz Ls 5.125 SYT1 8.043% IDT1 52.556%
Proc (1044/1100): 21.585Hz Ls 5.128 SYT1 7.984% IDT1 52.130% 
Content loss 1.000000 Identity loss 1.000000
Proc (144/180): 55.974Hz Ls 5.930 SYT1 5.710% IDT1 11.667% 
2021-05-04 20:55:38 data/exp03: IT 29, LR 0.000024, TACC 52.13, TLOSS 5.128000, VACC 11.67, VLOSS 5.930075

2021-05-04 20:55:38 Saving model 29

2021-05-04 20:55:39 30 Start Iteration
Content loss 1.000000 Identity loss 1.000000
Proc (144/1100): 22.152Hz Ls 5.118 SYT1 8.025% IDT1 59.444%
Proc (324/1100): 20.707Hz Ls 5.123 SYT1 7.793% IDT1 55.833%
Proc (504/1100): 22.157Hz Ls 5.121 SYT1 7.912% IDT1 53.148%
Proc (684/1100): 22.903Hz Ls 5.113 SYT1 7.870% IDT1 54.028%
Proc (864/1100): 21.299Hz Ls 5.108 SYT1 7.907% IDT1 54.222%
Proc (1044/1100): 21.673Hz Ls 5.098 SYT1 7.834% IDT1 54.537% 
Content loss 1.000000 Identity loss 1.000000
Proc (144/180): 66.468Hz Ls 5.941 SYT1 5.741% IDT1 10.000% 
2021-05-04 20:57:06 data/exp03: IT 30, LR 0.000023, TACC 54.54, TLOSS 5.098048, VACC 10.00, VLOSS 5.940675

2021-05-04 20:57:06 Saving model 30

2021-05-04 20:57:06 31 Start Iteration
Content loss 1.000000 Identity loss 1.000000
Proc (144/1100): 21.838Hz Ls 5.107 SYT1 7.623% IDT1 56.111%
Proc (324/1100): 23.387Hz Ls 5.099 SYT1 7.716% IDT1 54.722%
Proc (504/1100): 22.026Hz Ls 5.108 SYT1 7.840% IDT1 53.889%
Proc (684/1100): 20.819Hz Ls 5.101 SYT1 7.994% IDT1 54.306%
Proc (864/1100): 21.818Hz Ls 5.108 SYT1 7.963% IDT1 53.778%
Proc (1044/1100): 21.123Hz Ls 5.109 SYT1 8.030% IDT1 53.704% 
Content loss 1.000000 Identity loss 1.000000
Proc (144/180): 62.914Hz Ls 5.923 SYT1 5.926% IDT1 8.889% 
2021-05-04 20:58:32 data/exp03: IT 31, LR 0.000021, TACC 53.70, TLOSS 5.108573, VACC 8.89, VLOSS 5.922839

2021-05-04 20:58:32 Saving model 31

2021-05-04 20:58:32 32 Start Iteration
Content loss 1.000000 Identity loss 1.000000
Proc (144/1100): 23.075Hz Ls 5.089 SYT1 8.086% IDT1 52.222%
Proc (324/1100): 21.861Hz Ls 5.094 SYT1 7.932% IDT1 53.333%
Proc (504/1100): 20.079Hz Ls 5.087 SYT1 7.819% IDT1 55.926%
Proc (684/1100): 21.689Hz Ls 5.094 SYT1 7.855% IDT1 56.528%
Proc (864/1100): 21.778Hz Ls 5.086 SYT1 8.019% IDT1 56.889%
Proc (1044/1100): 23.255Hz Ls 5.081 SYT1 8.004% IDT1 56.296% 
Content loss 1.000000 Identity loss 1.000000
Proc (144/180): 62.636Hz Ls 5.941 SYT1 5.679% IDT1 8.333% 
2021-05-04 20:59:59 data/exp03: IT 32, LR 0.000020, TACC 56.30, TLOSS 5.081364, VACC 8.33, VLOSS 5.940926

2021-05-04 20:59:59 Saving model 32

2021-05-04 20:59:59 33 Start Iteration
Content loss 1.000000 Identity loss 1.000000
Proc (144/1100): 21.567Hz Ls 5.069 SYT1 8.426% IDT1 52.222%
Proc (324/1100): 21.784Hz Ls 5.070 SYT1 8.009% IDT1 54.167%
Proc (504/1100): 20.975Hz Ls 5.057 SYT1 7.953% IDT1 56.296%
Proc (684/1100): 21.738Hz Ls 5.063 SYT1 7.971% IDT1 56.111%
Proc (864/1100): 23.597Hz Ls 5.065 SYT1 7.951% IDT1 56.222%
Proc (1044/1100): 21.763Hz Ls 5.068 SYT1 7.953% IDT1 55.648% 
Content loss 1.000000 Identity loss 1.000000
Proc (144/180): 55.858Hz Ls 5.912 SYT1 6.142% IDT1 11.667% 
2021-05-04 21:01:27 data/exp03: IT 33, LR 0.000019, TACC 55.65, TLOSS 5.068175, VACC 11.67, VLOSS 5.911776

2021-05-04 21:01:27 Saving model 33

2021-05-04 21:01:27 34 Start Iteration
Content loss 1.000000 Identity loss 1.000000
Proc (144/1100): 21.681Hz Ls 5.048 SYT1 8.086% IDT1 56.111%
Proc (324/1100): 20.689Hz Ls 5.048 SYT1 7.716% IDT1 56.667%
Proc (504/1100): 21.871Hz Ls 5.046 SYT1 8.107% IDT1 58.148%
Proc (684/1100): 21.818Hz Ls 5.063 SYT1 8.056% IDT1 57.083%
Proc (864/1100): 21.882Hz Ls 5.068 SYT1 8.117% IDT1 56.222%
Proc (1044/1100): 21.866Hz Ls 5.067 SYT1 8.086% IDT1 55.833% 
Content loss 1.000000 Identity loss 1.000000
Proc (144/180): 62.622Hz Ls 5.939 SYT1 5.957% IDT1 11.111% 
2021-05-04 21:02:54 data/exp03: IT 34, LR 0.000018, TACC 55.83, TLOSS 5.066534, VACC 11.11, VLOSS 5.939452

2021-05-04 21:02:54 Saving model 34

2021-05-04 21:02:54 35 Start Iteration
Content loss 1.000000 Identity loss 1.000000
Proc (144/1100): 23.187Hz Ls 5.057 SYT1 7.901% IDT1 56.667%
Proc (324/1100): 21.662Hz Ls 5.054 SYT1 7.994% IDT1 55.000%
Proc (504/1100): 21.790Hz Ls 5.056 SYT1 8.117% IDT1 57.222%
Proc (684/1100): 21.577Hz Ls 5.051 SYT1 8.133% IDT1 58.194%
Proc (864/1100): 22.149Hz Ls 5.052 SYT1 8.216% IDT1 58.000%
Proc (1044/1100): 21.579Hz Ls 5.046 SYT1 8.189% IDT1 57.222% 
Content loss 1.000000 Identity loss 1.000000
Proc (144/180): 62.612Hz Ls 5.945 SYT1 5.710% IDT1 11.111% 
2021-05-04 21:04:22 data/exp03: IT 35, LR 0.000017, TACC 57.22, TLOSS 5.046202, VACC 11.11, VLOSS 5.945428

2021-05-04 21:04:22 Saving model 35

2021-05-04 21:04:22 36 Start Iteration
Content loss 1.000000 Identity loss 1.000000
Proc (144/1100): 23.212Hz Ls 5.025 SYT1 8.086% IDT1 55.556%
Proc (324/1100): 20.677Hz Ls 5.024 SYT1 7.840% IDT1 58.056%
Proc (504/1100): 22.456Hz Ls 5.025 SYT1 7.973% IDT1 58.148%
Proc (684/1100): 22.289Hz Ls 5.037 SYT1 7.986% IDT1 57.917%
Proc (864/1100): 20.925Hz Ls 5.043 SYT1 8.025% IDT1 56.333%
Proc (1044/1100): 20.916Hz Ls 5.034 SYT1 8.076% IDT1 57.407% 
Content loss 1.000000 Identity loss 1.000000
Proc (144/180): 61.864Hz Ls 5.937 SYT1 5.895% IDT1 8.333% 
2021-05-04 21:05:51 data/exp03: IT 36, LR 0.000017, TACC 57.41, TLOSS 5.033633, VACC 8.33, VLOSS 5.937356

2021-05-04 21:05:51 Saving model 36

2021-05-04 21:05:52 37 Start Iteration
Content loss 1.000000 Identity loss 1.000000
Proc (144/1100): 21.974Hz Ls 5.043 SYT1 8.179% IDT1 53.889%
Proc (324/1100): 21.808Hz Ls 5.013 SYT1 8.349% IDT1 55.833%
Proc (504/1100): 21.085Hz Ls 5.025 SYT1 8.158% IDT1 57.222%
Proc (684/1100): 21.702Hz Ls 5.031 SYT1 8.164% IDT1 57.083%
Proc (864/1100): 21.008Hz Ls 5.027 SYT1 8.142% IDT1 56.778%
Proc (1044/1100): 21.037Hz Ls 5.027 SYT1 8.148% IDT1 56.759% 
Content loss 1.000000 Identity loss 1.000000
Proc (144/180): 63.742Hz Ls 5.939 SYT1 5.957% IDT1 9.444% 
2021-05-04 21:07:20 data/exp03: IT 37, LR 0.000016, TACC 56.76, TLOSS 5.026751, VACC 9.44, VLOSS 5.939174

2021-05-04 21:07:20 Saving model 37

2021-05-04 21:07:20 38 Start Iteration
Content loss 1.000000 Identity loss 1.000000
Proc (144/1100): 22.311Hz Ls 5.009 SYT1 7.469% IDT1 59.444%
Proc (324/1100): 21.903Hz Ls 5.005 SYT1 7.932% IDT1 61.389%
Proc (504/1100): 22.012Hz Ls 5.008 SYT1 8.004% IDT1 60.185%
Proc (684/1100): 22.371Hz Ls 5.004 SYT1 8.040% IDT1 61.111%
Proc (864/1100): 22.045Hz Ls 5.006 SYT1 8.093% IDT1 61.667%
Proc (1044/1100): 20.839Hz Ls 5.009 SYT1 8.025% IDT1 61.019% 
Content loss 1.000000 Identity loss 1.000000
Proc (144/180): 61.567Hz Ls 5.926 SYT1 6.080% IDT1 10.000% 
2021-05-04 21:08:47 data/exp03: IT 38, LR 0.000015, TACC 61.02, TLOSS 5.009193, VACC 10.00, VLOSS 5.926452

2021-05-04 21:08:47 Saving model 38

2021-05-04 21:08:47 39 Start Iteration
Content loss 1.000000 Identity loss 1.000000
Proc (144/1100): 21.903Hz Ls 4.950 SYT1 9.414% IDT1 62.222%
Proc (324/1100): 20.731Hz Ls 4.970 SYT1 8.596% IDT1 61.667%
Proc (504/1100): 20.708Hz Ls 4.978 SYT1 8.755% IDT1 60.185%
Proc (684/1100): 20.512Hz Ls 4.980 SYT1 8.642% IDT1 58.889%
Proc (864/1100): 22.015Hz Ls 4.983 SYT1 8.500% IDT1 58.778%
Proc (1044/1100): 21.777Hz Ls 4.988 SYT1 8.498% IDT1 58.611% 
Content loss 1.000000 Identity loss 1.000000
Proc (144/180): 62.454Hz Ls 5.897 SYT1 6.080% IDT1 10.000% 
2021-05-04 21:10:15 data/exp03: IT 39, LR 0.000014, TACC 58.61, TLOSS 4.988292, VACC 10.00, VLOSS 5.896914

2021-05-04 21:10:15 Saving model 39

2021-05-04 21:10:16 40 Start Iteration
Content loss 1.000000 Identity loss 1.000000
Proc (144/1100): 15.735Hz Ls 5.001 SYT1 8.117% IDT1 55.556%
Proc (324/1100): 20.281Hz Ls 4.996 SYT1 8.318% IDT1 58.889%
Proc (504/1100): 22.289Hz Ls 5.012 SYT1 8.148% IDT1 59.630%
Proc (684/1100): 21.804Hz Ls 5.015 SYT1 8.202% IDT1 59.167%
Proc (864/1100): 20.769Hz Ls 5.004 SYT1 8.198% IDT1 60.778%
Proc (1044/1100): 20.765Hz Ls 4.995 SYT1 8.169% IDT1 61.111% 
Content loss 1.000000 Identity loss 1.000000
Proc (144/180): 55.888Hz Ls 5.902 SYT1 6.173% IDT1 9.444% 
2021-05-04 21:11:47 data/exp03: IT 40, LR 0.000014, TACC 61.11, TLOSS 4.995145, VACC 9.44, VLOSS 5.901889

2021-05-04 21:11:47 Saving model 40

2021-05-04 21:11:48 41 Start Iteration
Content loss 1.000000 Identity loss 1.000000
Proc (144/1100): 21.210Hz Ls 5.006 SYT1 8.488% IDT1 61.111%
Proc (324/1100): 20.748Hz Ls 5.006 SYT1 8.534% IDT1 59.167%
Proc (504/1100): 21.156Hz Ls 4.989 SYT1 8.549% IDT1 61.296%
Proc (684/1100): 20.891Hz Ls 4.988 SYT1 8.418% IDT1 61.528%
Proc (864/1100): 21.247Hz Ls 4.991 SYT1 8.259% IDT1 62.000%
Proc (1044/1100): 20.892Hz Ls 4.989 SYT1 8.158% IDT1 61.019% 
Content loss 1.000000 Identity loss 1.000000
Proc (144/180): 57.946Hz Ls 5.909 SYT1 6.019% IDT1 10.556% 
2021-05-04 21:13:17 data/exp03: IT 41, LR 0.000013, TACC 61.02, TLOSS 4.988687, VACC 10.56, VLOSS 5.909250

2021-05-04 21:13:17 Saving model 41

2021-05-04 21:13:17 42 Start Iteration
Content loss 1.000000 Identity loss 1.000000
Proc (144/1100): 20.574Hz Ls 4.911 SYT1 8.426% IDT1 63.333%
Proc (324/1100): 23.507Hz Ls 4.946 SYT1 7.994% IDT1 61.389%
Proc (504/1100): 20.896Hz Ls 4.976 SYT1 8.251% IDT1 61.667%
Proc (684/1100): 20.980Hz Ls 4.980 SYT1 8.349% IDT1 61.528%
Proc (864/1100): 20.704Hz Ls 4.984 SYT1 8.340% IDT1 61.333%
Proc (1044/1100): 20.811Hz Ls 4.990 SYT1 8.251% IDT1 60.741% 
Content loss 1.000000 Identity loss 1.000000
Proc (144/180): 59.932Hz Ls 5.927 SYT1 5.833% IDT1 8.333% 
2021-05-04 21:14:46 data/exp03: IT 42, LR 0.000012, TACC 60.74, TLOSS 4.990122, VACC 8.33, VLOSS 5.927217

2021-05-04 21:14:46 Saving model 42

2021-05-04 21:14:46 43 Start Iteration
Content loss 1.000000 Identity loss 1.000000
Proc (144/1100): 21.895Hz Ls 4.950 SYT1 8.735% IDT1 61.667%
Proc (324/1100): 20.906Hz Ls 4.956 SYT1 8.534% IDT1 62.778%
Proc (504/1100): 20.981Hz Ls 4.960 SYT1 8.374% IDT1 60.741%
Proc (684/1100): 20.976Hz Ls 4.955 SYT1 8.372% IDT1 62.083%
Proc (864/1100): 21.372Hz Ls 4.957 SYT1 8.451% IDT1 61.333%
Proc (1044/1100): 19.252Hz Ls 4.964 SYT1 8.405% IDT1 61.944% 
Content loss 1.000000 Identity loss 1.000000
Proc (144/180): 56.462Hz Ls 5.916 SYT1 5.864% IDT1 10.000% 
2021-05-04 21:16:15 data/exp03: IT 43, LR 0.000012, TACC 61.94, TLOSS 4.963594, VACC 10.00, VLOSS 5.916308

2021-05-04 21:16:15 Saving model 43

2021-05-04 21:16:15 44 Start Iteration
Content loss 1.000000 Identity loss 1.000000
Proc (144/1100): 22.301Hz Ls 4.985 SYT1 8.796% IDT1 62.222%
Proc (324/1100): 20.936Hz Ls 4.956 SYT1 8.827% IDT1 60.833%
Proc (504/1100): 21.081Hz Ls 4.947 SYT1 8.621% IDT1 60.741%
Proc (684/1100): 20.839Hz Ls 4.952 SYT1 8.534% IDT1 60.417%
Proc (864/1100): 20.824Hz Ls 4.951 SYT1 8.481% IDT1 61.222%
Proc (1044/1100): 21.089Hz Ls 4.949 SYT1 8.462% IDT1 61.481% 
Content loss 1.000000 Identity loss 1.000000
Proc (144/180): 61.030Hz Ls 5.913 SYT1 5.802% IDT1 12.222% 
2021-05-04 21:17:45 data/exp03: IT 44, LR 0.000011, TACC 61.48, TLOSS 4.949279, VACC 12.22, VLOSS 5.913130

2021-05-04 21:17:45 Saving model 44

2021-05-04 21:17:45 45 Start Iteration
Content loss 1.000000 Identity loss 1.000000
Proc (144/1100): 21.686Hz Ls 4.916 SYT1 8.302% IDT1 68.889%
Proc (324/1100): 23.287Hz Ls 4.939 SYT1 8.441% IDT1 62.778%
Proc (504/1100): 20.726Hz Ls 4.946 SYT1 8.416% IDT1 63.148%
Proc (684/1100): 22.270Hz Ls 4.955 SYT1 8.295% IDT1 61.944%
Proc (864/1100): 21.067Hz Ls 4.937 SYT1 8.247% IDT1 64.556%
Proc (1044/1100): 21.136Hz Ls 4.936 SYT1 8.374% IDT1 64.630% 
Content loss 1.000000 Identity loss 1.000000
Proc (144/180): 61.176Hz Ls 5.911 SYT1 6.019% IDT1 11.667% 
2021-05-04 21:19:14 data/exp03: IT 45, LR 0.000010, TACC 64.63, TLOSS 4.936294, VACC 11.67, VLOSS 5.911430

2021-05-04 21:19:14 Saving model 45

2021-05-04 21:19:15 46 Start Iteration
Content loss 1.000000 Identity loss 1.000000
Proc (144/1100): 21.747Hz Ls 4.936 SYT1 8.241% IDT1 63.333%
Proc (324/1100): 21.971Hz Ls 4.934 SYT1 8.503% IDT1 62.222%
Proc (504/1100): 21.202Hz Ls 4.935 SYT1 8.374% IDT1 62.778%
Proc (684/1100): 22.624Hz Ls 4.943 SYT1 8.495% IDT1 62.500%
Proc (864/1100): 20.836Hz Ls 4.950 SYT1 8.444% IDT1 63.778%
Proc (1044/1100): 20.973Hz Ls 4.949 SYT1 8.405% IDT1 63.519% 
Content loss 1.000000 Identity loss 1.000000
Proc (144/180): 60.772Hz Ls 5.936 SYT1 5.802% IDT1 10.000% 
2021-05-04 21:20:45 data/exp03: IT 46, LR 0.000010, TACC 63.52, TLOSS 4.949204, VACC 10.00, VLOSS 5.935684

2021-05-04 21:20:45 Saving model 46

2021-05-04 21:20:45 47 Start Iteration
Content loss 1.000000 Identity loss 1.000000
Proc (144/1100): 21.171Hz Ls 4.978 SYT1 8.673% IDT1 67.222%
Proc (324/1100): 20.602Hz Ls 4.940 SYT1 8.719% IDT1 66.667%
Proc (504/1100): 21.008Hz Ls 4.935 SYT1 8.621% IDT1 64.815%
Proc (684/1100): 20.716Hz Ls 4.937 SYT1 8.634% IDT1 63.472%
Proc (864/1100): 21.182Hz Ls 4.923 SYT1 8.586% IDT1 64.333%
Proc (1044/1100): 18.793Hz Ls 4.925 SYT1 8.544% IDT1 63.981% 
Content loss 1.000000 Identity loss 1.000000
Proc (144/180): 56.807Hz Ls 5.923 SYT1 5.957% IDT1 10.556% 
2021-05-04 21:22:15 data/exp03: IT 47, LR 0.000009, TACC 63.98, TLOSS 4.924664, VACC 10.56, VLOSS 5.923443

2021-05-04 21:22:15 Saving model 47

2021-05-04 21:22:15 48 Start Iteration
Content loss 1.000000 Identity loss 1.000000
Proc (144/1100): 23.305Hz Ls 5.000 SYT1 8.488% IDT1 63.889%
Proc (324/1100): 20.800Hz Ls 4.944 SYT1 8.426% IDT1 64.722%
Proc (504/1100): 20.659Hz Ls 4.943 SYT1 8.539% IDT1 64.815%
Proc (684/1100): 22.330Hz Ls 4.942 SYT1 8.696% IDT1 63.889%
Proc (864/1100): 22.359Hz Ls 4.935 SYT1 8.642% IDT1 63.556%
Proc (1044/1100): 21.119Hz Ls 4.933 SYT1 8.632% IDT1 63.796% 
Content loss 1.000000 Identity loss 1.000000
Proc (144/180): 60.860Hz Ls 5.909 SYT1 5.926% IDT1 9.444% 
2021-05-04 21:23:45 data/exp03: IT 48, LR 0.000009, TACC 63.80, TLOSS 4.932825, VACC 9.44, VLOSS 5.908641

2021-05-04 21:23:45 Saving model 48

2021-05-04 21:23:45 49 Start Iteration
Content loss 1.000000 Identity loss 1.000000
Proc (144/1100): 21.222Hz Ls 4.961 SYT1 8.519% IDT1 60.000%
Proc (324/1100): 21.105Hz Ls 4.949 SYT1 8.441% IDT1 63.611%
Proc (504/1100): 21.996Hz Ls 4.957 SYT1 8.313% IDT1 60.741%
Proc (684/1100): 20.726Hz Ls 4.939 SYT1 8.279% IDT1 61.806%
Proc (864/1100): 20.320Hz Ls 4.935 SYT1 8.340% IDT1 62.667%
Proc (1044/1100): 20.753Hz Ls 4.928 SYT1 8.364% IDT1 61.852% 
Content loss 1.000000 Identity loss 1.000000
Proc (144/180): 41.607Hz Ls 5.916 SYT1 5.926% IDT1 10.000% 
2021-05-04 21:25:15 data/exp03: IT 49, LR 0.000009, TACC 61.85, TLOSS 4.927951, VACC 10.00, VLOSS 5.916148

2021-05-04 21:25:15 Saving model 49

2021-05-04 21:25:15 50 Start Iteration
Content loss 1.000000 Identity loss 1.000000
Proc (144/1100): 21.086Hz Ls 4.935 SYT1 8.426% IDT1 62.222%
Proc (324/1100): 20.705Hz Ls 4.899 SYT1 8.179% IDT1 63.056%
Proc (504/1100): 21.217Hz Ls 4.908 SYT1 8.107% IDT1 63.889%
Proc (684/1100): 21.228Hz Ls 4.920 SYT1 8.202% IDT1 62.500%
Proc (864/1100): 21.090Hz Ls 4.923 SYT1 8.247% IDT1 62.556%
Proc (1044/1100): 22.094Hz Ls 4.920 SYT1 8.313% IDT1 62.037% 
Content loss 1.000000 Identity loss 1.000000
Proc (144/180): 58.894Hz Ls 5.911 SYT1 6.049% IDT1 10.000% 
2021-05-04 21:26:45 data/exp03: IT 50, LR 0.000008, TACC 62.04, TLOSS 4.920198, VACC 10.00, VLOSS 5.911462

2021-05-04 21:26:45 Saving model 50

2021-05-04 21:26:45 51 Start Iteration
Content loss 1.000000 Identity loss 1.000000
Proc (144/1100): 21.491Hz Ls 4.868 SYT1 8.148% IDT1 65.000%
Proc (324/1100): 22.157Hz Ls 4.880 SYT1 8.673% IDT1 65.000%
Proc (504/1100): 21.685Hz Ls 4.888 SYT1 8.519% IDT1 65.185%
Proc (684/1100): 21.163Hz Ls 4.890 SYT1 8.380% IDT1 65.694%
Proc (864/1100): 22.482Hz Ls 4.892 SYT1 8.383% IDT1 65.444%
Proc (1044/1100): 21.406Hz Ls 4.903 SYT1 8.529% IDT1 64.722% 
Content loss 1.000000 Identity loss 1.000000
Proc (144/180): 61.319Hz Ls 5.916 SYT1 5.988% IDT1 8.889% 
2021-05-04 21:28:15 data/exp03: IT 51, LR 0.000008, TACC 64.72, TLOSS 4.902734, VACC 8.89, VLOSS 5.915759

2021-05-04 21:28:15 Saving model 51

2021-05-04 21:28:16 52 Start Iteration
Content loss 1.000000 Identity loss 1.000000
Proc (144/1100): 20.957Hz Ls 4.936 SYT1 7.932% IDT1 63.333%
Proc (324/1100): 20.642Hz Ls 4.905 SYT1 8.194% IDT1 66.944%
Proc (504/1100): 20.874Hz Ls 4.899 SYT1 8.179% IDT1 67.407%
Proc (684/1100): 21.685Hz Ls 4.902 SYT1 8.426% IDT1 66.667%
Proc (864/1100): 20.924Hz Ls 4.903 SYT1 8.370% IDT1 67.111%
Proc (1044/1100): 20.973Hz Ls 4.891 SYT1 8.493% IDT1 66.574% 
Content loss 1.000000 Identity loss 1.000000
Proc (144/180): 61.599Hz Ls 5.908 SYT1 6.019% IDT1 9.444% 
2021-05-04 21:29:45 data/exp03: IT 52, LR 0.000007, TACC 66.57, TLOSS 4.891339, VACC 9.44, VLOSS 5.907688

2021-05-04 21:29:45 Saving model 52

2021-05-04 21:29:45 53 Start Iteration
Content loss 1.000000 Identity loss 1.000000
Proc (144/1100): 23.026Hz Ls 4.893 SYT1 9.383% IDT1 63.333%
Proc (324/1100): 20.696Hz Ls 4.926 SYT1 8.441% IDT1 62.778%
Proc (504/1100): 21.152Hz Ls 4.918 SYT1 8.426% IDT1 64.630%
Proc (684/1100): 20.667Hz Ls 4.905 SYT1 8.418% IDT1 64.722%
Proc (864/1100): 20.816Hz Ls 4.910 SYT1 8.401% IDT1 64.556%
Proc (1044/1100): 20.511Hz Ls 4.895 SYT1 8.488% IDT1 65.463% 
Content loss 1.000000 Identity loss 1.000000
Proc (144/180): 56.470Hz Ls 5.904 SYT1 6.019% IDT1 10.556% 
2021-05-04 21:31:14 data/exp03: IT 53, LR 0.000007, TACC 65.46, TLOSS 4.894943, VACC 10.56, VLOSS 5.903755

2021-05-04 21:31:14 Saving model 53

2021-05-04 21:31:14 54 Start Iteration
Content loss 1.000000 Identity loss 1.000000
Proc (144/1100): 21.510Hz Ls 4.896 SYT1 7.963% IDT1 64.444%
Proc (324/1100): 21.096Hz Ls 4.945 SYT1 8.256% IDT1 60.556%
Proc (504/1100): 21.719Hz Ls 4.928 SYT1 7.984% IDT1 61.852%
Proc (684/1100): 20.321Hz Ls 4.924 SYT1 8.032% IDT1 61.528%
Proc (864/1100): 20.715Hz Ls 4.912 SYT1 8.148% IDT1 62.556%
Proc (1044/1100): 21.236Hz Ls 4.906 SYT1 8.215% IDT1 63.241% 
Content loss 1.000000 Identity loss 1.000000
Proc (144/180): 57.104Hz Ls 5.911 SYT1 6.019% IDT1 8.333% 
2021-05-04 21:32:44 data/exp03: IT 54, LR 0.000007, TACC 63.24, TLOSS 4.906160, VACC 8.33, VLOSS 5.911440

2021-05-04 21:32:44 Saving model 54

2021-05-04 21:32:44 55 Start Iteration
Content loss 1.000000 Identity loss 1.000000
Proc (144/1100): 21.006Hz Ls 4.881 SYT1 8.210% IDT1 63.889%
Proc (324/1100): 21.677Hz Ls 4.848 SYT1 8.549% IDT1 66.667%
Proc (504/1100): 21.164Hz Ls 4.864 SYT1 8.436% IDT1 65.926%
Proc (684/1100): 20.977Hz Ls 4.872 SYT1 8.588% IDT1 65.972%
Proc (864/1100): 20.823Hz Ls 4.891 SYT1 8.543% IDT1 65.111%
Proc (1044/1100): 20.754Hz Ls 4.892 SYT1 8.508% IDT1 63.704% 
Content loss 1.000000 Identity loss 1.000000
Proc (144/180): 54.631Hz Ls 5.948 SYT1 6.204% IDT1 10.556% 
2021-05-04 21:34:14 data/exp03: IT 55, LR 0.000006, TACC 63.70, TLOSS 4.892422, VACC 10.56, VLOSS 5.947787

2021-05-04 21:34:14 Saving model 55

2021-05-04 21:34:14 56 Start Iteration
Content loss 1.000000 Identity loss 1.000000
Proc (144/1100): 21.147Hz Ls 4.869 SYT1 8.333% IDT1 68.889%
Proc (324/1100): 21.188Hz Ls 4.871 SYT1 8.611% IDT1 69.167%
Proc (504/1100): 21.192Hz Ls 4.861 SYT1 8.529% IDT1 66.667%
Proc (684/1100): 20.902Hz Ls 4.874 SYT1 8.465% IDT1 65.139%
Proc (864/1100): 21.273Hz Ls 4.876 SYT1 8.414% IDT1 65.444%
Proc (1044/1100): 23.242Hz Ls 4.887 SYT1 8.359% IDT1 64.537% 
Content loss 1.000000 Identity loss 1.000000
Proc (144/180): 61.468Hz Ls 5.895 SYT1 6.049% IDT1 8.333% 
2021-05-04 21:35:43 data/exp03: IT 56, LR 0.000006, TACC 64.54, TLOSS 4.887273, VACC 8.33, VLOSS 5.895295

2021-05-04 21:35:43 Saving model 56

2021-05-04 21:35:44 57 Start Iteration
Content loss 1.000000 Identity loss 1.000000
Proc (144/1100): 20.909Hz Ls 4.922 SYT1 8.951% IDT1 61.667%
Proc (324/1100): 20.979Hz Ls 4.881 SYT1 8.688% IDT1 65.000%
Proc (504/1100): 21.226Hz Ls 4.886 SYT1 8.673% IDT1 64.444%
Proc (684/1100): 20.817Hz Ls 4.906 SYT1 8.596% IDT1 62.917%
Proc (864/1100): 20.902Hz Ls 4.900 SYT1 8.630% IDT1 63.222%
Proc (1044/1100): 18.666Hz Ls 4.902 SYT1 8.729% IDT1 64.352% 
Content loss 1.000000 Identity loss 1.000000
Proc (144/180): 57.858Hz Ls 5.900 SYT1 6.111% IDT1 10.000% 
2021-05-04 21:37:13 data/exp03: IT 57, LR 0.000006, TACC 64.35, TLOSS 4.902117, VACC 10.00, VLOSS 5.900277

2021-05-04 21:37:13 Saving model 57

2021-05-04 21:37:14 58 Start Iteration
Content loss 1.000000 Identity loss 1.000000
Proc (144/1100): 20.957Hz Ls 4.865 SYT1 8.333% IDT1 66.111%
Proc (324/1100): 21.071Hz Ls 4.858 SYT1 8.441% IDT1 65.833%
Proc (504/1100): 20.544Hz Ls 4.882 SYT1 8.241% IDT1 63.519%
Proc (684/1100): 20.949Hz Ls 4.899 SYT1 8.318% IDT1 62.222%
Proc (864/1100): 20.839Hz Ls 4.899 SYT1 8.278% IDT1 62.889%
Proc (1044/1100): 20.929Hz Ls 4.902 SYT1 8.261% IDT1 63.056% 
Content loss 1.000000 Identity loss 1.000000
Proc (144/180): 55.932Hz Ls 5.900 SYT1 6.111% IDT1 7.222% 
2021-05-04 21:38:44 data/exp03: IT 58, LR 0.000005, TACC 63.06, TLOSS 4.901530, VACC 7.22, VLOSS 5.899588

2021-05-04 21:38:44 Saving model 58

2021-05-04 21:38:44 59 Start Iteration
Content loss 1.000000 Identity loss 1.000000
Proc (144/1100): 21.985Hz Ls 4.861 SYT1 8.086% IDT1 63.333%
Proc (324/1100): 21.607Hz Ls 4.874 SYT1 8.287% IDT1 66.667%
Proc (504/1100): 20.908Hz Ls 4.869 SYT1 8.632% IDT1 66.481%
Proc (684/1100): 20.590Hz Ls 4.869 SYT1 8.627% IDT1 65.139%
Proc (864/1100): 21.969Hz Ls 4.883 SYT1 8.753% IDT1 64.000%
Proc (1044/1100): 21.046Hz Ls 4.883 SYT1 8.817% IDT1 63.611% 
Content loss 1.000000 Identity loss 1.000000
Proc (144/180): 57.475Hz Ls 5.921 SYT1 6.080% IDT1 10.556% 
2021-05-04 21:40:13 data/exp03: IT 59, LR 0.000005, TACC 63.61, TLOSS 4.883315, VACC 10.56, VLOSS 5.920583

2021-05-04 21:40:13 Saving model 59

2021-05-04 21:40:13 60 Start Iteration
Content loss 1.000000 Identity loss 1.000000
Proc (144/1100): 21.171Hz Ls 4.841 SYT1 8.580% IDT1 72.222%
Proc (324/1100): 21.077Hz Ls 4.835 SYT1 8.472% IDT1 73.056%
Proc (504/1100): 21.012Hz Ls 4.828 SYT1 8.416% IDT1 71.852%
Proc (684/1100): 20.935Hz Ls 4.854 SYT1 8.465% IDT1 68.750%
Proc (864/1100): 21.290Hz Ls 4.860 SYT1 8.481% IDT1 68.111%
Proc (1044/1100): 20.804Hz Ls 4.866 SYT1 8.524% IDT1 66.389% 
Content loss 1.000000 Identity loss 1.000000
Proc (144/180): 57.993Hz Ls 5.923 SYT1 6.049% IDT1 9.444% 
2021-05-04 21:41:43 data/exp03: IT 60, LR 0.000005, TACC 66.39, TLOSS 4.865957, VACC 9.44, VLOSS 5.922533

2021-05-04 21:41:43 Saving model 60

2021-05-04 21:41:43 61 Start Iteration
Content loss 1.000000 Identity loss 1.000000
Proc (144/1100): 21.003Hz Ls 4.903 SYT1 8.735% IDT1 66.111%
Proc (324/1100): 21.486Hz Ls 4.912 SYT1 8.843% IDT1 65.556%
Proc (504/1100): 21.102Hz Ls 4.884 SYT1 8.735% IDT1 66.111%
Proc (684/1100): 21.132Hz Ls 4.883 SYT1 8.580% IDT1 65.139%
Proc (864/1100): 20.867Hz Ls 4.878 SYT1 8.562% IDT1 65.778%
Proc (1044/1100): 20.997Hz Ls 4.882 SYT1 8.488% IDT1 65.648% 
Content loss 1.000000 Identity loss 1.000000
Proc (144/180): 60.472Hz Ls 5.903 SYT1 6.049% IDT1 10.556% 
2021-05-04 21:43:14 data/exp03: IT 61, LR 0.000005, TACC 65.65, TLOSS 4.881961, VACC 10.56, VLOSS 5.902703

2021-05-04 21:43:14 Saving model 61

2021-05-04 21:43:14 62 Start Iteration
Content loss 1.000000 Identity loss 1.000000
Proc (144/1100): 21.544Hz Ls 4.882 SYT1 8.673% IDT1 62.778%
Proc (324/1100): 20.788Hz Ls 4.888 SYT1 8.380% IDT1 64.167%
Proc (504/1100): 21.214Hz Ls 4.876 SYT1 8.158% IDT1 65.926%
Proc (684/1100): 20.697Hz Ls 4.864 SYT1 8.225% IDT1 66.667%
Proc (864/1100): 20.997Hz Ls 4.884 SYT1 8.216% IDT1 65.333%
Proc (1044/1100): 20.932Hz Ls 4.877 SYT1 8.302% IDT1 65.556% 
Content loss 1.000000 Identity loss 1.000000
Proc (144/180): 59.354Hz Ls 5.903 SYT1 6.049% IDT1 10.556% 
2021-05-04 21:44:44 data/exp03: IT 62, LR 0.000004, TACC 65.56, TLOSS 4.876999, VACC 10.56, VLOSS 5.902977

2021-05-04 21:44:44 Saving model 62

2021-05-04 21:44:44 63 Start Iteration
Content loss 1.000000 Identity loss 1.000000
Proc (144/1100): 21.100Hz Ls 4.894 SYT1 8.858% IDT1 70.000%
Proc (324/1100): 20.920Hz Ls 4.885 SYT1 8.873% IDT1 66.389%
Proc (504/1100): 20.765Hz Ls 4.877 SYT1 8.745% IDT1 66.481%
Proc (684/1100): 21.892Hz Ls 4.892 SYT1 8.758% IDT1 65.556%
Proc (864/1100): 21.216Hz Ls 4.891 SYT1 8.765% IDT1 64.889%
Proc (1044/1100): 20.674Hz Ls 4.885 SYT1 8.771% IDT1 64.352% 
Content loss 1.000000 Identity loss 1.000000
Proc (144/180): 59.422Hz Ls 5.913 SYT1 5.864% IDT1 11.667% 
2021-05-04 21:46:14 data/exp03: IT 63, LR 0.000004, TACC 64.35, TLOSS 4.884820, VACC 11.67, VLOSS 5.913033

2021-05-04 21:46:14 Saving model 63

2021-05-04 21:46:14 64 Start Iteration
Content loss 1.000000 Identity loss 1.000000
Proc (144/1100): 22.837Hz Ls 4.877 SYT1 8.395% IDT1 68.333%
Proc (324/1100): 20.906Hz Ls 4.874 SYT1 8.148% IDT1 66.667%
Proc (504/1100): 20.790Hz Ls 4.862 SYT1 8.395% IDT1 66.667%
Proc (684/1100): 20.774Hz Ls 4.863 SYT1 8.495% IDT1 65.972%
Proc (864/1100): 21.055Hz Ls 4.862 SYT1 8.438% IDT1 66.000%
Proc (1044/1100): 20.756Hz Ls 4.861 SYT1 8.534% IDT1 66.204% 
Content loss 1.000000 Identity loss 1.000000
Proc (144/180): 56.200Hz Ls 5.920 SYT1 5.895% IDT1 11.667% 
2021-05-04 21:47:42 data/exp03: IT 64, LR 0.000004, TACC 66.20, TLOSS 4.860763, VACC 11.67, VLOSS 5.920385

2021-05-04 21:47:42 Saving model 64

2021-05-04 21:47:43 65 Start Iteration
Content loss 1.000000 Identity loss 1.000000
Proc (144/1100): 21.967Hz Ls 4.893 SYT1 8.827% IDT1 61.111%
Proc (324/1100): 21.686Hz Ls 4.881 SYT1 8.873% IDT1 63.056%
Proc (504/1100): 20.715Hz Ls 4.876 SYT1 8.817% IDT1 63.704%
Proc (684/1100): 20.799Hz Ls 4.865 SYT1 8.735% IDT1 65.417%
Proc (864/1100): 20.990Hz Ls 4.855 SYT1 8.901% IDT1 66.000%
Proc (1044/1100): 20.939Hz Ls 4.859 SYT1 8.873% IDT1 65.556% 
Content loss 1.000000 Identity loss 1.000000
Proc (144/180): 59.174Hz Ls 5.906 SYT1 6.049% IDT1 9.444% 
2021-05-04 21:49:12 data/exp03: IT 65, LR 0.000004, TACC 65.56, TLOSS 4.858847, VACC 9.44, VLOSS 5.906275

2021-05-04 21:49:12 Saving model 65

2021-05-04 21:49:12 66 Start Iteration
Content loss 1.000000 Identity loss 1.000000
Proc (144/1100): 20.701Hz Ls 4.858 SYT1 8.858% IDT1 65.556%
Proc (324/1100): 20.732Hz Ls 4.842 SYT1 9.090% IDT1 65.000%
Proc (504/1100): 20.594Hz Ls 4.847 SYT1 8.827% IDT1 65.370%
Proc (684/1100): 20.975Hz Ls 4.851 SYT1 8.819% IDT1 64.444%
Proc (864/1100): 20.836Hz Ls 4.854 SYT1 8.852% IDT1 64.444%
Proc (1044/1100): 21.034Hz Ls 4.850 SYT1 8.827% IDT1 65.370% 
Content loss 1.000000 Identity loss 1.000000
Proc (144/180): 57.034Hz Ls 5.884 SYT1 5.926% IDT1 7.778% 
2021-05-04 21:50:42 data/exp03: IT 66, LR 0.000004, TACC 65.37, TLOSS 4.850111, VACC 7.78, VLOSS 5.884396

2021-05-04 21:50:42 Saving model 66

2021-05-04 21:50:42 67 Start Iteration
Content loss 1.000000 Identity loss 1.000000
Proc (144/1100): 21.454Hz Ls 4.829 SYT1 8.827% IDT1 68.889%
Proc (324/1100): 20.929Hz Ls 4.824 SYT1 8.904% IDT1 67.222%
Proc (504/1100): 20.962Hz Ls 4.835 SYT1 8.755% IDT1 65.741%
Proc (684/1100): 20.804Hz Ls 4.849 SYT1 8.735% IDT1 66.111%
Proc (864/1100): 20.803Hz Ls 4.844 SYT1 8.778% IDT1 66.444%
Proc (1044/1100): 20.860Hz Ls 4.845 SYT1 8.781% IDT1 67.407% 
Content loss 1.000000 Identity loss 1.000000
Proc (144/180): 56.390Hz Ls 5.899 SYT1 6.080% IDT1 10.556% 
2021-05-04 21:52:11 data/exp03: IT 67, LR 0.000003, TACC 67.41, TLOSS 4.845382, VACC 10.56, VLOSS 5.899117

2021-05-04 21:52:11 Saving model 67

2021-05-04 21:52:11 68 Start Iteration
Content loss 1.000000 Identity loss 1.000000
Proc (144/1100): 20.640Hz Ls 4.877 SYT1 8.580% IDT1 68.889%
Proc (324/1100): 21.607Hz Ls 4.864 SYT1 8.364% IDT1 68.056%
Proc (504/1100): 20.781Hz Ls 4.861 SYT1 8.416% IDT1 67.407%
Proc (684/1100): 20.981Hz Ls 4.851 SYT1 8.387% IDT1 66.944%
Proc (864/1100): 20.827Hz Ls 4.853 SYT1 8.407% IDT1 66.667%
Proc (1044/1100): 21.314Hz Ls 4.844 SYT1 8.549% IDT1 67.315% 
Content loss 1.000000 Identity loss 1.000000
Proc (144/180): 57.755Hz Ls 5.897 SYT1 5.864% IDT1 10.556% 
2021-05-04 21:53:40 data/exp03: IT 68, LR 0.000003, TACC 67.31, TLOSS 4.843972, VACC 10.56, VLOSS 5.896663

2021-05-04 21:53:40 Saving model 68

2021-05-04 21:53:40 69 Start Iteration
Content loss 1.000000 Identity loss 1.000000
Proc (144/1100): 21.198Hz Ls 4.875 SYT1 8.457% IDT1 62.778%
Proc (324/1100): 20.707Hz Ls 4.835 SYT1 8.688% IDT1 66.389%
Proc (504/1100): 21.145Hz Ls 4.839 SYT1 8.776% IDT1 66.296%
Proc (684/1100): 20.882Hz Ls 4.846 SYT1 8.765% IDT1 65.972%
Proc (864/1100): 20.676Hz Ls 4.850 SYT1 8.802% IDT1 65.556%
Proc (1044/1100): 20.997Hz Ls 4.854 SYT1 8.745% IDT1 65.093% 
Content loss 1.000000 Identity loss 1.000000
Proc (144/180): 59.171Hz Ls 5.908 SYT1 5.741% IDT1 8.889% 
2021-05-04 21:55:10 data/exp03: IT 69, LR 0.000003, TACC 65.09, TLOSS 4.853899, VACC 8.89, VLOSS 5.907964

2021-05-04 21:55:10 Saving model 69

2021-05-04 21:55:10 70 Start Iteration
Content loss 1.000000 Identity loss 1.000000
Proc (144/1100): 21.697Hz Ls 4.847 SYT1 9.136% IDT1 66.667%
Proc (324/1100): 21.015Hz Ls 4.810 SYT1 8.873% IDT1 66.667%
Proc (504/1100): 20.929Hz Ls 4.822 SYT1 8.714% IDT1 65.370%
Proc (684/1100): 22.307Hz Ls 4.828 SYT1 8.573% IDT1 65.556%
Proc (864/1100): 20.843Hz Ls 4.845 SYT1 8.475% IDT1 65.889%
Proc (1044/1100): 22.296Hz Ls 4.844 SYT1 8.560% IDT1 66.111% 
Content loss 1.000000 Identity loss 1.000000
Proc (144/180): 56.352Hz Ls 5.888 SYT1 5.741% IDT1 10.556% 
2021-05-04 21:56:39 data/exp03: IT 70, LR 0.000003, TACC 66.11, TLOSS 4.844166, VACC 10.56, VLOSS 5.888005

2021-05-04 21:56:39 Saving model 70

2021-05-04 21:56:39 71 Start Iteration
Content loss 1.000000 Identity loss 1.000000
Proc (144/1100): 20.579Hz Ls 4.858 SYT1 8.457% IDT1 60.556%
Proc (324/1100): 21.904Hz Ls 4.841 SYT1 8.642% IDT1 63.056%
Proc (504/1100): 20.758Hz Ls 4.872 SYT1 8.508% IDT1 60.741%
Proc (684/1100): 21.083Hz Ls 4.867 SYT1 8.434% IDT1 62.917%
Proc (864/1100): 21.033Hz Ls 4.858 SYT1 8.531% IDT1 64.111%
Proc (1044/1100): 20.902Hz Ls 4.859 SYT1 8.555% IDT1 64.074% 
Content loss 1.000000 Identity loss 1.000000
Proc (144/180): 58.702Hz Ls 5.881 SYT1 5.957% IDT1 9.444% 
2021-05-04 21:58:08 data/exp03: IT 71, LR 0.000003, TACC 64.07, TLOSS 4.858904, VACC 9.44, VLOSS 5.881044

2021-05-04 21:58:08 Saving model 71

2021-05-04 21:58:08 72 Start Iteration
Content loss 1.000000 Identity loss 1.000000
Proc (144/1100): 21.726Hz Ls 4.799 SYT1 9.321% IDT1 72.222%
Proc (324/1100): 20.566Hz Ls 4.847 SYT1 9.074% IDT1 68.611%
Proc (504/1100): 20.807Hz Ls 4.850 SYT1 9.002% IDT1 68.333%
Proc (684/1100): 21.195Hz Ls 4.847 SYT1 8.974% IDT1 68.611%
Proc (864/1100): 20.917Hz Ls 4.853 SYT1 8.889% IDT1 68.333%
Proc (1044/1100): 20.982Hz Ls 4.848 SYT1 8.745% IDT1 68.241% 
Content loss 1.000000 Identity loss 1.000000
Proc (144/180): 58.714Hz Ls 5.906 SYT1 5.772% IDT1 9.444% 
2021-05-04 21:59:37 data/exp03: IT 72, LR 0.000003, TACC 68.24, TLOSS 4.847550, VACC 9.44, VLOSS 5.905787

2021-05-04 21:59:37 Saving model 72

2021-05-04 21:59:38 73 Start Iteration
Content loss 1.000000 Identity loss 1.000000
Proc (144/1100): 21.504Hz Ls 4.826 SYT1 8.796% IDT1 66.667%
Proc (324/1100): 21.407Hz Ls 4.844 SYT1 8.951% IDT1 62.778%
Proc (504/1100): 20.951Hz Ls 4.840 SYT1 8.724% IDT1 63.333%
Proc (684/1100): 21.196Hz Ls 4.833 SYT1 8.696% IDT1 65.139%
Proc (864/1100): 20.636Hz Ls 4.830 SYT1 8.759% IDT1 65.889%
Proc (1044/1100): 21.013Hz Ls 4.830 SYT1 8.724% IDT1 66.667% 
Content loss 1.000000 Identity loss 1.000000
Proc (144/180): 59.097Hz Ls 5.891 SYT1 5.864% IDT1 10.000% 
2021-05-04 22:01:07 data/exp03: IT 73, LR 0.000002, TACC 66.67, TLOSS 4.829953, VACC 10.00, VLOSS 5.891080

2021-05-04 22:01:07 Saving model 73

2021-05-04 22:01:07 74 Start Iteration
Content loss 1.000000 Identity loss 1.000000
Proc (144/1100): 21.636Hz Ls 4.830 SYT1 8.519% IDT1 69.444%
Proc (324/1100): 20.857Hz Ls 4.851 SYT1 8.611% IDT1 66.667%
Proc (504/1100): 20.682Hz Ls 4.862 SYT1 8.498% IDT1 66.667%
Proc (684/1100): 21.096Hz Ls 4.856 SYT1 8.526% IDT1 66.806%
Proc (864/1100): 22.562Hz Ls 4.863 SYT1 8.586% IDT1 66.333%
Proc (1044/1100): 22.220Hz Ls 4.861 SYT1 8.699% IDT1 65.000% 
Content loss 1.000000 Identity loss 1.000000
Proc (144/180): 58.920Hz Ls 5.892 SYT1 5.864% IDT1 10.556% 
2021-05-04 22:02:36 data/exp03: IT 74, LR 0.000002, TACC 65.00, TLOSS 4.861238, VACC 10.56, VLOSS 5.892153

2021-05-04 22:02:36 Saving model 74

2021-05-04 22:02:36 75 Start Iteration
Content loss 1.000000 Identity loss 1.000000
Proc (144/1100): 21.457Hz Ls 4.829 SYT1 9.136% IDT1 65.556%
Proc (324/1100): 20.993Hz Ls 4.823 SYT1 8.750% IDT1 66.389%
Proc (504/1100): 20.838Hz Ls 4.846 SYT1 8.652% IDT1 65.741%
Proc (684/1100): 20.929Hz Ls 4.840 SYT1 8.580% IDT1 65.278%
Proc (864/1100): 20.799Hz Ls 4.833 SYT1 8.593% IDT1 65.333%
Proc (1044/1100): 20.924Hz Ls 4.831 SYT1 8.585% IDT1 66.019% 
Content loss 1.000000 Identity loss 1.000000
Proc (144/180): 59.029Hz Ls 5.914 SYT1 5.926% IDT1 8.889% 
2021-05-04 22:04:05 data/exp03: IT 75, LR 0.000002, TACC 66.02, TLOSS 4.830978, VACC 8.89, VLOSS 5.914351

2021-05-04 22:04:05 Saving model 75

2021-05-04 22:04:05 76 Start Iteration
Content loss 1.000000 Identity loss 1.000000
Proc (144/1100): 19.152Hz Ls 4.845 SYT1 8.488% IDT1 66.111%
Proc (324/1100): 21.532Hz Ls 4.826 SYT1 8.503% IDT1 67.778%
Proc (504/1100): 20.653Hz Ls 4.827 SYT1 8.477% IDT1 67.222%
Proc (684/1100): 22.302Hz Ls 4.842 SYT1 8.750% IDT1 65.417%
Proc (864/1100): 20.918Hz Ls 4.836 SYT1 8.753% IDT1 66.111%
Proc (1044/1100): 21.031Hz Ls 4.839 SYT1 8.771% IDT1 66.111% 
Content loss 1.000000 Identity loss 1.000000
Proc (144/180): 58.531Hz Ls 5.924 SYT1 5.772% IDT1 11.111% 
2021-05-04 22:05:34 data/exp03: IT 76, LR 0.000002, TACC 66.11, TLOSS 4.838955, VACC 11.11, VLOSS 5.923705

2021-05-04 22:05:34 Saving model 76

2021-05-04 22:05:34 77 Start Iteration
Content loss 1.000000 Identity loss 1.000000
Proc (144/1100): 21.420Hz Ls 4.832 SYT1 9.198% IDT1 68.333%
Proc (324/1100): 20.841Hz Ls 4.821 SYT1 8.750% IDT1 69.167%
Proc (504/1100): 21.076Hz Ls 4.827 SYT1 8.735% IDT1 68.333%
Proc (684/1100): 20.912Hz Ls 4.836 SYT1 8.665% IDT1 68.056%
Proc (864/1100): 20.962Hz Ls 4.833 SYT1 8.617% IDT1 68.000%
Proc (1044/1100): 21.176Hz Ls 4.836 SYT1 8.627% IDT1 67.963% 
Content loss 1.000000 Identity loss 1.000000
Proc (144/180): 55.825Hz Ls 5.882 SYT1 5.957% IDT1 11.667% 
2021-05-04 22:07:03 data/exp03: IT 77, LR 0.000002, TACC 67.96, TLOSS 4.836219, VACC 11.67, VLOSS 5.881579

2021-05-04 22:07:03 Saving model 77

2021-05-04 22:07:03 78 Start Iteration
Content loss 1.000000 Identity loss 1.000000
Proc (144/1100): 22.958Hz Ls 4.858 SYT1 8.889% IDT1 63.889%
Proc (324/1100): 22.334Hz Ls 4.841 SYT1 8.688% IDT1 63.889%
Proc (504/1100): 20.907Hz Ls 4.841 SYT1 8.498% IDT1 65.000%
Proc (684/1100): 20.979Hz Ls 4.838 SYT1 8.580% IDT1 66.389%
Proc (864/1100): 21.075Hz Ls 4.857 SYT1 8.512% IDT1 65.444%
Proc (1044/1100): 20.969Hz Ls 4.844 SYT1 8.452% IDT1 66.574% 
Content loss 1.000000 Identity loss 1.000000
Proc (144/180): 57.111Hz Ls 5.938 SYT1 6.204% IDT1 8.889% 
2021-05-04 22:08:33 data/exp03: IT 78, LR 0.000002, TACC 66.57, TLOSS 4.844162, VACC 8.89, VLOSS 5.937537

2021-05-04 22:08:33 Saving model 78

2021-05-04 22:08:33 79 Start Iteration
Content loss 1.000000 Identity loss 1.000000
Proc (144/1100): 20.998Hz Ls 4.809 SYT1 9.012% IDT1 70.556%
Proc (324/1100): 20.990Hz Ls 4.813 SYT1 8.750% IDT1 68.056%
Proc (504/1100): 21.052Hz Ls 4.817 SYT1 8.909% IDT1 67.778%
Proc (684/1100): 21.011Hz Ls 4.808 SYT1 8.904% IDT1 68.889%
Proc (864/1100): 21.019Hz Ls 4.819 SYT1 8.790% IDT1 68.333%
Proc (1044/1100): 20.893Hz Ls 4.818 SYT1 8.765% IDT1 68.796% 
Content loss 1.000000 Identity loss 1.000000
Proc (144/180): 59.435Hz Ls 5.930 SYT1 5.926% IDT1 12.222% 
2021-05-04 22:10:03 data/exp03: IT 79, LR 0.000002, TACC 68.80, TLOSS 4.817807, VACC 12.22, VLOSS 5.930139

2021-05-04 22:10:03 Saving model 79

2021-05-04 22:10:03 80 Start Iteration
Content loss 1.000000 Identity loss 1.000000
Proc (144/1100): 21.487Hz Ls 4.777 SYT1 8.858% IDT1 71.111%
Proc (324/1100): 21.743Hz Ls 4.785 SYT1 8.704% IDT1 68.333%
Proc (504/1100): 20.710Hz Ls 4.796 SYT1 9.002% IDT1 69.074%
Proc (684/1100): 21.440Hz Ls 4.809 SYT1 8.889% IDT1 68.194%
Proc (864/1100): 21.305Hz Ls 4.822 SYT1 8.716% IDT1 67.889%
Proc (1044/1100): 20.928Hz Ls 4.829 SYT1 8.709% IDT1 67.130% 
Content loss 1.000000 Identity loss 1.000000
Proc (144/180): 55.338Hz Ls 5.928 SYT1 5.802% IDT1 10.000% 
2021-05-04 22:11:32 data/exp03: IT 80, LR 0.000002, TACC 67.13, TLOSS 4.829337, VACC 10.00, VLOSS 5.928491

2021-05-04 22:11:32 Saving model 80

2021-05-04 22:11:32 81 Start Iteration
Content loss 1.000000 Identity loss 1.000000
Proc (144/1100): 21.560Hz Ls 4.850 SYT1 8.549% IDT1 67.778%
Proc (324/1100): 20.715Hz Ls 4.861 SYT1 8.426% IDT1 66.667%
Proc (504/1100): 21.630Hz Ls 4.855 SYT1 8.560% IDT1 67.593%
Proc (684/1100): 20.936Hz Ls 4.845 SYT1 8.565% IDT1 65.972%
Proc (864/1100): 21.044Hz Ls 4.829 SYT1 8.494% IDT1 67.222%
Proc (1044/1100): 21.419Hz Ls 4.835 SYT1 8.534% IDT1 66.481% 
Content loss 1.000000 Identity loss 1.000000
Proc (144/180): 54.038Hz Ls 5.914 SYT1 5.833% IDT1 10.556% 
2021-05-04 22:13:01 data/exp03: IT 81, LR 0.000002, TACC 66.48, TLOSS 4.834644, VACC 10.56, VLOSS 5.913802

2021-05-04 22:13:01 Saving model 81

2021-05-04 22:13:01 82 Start Iteration
Content loss 1.000000 Identity loss 1.000000
Proc (144/1100): 21.806Hz Ls 4.831 SYT1 8.642% IDT1 67.222%
Proc (324/1100): 21.580Hz Ls 4.860 SYT1 8.302% IDT1 66.667%
Proc (504/1100): 22.227Hz Ls 4.845 SYT1 8.457% IDT1 67.593%
Proc (684/1100): 20.732Hz Ls 4.824 SYT1 8.434% IDT1 66.944%
Proc (864/1100): 20.849Hz Ls 4.829 SYT1 8.469% IDT1 66.444%
Proc (1044/1100): 21.150Hz Ls 4.836 SYT1 8.369% IDT1 65.648% 
Content loss 1.000000 Identity loss 1.000000
Proc (144/180): 58.026Hz Ls 5.888 SYT1 5.926% IDT1 10.000% 
2021-05-04 22:14:30 data/exp03: IT 82, LR 0.000002, TACC 65.65, TLOSS 4.835670, VACC 10.00, VLOSS 5.888072

2021-05-04 22:14:30 Saving model 82

2021-05-04 22:14:30 83 Start Iteration
Content loss 1.000000 Identity loss 1.000000
Proc (144/1100): 21.247Hz Ls 4.879 SYT1 8.642% IDT1 58.333%
Proc (324/1100): 20.998Hz Ls 4.847 SYT1 8.688% IDT1 63.333%
Proc (504/1100): 20.965Hz Ls 4.850 SYT1 8.735% IDT1 65.370%
Proc (684/1100): 20.975Hz Ls 4.850 SYT1 8.526% IDT1 64.861%
Proc (864/1100): 21.190Hz Ls 4.844 SYT1 8.636% IDT1 65.333%
Proc (1044/1100): 21.171Hz Ls 4.836 SYT1 8.745% IDT1 65.833% 
Content loss 1.000000 Identity loss 1.000000
Proc (144/180): 58.899Hz Ls 5.905 SYT1 5.741% IDT1 7.222% 
2021-05-04 22:16:00 data/exp03: IT 83, LR 0.000001, TACC 65.83, TLOSS 4.836197, VACC 7.22, VLOSS 5.905258

2021-05-04 22:16:00 Saving model 83

2021-05-04 22:16:01 84 Start Iteration
Content loss 1.000000 Identity loss 1.000000
Proc (144/1100): 20.721Hz Ls 4.818 SYT1 8.395% IDT1 68.333%
Proc (324/1100): 20.996Hz Ls 4.817 SYT1 8.657% IDT1 69.444%
Proc (504/1100): 20.885Hz Ls 4.820 SYT1 8.621% IDT1 67.963%
Proc (684/1100): 20.748Hz Ls 4.823 SYT1 8.673% IDT1 67.917%
Proc (864/1100): 21.121Hz Ls 4.819 SYT1 8.747% IDT1 68.000%
Proc (1044/1100): 21.203Hz Ls 4.816 SYT1 8.709% IDT1 67.593% 
Content loss 1.000000 Identity loss 1.000000
Proc (144/180): 59.355Hz Ls 5.902 SYT1 6.080% IDT1 10.000% 
2021-05-04 22:17:30 data/exp03: IT 84, LR 0.000001, TACC 67.59, TLOSS 4.815910, VACC 10.00, VLOSS 5.901515

2021-05-04 22:17:30 Saving model 84

2021-05-04 22:17:31 85 Start Iteration
Content loss 1.000000 Identity loss 1.000000
Proc (144/1100): 21.431Hz Ls 4.873 SYT1 8.457% IDT1 67.222%
Proc (324/1100): 22.046Hz Ls 4.850 SYT1 8.765% IDT1 67.500%
Proc (504/1100): 20.394Hz Ls 4.836 SYT1 8.735% IDT1 67.593%
Proc (684/1100): 21.122Hz Ls 4.829 SYT1 8.704% IDT1 68.056%
Proc (864/1100): 20.880Hz Ls 4.822 SYT1 8.759% IDT1 69.111%
Proc (1044/1100): 20.762Hz Ls 4.821 SYT1 8.822% IDT1 68.796% 
Content loss 1.000000 Identity loss 1.000000
Proc (144/180): 55.462Hz Ls 5.926 SYT1 5.802% IDT1 8.889% 
2021-05-04 22:18:59 data/exp03: IT 85, LR 0.000001, TACC 68.80, TLOSS 4.820740, VACC 8.89, VLOSS 5.925554

2021-05-04 22:18:59 Saving model 85

2021-05-04 22:18:59 86 Start Iteration
Content loss 1.000000 Identity loss 1.000000
Proc (144/1100): 21.293Hz Ls 4.879 SYT1 8.457% IDT1 67.222%
Proc (324/1100): 20.614Hz Ls 4.859 SYT1 8.765% IDT1 68.889%
Proc (504/1100): 20.984Hz Ls 4.875 SYT1 8.591% IDT1 67.778%
Proc (684/1100): 20.026Hz Ls 4.846 SYT1 8.619% IDT1 69.028%
Proc (864/1100): 20.859Hz Ls 4.841 SYT1 8.586% IDT1 69.556%
Proc (1044/1100): 20.887Hz Ls 4.838 SYT1 8.719% IDT1 68.519% 
Content loss 1.000000 Identity loss 1.000000
Proc (144/180): 58.749Hz Ls 5.880 SYT1 5.833% IDT1 11.111% 
2021-05-04 22:20:29 data/exp03: IT 86, LR 0.000001, TACC 68.52, TLOSS 4.837647, VACC 11.11, VLOSS 5.880116

2021-05-04 22:20:29 Saving model 86

2021-05-04 22:20:29 87 Start Iteration
Content loss 1.000000 Identity loss 1.000000
Proc (144/1100): 21.588Hz Ls 4.877 SYT1 8.519% IDT1 66.667%
Proc (324/1100): 20.993Hz Ls 4.842 SYT1 8.441% IDT1 65.833%
Proc (504/1100): 21.816Hz Ls 4.851 SYT1 8.251% IDT1 65.370%
Proc (684/1100): 22.076Hz Ls 4.850 SYT1 8.495% IDT1 63.889%
Proc (864/1100): 20.964Hz Ls 4.844 SYT1 8.512% IDT1 64.778%
Proc (1044/1100): 20.907Hz Ls 4.843 SYT1 8.539% IDT1 65.556% 
Content loss 1.000000 Identity loss 1.000000
Proc (144/180): 59.406Hz Ls 5.888 SYT1 5.926% IDT1 10.000% 
2021-05-04 22:21:58 data/exp03: IT 87, LR 0.000001, TACC 65.56, TLOSS 4.843484, VACC 10.00, VLOSS 5.887942

2021-05-04 22:21:58 Saving model 87

2021-05-04 22:21:58 88 Start Iteration
Content loss 1.000000 Identity loss 1.000000
Proc (144/1100): 20.880Hz Ls 4.814 SYT1 8.889% IDT1 67.222%
Proc (324/1100): 18.995Hz Ls 4.839 SYT1 8.781% IDT1 66.944%
Proc (504/1100): 20.851Hz Ls 4.835 SYT1 8.909% IDT1 67.778%
Proc (684/1100): 21.133Hz Ls 4.829 SYT1 8.866% IDT1 68.472%
Proc (864/1100): 20.728Hz Ls 4.833 SYT1 8.870% IDT1 68.444%
Proc (1044/1100): 20.978Hz Ls 4.830 SYT1 8.827% IDT1 69.352% 
Content loss 1.000000 Identity loss 1.000000
Proc (144/180): 58.983Hz Ls 5.880 SYT1 5.895% IDT1 10.556% 
2021-05-04 22:23:29 data/exp03: IT 88, LR 0.000001, TACC 69.35, TLOSS 4.829949, VACC 10.56, VLOSS 5.879764

2021-05-04 22:23:29 Saving model 88

2021-05-04 22:23:29 89 Start Iteration
Content loss 1.000000 Identity loss 1.000000
Proc (144/1100): 21.193Hz Ls 4.840 SYT1 9.074% IDT1 68.333%
Proc (324/1100): 21.082Hz Ls 4.821 SYT1 8.858% IDT1 67.778%
Proc (504/1100): 21.164Hz Ls 4.814 SYT1 8.981% IDT1 69.444%
Proc (684/1100): 20.667Hz Ls 4.800 SYT1 8.881% IDT1 69.722%
Proc (864/1100): 20.882Hz Ls 4.800 SYT1 8.969% IDT1 70.444%
Proc (1044/1100): 21.016Hz Ls 4.788 SYT1 8.940% IDT1 70.463% 
Content loss 1.000000 Identity loss 1.000000
Proc (144/180): 55.718Hz Ls 5.883 SYT1 6.173% IDT1 13.333% 
2021-05-04 22:24:59 data/exp03: IT 89, LR 0.000001, TACC 70.46, TLOSS 4.787856, VACC 13.33, VLOSS 5.882517

2021-05-04 22:24:59 Saving model 89

2021-05-04 22:24:59 90 Start Iteration
Content loss 1.000000 Identity loss 1.000000
Proc (144/1100): 21.572Hz Ls 4.804 SYT1 8.179% IDT1 67.222%
Proc (324/1100): 21.420Hz Ls 4.829 SYT1 8.457% IDT1 67.778%
Proc (504/1100): 21.171Hz Ls 4.824 SYT1 8.642% IDT1 67.037%
Proc (684/1100): 21.067Hz Ls 4.825 SYT1 8.665% IDT1 66.528%
Proc (864/1100): 21.344Hz Ls 4.814 SYT1 8.599% IDT1 68.222%
Proc (1044/1100): 20.923Hz Ls 4.810 SYT1 8.606% IDT1 68.333% 
Content loss 1.000000 Identity loss 1.000000
Proc (144/180): 58.529Hz Ls 5.929 SYT1 5.864% IDT1 10.000% 
2021-05-04 22:26:28 data/exp03: IT 90, LR 0.000001, TACC 68.33, TLOSS 4.809757, VACC 10.00, VLOSS 5.928712

2021-05-04 22:26:28 Saving model 90

2021-05-04 22:26:28 91 Start Iteration
Content loss 1.000000 Identity loss 1.000000
Proc (144/1100): 21.382Hz Ls 4.806 SYT1 8.580% IDT1 68.889%
Proc (324/1100): 20.852Hz Ls 4.827 SYT1 8.796% IDT1 66.389%
Proc (504/1100): 20.511Hz Ls 4.831 SYT1 8.591% IDT1 67.778%
Proc (684/1100): 22.554Hz Ls 4.828 SYT1 8.688% IDT1 68.333%
Proc (864/1100): 20.985Hz Ls 4.822 SYT1 8.747% IDT1 67.667%
Proc (1044/1100): 19.624Hz Ls 4.827 SYT1 8.709% IDT1 67.870% 
Content loss 1.000000 Identity loss 1.000000
Proc (144/180): 58.689Hz Ls 5.924 SYT1 5.895% IDT1 11.111% 
2021-05-04 22:27:58 data/exp03: IT 91, LR 0.000001, TACC 67.87, TLOSS 4.826881, VACC 11.11, VLOSS 5.923524

2021-05-04 22:27:58 Saving model 91

2021-05-04 22:27:58 92 Start Iteration
Content loss 1.000000 Identity loss 1.000000
Proc (144/1100): 21.476Hz Ls 4.807 SYT1 9.815% IDT1 69.444%
Proc (324/1100): 20.831Hz Ls 4.794 SYT1 9.167% IDT1 69.722%
Proc (504/1100): 20.806Hz Ls 4.817 SYT1 8.673% IDT1 68.519%
Proc (684/1100): 21.265Hz Ls 4.810 SYT1 8.634% IDT1 69.444%
Proc (864/1100): 21.148Hz Ls 4.815 SYT1 8.654% IDT1 68.889%
Proc (1044/1100): 20.899Hz Ls 4.806 SYT1 8.637% IDT1 68.889% 
Content loss 1.000000 Identity loss 1.000000
Proc (144/180): 58.876Hz Ls 5.912 SYT1 6.019% IDT1 9.444% 
2021-05-04 22:29:27 data/exp03: IT 92, LR 0.000001, TACC 68.89, TLOSS 4.805693, VACC 9.44, VLOSS 5.912042

2021-05-04 22:29:27 Saving model 92

2021-05-04 22:29:27 93 Start Iteration
Content loss 1.000000 Identity loss 1.000000
Proc (144/1100): 21.488Hz Ls 4.821 SYT1 8.920% IDT1 64.444%
Proc (324/1100): 20.818Hz Ls 4.832 SYT1 9.136% IDT1 67.222%
Proc (504/1100): 18.560Hz Ls 4.841 SYT1 8.704% IDT1 67.037%
Proc (684/1100): 20.802Hz Ls 4.833 SYT1 8.696% IDT1 66.944%
Proc (864/1100): 20.871Hz Ls 4.850 SYT1 8.685% IDT1 66.556%
Proc (1044/1100): 21.086Hz Ls 4.853 SYT1 8.740% IDT1 66.574% 
Content loss 1.000000 Identity loss 1.000000
Proc (144/180): 57.526Hz Ls 5.907 SYT1 6.019% IDT1 12.222% 
2021-05-04 22:30:56 data/exp03: IT 93, LR 0.000001, TACC 66.57, TLOSS 4.852585, VACC 12.22, VLOSS 5.906715

2021-05-04 22:30:56 Saving model 93

2021-05-04 22:30:56 94 Start Iteration
Content loss 1.000000 Identity loss 1.000000
Proc (144/1100): 21.456Hz Ls 4.788 SYT1 8.395% IDT1 68.333%
Proc (324/1100): 22.967Hz Ls 4.784 SYT1 8.735% IDT1 69.444%
Proc (504/1100): 21.592Hz Ls 4.812 SYT1 8.909% IDT1 68.889%
Proc (684/1100): 20.957Hz Ls 4.822 SYT1 8.804% IDT1 67.639%
Proc (864/1100): 22.137Hz Ls 4.833 SYT1 8.728% IDT1 67.889%
Proc (1044/1100): 21.135Hz Ls 4.828 SYT1 8.688% IDT1 68.426% 
Content loss 1.000000 Identity loss 1.000000
Proc (144/180): 60.764Hz Ls 5.910 SYT1 5.957% IDT1 8.333% 
2021-05-04 22:32:25 data/exp03: IT 94, LR 0.000001, TACC 68.43, TLOSS 4.828048, VACC 8.33, VLOSS 5.909679

2021-05-04 22:32:25 Saving model 94

2021-05-04 22:32:25 95 Start Iteration
Content loss 1.000000 Identity loss 1.000000
Proc (144/1100): 22.598Hz Ls 4.853 SYT1 8.642% IDT1 72.778%
Proc (324/1100): 20.766Hz Ls 4.838 SYT1 8.642% IDT1 70.833%
Proc (504/1100): 21.286Hz Ls 4.847 SYT1 8.591% IDT1 68.704%
Proc (684/1100): 20.669Hz Ls 4.831 SYT1 8.681% IDT1 69.444%
Proc (864/1100): 21.131Hz Ls 4.820 SYT1 8.623% IDT1 69.778%
Proc (1044/1100): 20.558Hz Ls 4.824 SYT1 8.621% IDT1 69.167% 
Content loss 1.000000 Identity loss 1.000000
Proc (144/180): 42.646Hz Ls 5.875 SYT1 6.049% IDT1 11.667% 
2021-05-04 22:33:55 data/exp03: IT 95, LR 0.000001, TACC 69.17, TLOSS 4.824288, VACC 11.67, VLOSS 5.875138

2021-05-04 22:33:55 Saving model 95

2021-05-04 22:33:55 96 Start Iteration
Content loss 1.000000 Identity loss 1.000000
Proc (144/1100): 20.316Hz Ls 4.852 SYT1 8.333% IDT1 66.667%
Proc (324/1100): 22.206Hz Ls 4.817 SYT1 8.488% IDT1 67.500%
Proc (504/1100): 20.566Hz Ls 4.806 SYT1 8.714% IDT1 69.259%
Proc (684/1100): 21.877Hz Ls 4.814 SYT1 8.727% IDT1 68.472%
Proc (864/1100): 22.041Hz Ls 4.806 SYT1 8.716% IDT1 68.778%
Proc (1044/1100): 20.881Hz Ls 4.813 SYT1 8.724% IDT1 67.685% 
Content loss 1.000000 Identity loss 1.000000
Proc (144/180): 60.607Hz Ls 5.908 SYT1 5.710% IDT1 8.889% 
2021-05-04 22:35:25 data/exp03: IT 96, LR 0.000001, TACC 67.69, TLOSS 4.812564, VACC 8.89, VLOSS 5.907877

2021-05-04 22:35:25 Saving model 96

2021-05-04 22:35:25 97 Start Iteration
Content loss 1.000000 Identity loss 1.000000
Proc (144/1100): 20.952Hz Ls 4.860 SYT1 8.364% IDT1 69.444%
Proc (324/1100): 22.448Hz Ls 4.820 SYT1 8.596% IDT1 71.667%
Proc (504/1100): 20.779Hz Ls 4.813 SYT1 8.663% IDT1 70.741%
Proc (684/1100): 21.001Hz Ls 4.817 SYT1 8.619% IDT1 68.889%
Proc (864/1100): 20.930Hz Ls 4.820 SYT1 8.722% IDT1 68.778%
Proc (1044/1100): 20.775Hz Ls 4.830 SYT1 8.616% IDT1 67.685% 
Content loss 1.000000 Identity loss 1.000000
Proc (144/180): 60.273Hz Ls 5.888 SYT1 6.080% IDT1 8.889% 
2021-05-04 22:36:55 data/exp03: IT 97, LR 0.000001, TACC 67.69, TLOSS 4.830278, VACC 8.89, VLOSS 5.888486

2021-05-04 22:36:55 Saving model 97

2021-05-04 22:36:55 98 Start Iteration
Content loss 1.000000 Identity loss 1.000000
Proc (144/1100): 21.070Hz Ls 4.754 SYT1 8.179% IDT1 70.556%
Proc (324/1100): 20.778Hz Ls 4.789 SYT1 8.519% IDT1 70.833%
Proc (504/1100): 21.316Hz Ls 4.804 SYT1 8.591% IDT1 69.815%
Proc (684/1100): 21.241Hz Ls 4.798 SYT1 8.742% IDT1 69.583%
Proc (864/1100): 20.897Hz Ls 4.806 SYT1 8.722% IDT1 69.444%
Proc (1044/1100): 20.982Hz Ls 4.811 SYT1 8.765% IDT1 68.704% 
Content loss 1.000000 Identity loss 1.000000
Proc (144/180): 60.728Hz Ls 5.883 SYT1 5.833% IDT1 6.667% 
2021-05-04 22:38:24 data/exp03: IT 98, LR 0.000001, TACC 68.70, TLOSS 4.811181, VACC 6.67, VLOSS 5.883466

2021-05-04 22:38:24 Saving model 98

2021-05-04 22:38:25 99 Start Iteration
Content loss 1.000000 Identity loss 1.000000
Proc (144/1100): 21.038Hz Ls 4.824 SYT1 8.611% IDT1 61.111%
Proc (324/1100): 20.513Hz Ls 4.853 SYT1 8.673% IDT1 63.056%
Proc (504/1100): 21.053Hz Ls 4.833 SYT1 8.796% IDT1 65.000%
Proc (684/1100): 21.026Hz Ls 4.824 SYT1 8.580% IDT1 67.083%
Proc (864/1100): 20.896Hz Ls 4.828 SYT1 8.630% IDT1 67.111%
Proc (1044/1100): 20.768Hz Ls 4.823 SYT1 8.632% IDT1 67.407% 
Content loss 1.000000 Identity loss 1.000000
Proc (144/180): 60.979Hz Ls 5.908 SYT1 5.895% IDT1 9.444% 
2021-05-04 22:39:55 data/exp03: IT 99, LR 0.000001, TACC 67.41, TLOSS 4.823004, VACC 9.44, VLOSS 5.907628

2021-05-04 22:39:55 Saving model 99

2021-05-04 22:39:55 100 Start Iteration
Content loss 1.000000 Identity loss 1.000000
Proc (144/1100): 21.028Hz Ls 4.853 SYT1 8.395% IDT1 68.333%
Proc (324/1100): 20.978Hz Ls 4.859 SYT1 8.565% IDT1 63.611%
Proc (504/1100): 21.057Hz Ls 4.854 SYT1 8.745% IDT1 66.667%
Proc (684/1100): 21.394Hz Ls 4.848 SYT1 8.812% IDT1 67.361%
Proc (864/1100): 20.975Hz Ls 4.844 SYT1 8.778% IDT1 67.000%
Proc (1044/1100): 20.659Hz Ls 4.847 SYT1 8.735% IDT1 67.315% 
Content loss 1.000000 Identity loss 1.000000
Proc (144/180): 56.456Hz Ls 5.891 SYT1 5.957% IDT1 10.000% 
2021-05-04 22:41:25 data/exp03: IT 100, LR 0.000001, TACC 67.31, TLOSS 4.846550, VACC 10.00, VLOSS 5.890545

2021-05-04 22:41:25 Saving model 100
