maxFrames 34
nBatchSize 30
nTrainPerEpoch 100000
nTestPerEpoch 10000
nDataLoaderThread 4
goon False
hard_eval False
max_epoch 100
temporal_stride 2
model models.SyncNetModelFBank
nOut 1024
lr 0.01
lr_decay 0.95
alphaC 1.0
alphaI 1.0
initial_model 
save_path data/exp04
train_list data/train.txt
verify_list data/test.txt
test_list voxceleb/test_list.txt
test_path voxceleb/voxceleb1
eval False
Reading data ...
Evalmode False - 1100 clips
Evalmode True - 36 clips
Reading done. Cost 369 seconds.
2021-05-06 10:52:29 1 Start Iteration
Content loss 1.000000 Identity loss 1.000000
Proc (120/1100): 24.318Hz Ls 6.322 SYT1 5.519% IDT1 3.333% Proc (270/1100): 22.707Hz Ls 6.316 SYT1 5.315% IDT1 3.667% Proc (420/1100): 20.877Hz Ls 6.299 SYT1 5.346% IDT1 4.222% Proc (570/1100): 23.914Hz Ls 6.284 SYT1 5.481% IDT1 4.833% Proc (720/1100): 22.587Hz Ls 6.268 SYT1 5.556% IDT1 5.200% Proc (870/1100): 23.760Hz Ls 6.253 SYT1 5.667% IDT1 5.333% Proc (1020/1100): 24.183Hz Ls 6.242 SYT1 5.619% IDT1 6.095% 
Content loss 1.000000 Identity loss 1.000000

2021-05-06 10:53:38 data/exp04: IT 1, LR 0.000100, TACC 6.11, TLOSS 6.241422, VACC 10.00, VLOSS 6.210712

2021-05-06 10:53:38 Saving model 1

2021-05-06 10:53:38 2 Start Iteration
Content loss 1.000000 Identity loss 1.000000
Proc (120/1100): 22.755Hz Ls 6.113 SYT1 5.000% IDT1 12.000% Proc (270/1100): 23.853Hz Ls 6.101 SYT1 5.093% IDT1 12.000% Proc (420/1100): 20.881Hz Ls 6.085 SYT1 5.383% IDT1 11.778% Proc (570/1100): 23.132Hz Ls 6.094 SYT1 5.380% IDT1 11.000% Proc (720/1100): 22.411Hz Ls 6.081 SYT1 5.393% IDT1 11.067% Proc (870/1100): 22.137Hz Ls 6.080 SYT1 5.444% IDT1 11.222% Proc (1020/1100): 21.517Hz Ls 6.078 SYT1 5.513% IDT1 11.143% 
Content loss 1.000000 Identity loss 1.000000

2021-05-06 10:54:48 data/exp04: IT 2, LR 0.000095, TACC 11.02, TLOSS 6.080499, VACC 6.67, VLOSS 6.140133

2021-05-06 10:54:48 Saving model 2

2021-05-06 10:54:48 3 Start Iteration
Content loss 1.000000 Identity loss 1.000000
Proc (120/1100): 24.256Hz Ls 5.984 SYT1 5.333% IDT1 20.000% Proc (270/1100): 24.258Hz Ls 5.999 SYT1 5.796% IDT1 19.000% Proc (420/1100): 24.244Hz Ls 5.976 SYT1 5.827% IDT1 20.000% Proc (570/1100): 21.169Hz Ls 5.974 SYT1 5.796% IDT1 19.667% Proc (720/1100): 22.045Hz Ls 5.977 SYT1 5.867% IDT1 18.800% Proc (870/1100): 22.204Hz Ls 5.971 SYT1 5.815% IDT1 18.556% Proc (1020/1100): 21.097Hz Ls 5.971 SYT1 5.862% IDT1 18.381% 
Content loss 1.000000 Identity loss 1.000000

2021-05-06 10:55:57 data/exp04: IT 3, LR 0.000090, TACC 18.24, TLOSS 5.972286, VACC 6.67, VLOSS 6.145176

2021-05-06 10:55:57 Saving model 3

2021-05-06 10:55:57 4 Start Iteration
Content loss 1.000000 Identity loss 1.000000
Proc (120/1100): 24.876Hz Ls 5.889 SYT1 5.704% IDT1 23.333% Proc (270/1100): 24.863Hz Ls 5.857 SYT1 5.611% IDT1 23.667% Proc (420/1100): 20.425Hz Ls 5.886 SYT1 5.679% IDT1 22.667% Proc (570/1100): 22.012Hz Ls 5.888 SYT1 5.713% IDT1 24.167% Proc (720/1100): 20.126Hz Ls 5.879 SYT1 5.896% IDT1 24.667% Proc (870/1100): 20.852Hz Ls 5.880 SYT1 5.926% IDT1 24.222% Proc (1020/1100): 24.143Hz Ls 5.880 SYT1 5.905% IDT1 24.095% 
Content loss 1.000000 Identity loss 1.000000

2021-05-06 10:57:07 data/exp04: IT 4, LR 0.000086, TACC 23.89, TLOSS 5.879151, VACC 3.33, VLOSS 6.028485

2021-05-06 10:57:07 Saving model 4

2021-05-06 10:57:08 5 Start Iteration
Content loss 1.000000 Identity loss 1.000000
Proc (120/1100): 22.519Hz Ls 5.836 SYT1 6.148% IDT1 26.667% Proc (270/1100): 24.300Hz Ls 5.814 SYT1 6.241% IDT1 28.000% Proc (420/1100): 23.293Hz Ls 5.809 SYT1 6.272% IDT1 26.444% Proc (570/1100): 25.721Hz Ls 5.807 SYT1 6.250% IDT1 25.333% Proc (720/1100): 26.276Hz Ls 5.813 SYT1 6.230% IDT1 25.867% Proc (870/1100): 22.234Hz Ls 5.806 SYT1 6.241% IDT1 26.556% Proc (1020/1100): 23.868Hz Ls 5.798 SYT1 6.164% IDT1 26.571% 
Content loss 1.000000 Identity loss 1.000000

2021-05-06 10:58:18 data/exp04: IT 5, LR 0.000081, TACC 26.20, TLOSS 5.799970, VACC 6.67, VLOSS 5.952560

2021-05-06 10:58:18 Saving model 5

2021-05-06 10:58:18 6 Start Iteration
Content loss 1.000000 Identity loss 1.000000
Proc (120/1100): 24.689Hz Ls 5.735 SYT1 6.519% IDT1 33.333% Proc (270/1100): 25.487Hz Ls 5.740 SYT1 6.741% IDT1 31.333% Proc (420/1100): 24.457Hz Ls 5.746 SYT1 6.630% IDT1 30.889% Proc (570/1100): 24.652Hz Ls 5.732 SYT1 6.556% IDT1 30.833% Proc (720/1100): 22.261Hz Ls 5.736 SYT1 6.600% IDT1 30.800% Proc (870/1100): 21.953Hz Ls 5.728 SYT1 6.586% IDT1 29.667% Proc (1020/1100): 25.751Hz Ls 5.733 SYT1 6.540% IDT1 29.429% 
Content loss 1.000000 Identity loss 1.000000

2021-05-06 10:59:28 data/exp04: IT 6, LR 0.000077, TACC 28.98, TLOSS 5.730409, VACC 10.00, VLOSS 5.947304

2021-05-06 10:59:28 Saving model 6

2021-05-06 10:59:28 7 Start Iteration
Content loss 1.000000 Identity loss 1.000000
Proc (120/1100): 24.356Hz Ls 5.630 SYT1 6.111% IDT1 26.667% Proc (270/1100): 21.528Hz Ls 5.641 SYT1 6.056% IDT1 28.333% Proc (420/1100): 21.854Hz Ls 5.633 SYT1 6.222% IDT1 29.556% Proc (570/1100): 21.346Hz Ls 5.639 SYT1 6.324% IDT1 28.667% Proc (720/1100): 21.816Hz Ls 5.651 SYT1 6.230% IDT1 28.667% Proc (870/1100): 23.387Hz Ls 5.646 SYT1 6.216% IDT1 28.889% Proc (1020/1100): 18.155Hz Ls 5.637 SYT1 6.212% IDT1 29.429% 
Content loss 1.000000 Identity loss 1.000000

2021-05-06 11:00:40 data/exp04: IT 7, LR 0.000074, TACC 29.44, TLOSS 5.640511, VACC 10.00, VLOSS 5.935434

2021-05-06 11:00:40 Saving model 7

2021-05-06 11:00:41 8 Start Iteration
Content loss 1.000000 Identity loss 1.000000
Proc (120/1100): 24.158Hz Ls 5.609 SYT1 6.556% IDT1 30.000% Proc (270/1100): 23.264Hz Ls 5.630 SYT1 6.148% IDT1 29.333% Proc (420/1100): 24.158Hz Ls 5.604 SYT1 6.160% IDT1 30.444% Proc (570/1100): 23.265Hz Ls 5.596 SYT1 6.074% IDT1 31.167% Proc (720/1100): 23.450Hz Ls 5.586 SYT1 6.185% IDT1 32.533% Proc (870/1100): 21.853Hz Ls 5.577 SYT1 6.321% IDT1 31.889% Proc (1020/1100): 23.574Hz Ls 5.573 SYT1 6.402% IDT1 31.714% 
Content loss 1.000000 Identity loss 1.000000

2021-05-06 11:01:51 data/exp04: IT 8, LR 0.000070, TACC 31.67, TLOSS 5.570957, VACC 10.00, VLOSS 5.904486

2021-05-06 11:01:51 Saving model 8

2021-05-06 11:01:51 9 Start Iteration
Content loss 1.000000 Identity loss 1.000000
Proc (120/1100): 26.429Hz Ls 5.555 SYT1 6.741% IDT1 32.000% Proc (270/1100): 22.584Hz Ls 5.546 SYT1 6.500% IDT1 33.333% Proc (420/1100): 24.985Hz Ls 5.526 SYT1 6.568% IDT1 32.444% Proc (570/1100): 19.619Hz Ls 5.517 SYT1 6.537% IDT1 32.500% Proc (720/1100): 24.660Hz Ls 5.513 SYT1 6.496% IDT1 32.533% Proc (870/1100): 23.669Hz Ls 5.506 SYT1 6.500% IDT1 31.444% Proc (1020/1100): 23.719Hz Ls 5.508 SYT1 6.556% IDT1 30.571% 
Content loss 1.000000 Identity loss 1.000000

2021-05-06 11:03:01 data/exp04: IT 9, LR 0.000066, TACC 30.46, TLOSS 5.508819, VACC 10.00, VLOSS 5.903200

2021-05-06 11:03:01 Saving model 9

2021-05-06 11:03:01 10 Start Iteration
Content loss 1.000000 Identity loss 1.000000
Proc (120/1100): 22.151Hz Ls 5.433 SYT1 6.852% IDT1 38.000% Proc (270/1100): 23.515Hz Ls 5.457 SYT1 7.074% IDT1 33.667% Proc (420/1100): 23.109Hz Ls 5.466 SYT1 7.123% IDT1 31.556% Proc (570/1100): 21.673Hz Ls 5.458 SYT1 7.019% IDT1 33.000% Proc (720/1100): 22.990Hz Ls 5.453 SYT1 6.941% IDT1 33.067% Proc (870/1100): 22.111Hz Ls 5.454 SYT1 6.846% IDT1 33.556% Proc (1020/1100): 22.155Hz Ls 5.441 SYT1 6.825% IDT1 33.905% 
Content loss 1.000000 Identity loss 1.000000

2021-05-06 11:04:13 data/exp04: IT 10, LR 0.000063, TACC 34.07, TLOSS 5.443751, VACC 10.00, VLOSS 5.718243

2021-05-06 11:04:13 Saving model 10

2021-05-06 11:04:13 11 Start Iteration
Content loss 1.000000 Identity loss 1.000000
Proc (120/1100): 25.806Hz Ls 5.416 SYT1 7.185% IDT1 38.000% Proc (270/1100): 22.706Hz Ls 5.418 SYT1 7.056% IDT1 38.000% Proc (420/1100): 20.941Hz Ls 5.424 SYT1 6.975% IDT1 39.778% Proc (570/1100): 21.855Hz Ls 5.405 SYT1 6.833% IDT1 38.500% Proc (720/1100): 21.192Hz Ls 5.386 SYT1 6.867% IDT1 37.333% Proc (870/1100): 25.766Hz Ls 5.393 SYT1 6.932% IDT1 36.889% Proc (1020/1100): 24.109Hz Ls 5.397 SYT1 6.899% IDT1 35.524% 
Content loss 1.000000 Identity loss 1.000000

2021-05-06 11:05:24 data/exp04: IT 11, LR 0.000060, TACC 35.56, TLOSS 5.395368, VACC 13.33, VLOSS 5.769793

2021-05-06 11:05:24 Saving model 11

2021-05-06 11:05:24 12 Start Iteration
Content loss 1.000000 Identity loss 1.000000
Proc (120/1100): 21.856Hz Ls 5.336 SYT1 6.815% IDT1 38.000% Proc (270/1100): 25.875Hz Ls 5.320 SYT1 6.870% IDT1 38.333% Proc (420/1100): 22.444Hz Ls 5.331 SYT1 6.975% IDT1 37.111% Proc (570/1100): 23.993Hz Ls 5.330 SYT1 6.954% IDT1 37.333% Proc (720/1100): 24.738Hz Ls 5.323 SYT1 7.007% IDT1 38.267% Proc (870/1100): 24.309Hz Ls 5.327 SYT1 6.981% IDT1 38.111% Proc (1020/1100): 24.748Hz Ls 5.326 SYT1 6.979% IDT1 37.429% 
Content loss 1.000000 Identity loss 1.000000

2021-05-06 11:06:35 data/exp04: IT 12, LR 0.000057, TACC 37.31, TLOSS 5.331899, VACC 13.33, VLOSS 5.664908

2021-05-06 11:06:35 Saving model 12

2021-05-06 11:06:35 13 Start Iteration
Content loss 1.000000 Identity loss 1.000000
Proc (120/1100): 22.028Hz Ls 5.353 SYT1 6.889% IDT1 39.333% Proc (270/1100): 21.498Hz Ls 5.328 SYT1 7.037% IDT1 41.667% Proc (420/1100): 24.149Hz Ls 5.309 SYT1 7.086% IDT1 40.444% Proc (570/1100): 23.664Hz Ls 5.298 SYT1 7.148% IDT1 39.000% Proc (720/1100): 23.897Hz Ls 5.287 SYT1 7.215% IDT1 39.600% Proc (870/1100): 23.244Hz Ls 5.281 SYT1 7.321% IDT1 40.556% Proc (1020/1100): 26.783Hz Ls 5.277 SYT1 7.243% IDT1 40.857% 
Content loss 1.000000 Identity loss 1.000000

2021-05-06 11:07:45 data/exp04: IT 13, LR 0.000054, TACC 41.11, TLOSS 5.274266, VACC 13.33, VLOSS 5.719645

2021-05-06 11:07:45 Saving model 13

2021-05-06 11:07:46 14 Start Iteration
Content loss 1.000000 Identity loss 1.000000
Proc (120/1100): 25.056Hz Ls 5.292 SYT1 7.704% IDT1 47.333% Proc (270/1100): 21.723Hz Ls 5.265 SYT1 7.389% IDT1 47.000% Proc (420/1100): 22.665Hz Ls 5.241 SYT1 7.160% IDT1 44.667% Proc (570/1100): 26.066Hz Ls 5.252 SYT1 7.269% IDT1 43.000% Proc (720/1100): 26.609Hz Ls 5.251 SYT1 7.207% IDT1 42.000% Proc (870/1100): 24.316Hz Ls 5.254 SYT1 7.123% IDT1 41.333% Proc (1020/1100): 24.880Hz Ls 5.251 SYT1 7.217% IDT1 41.048% 
Content loss 1.000000 Identity loss 1.000000

2021-05-06 11:08:56 data/exp04: IT 14, LR 0.000051, TACC 41.20, TLOSS 5.251068, VACC 10.00, VLOSS 5.755463

2021-05-06 11:08:56 Saving model 14

2021-05-06 11:08:56 15 Start Iteration
Content loss 1.000000 Identity loss 1.000000
Proc (120/1100): 22.100Hz Ls 5.171 SYT1 7.963% IDT1 44.667% Proc (270/1100): 22.820Hz Ls 5.175 SYT1 7.963% IDT1 43.000% Proc (420/1100): 23.226Hz Ls 5.180 SYT1 7.926% IDT1 43.778% Proc (570/1100): 18.941Hz Ls 5.184 SYT1 7.796% IDT1 43.000% Proc (720/1100): 25.087Hz Ls 5.205 SYT1 7.763% IDT1 42.267% Proc (870/1100): 22.158Hz Ls 5.205 SYT1 7.722% IDT1 41.889% Proc (1020/1100): 24.033Hz Ls 5.206 SYT1 7.667% IDT1 41.810% 
Content loss 1.000000 Identity loss 1.000000

2021-05-06 11:10:06 data/exp04: IT 15, LR 0.000049, TACC 41.85, TLOSS 5.204046, VACC 6.67, VLOSS 5.715961

2021-05-06 11:10:06 Saving model 15

2021-05-06 11:10:06 16 Start Iteration
Content loss 1.000000 Identity loss 1.000000
Proc (120/1100): 23.743Hz Ls 5.128 SYT1 7.111% IDT1 44.000% Proc (270/1100): 25.555Hz Ls 5.140 SYT1 7.444% IDT1 43.333% Proc (420/1100): 21.478Hz Ls 5.154 SYT1 7.358% IDT1 43.778% Proc (570/1100): 22.209Hz Ls 5.158 SYT1 7.352% IDT1 43.500% Proc (720/1100): 23.786Hz Ls 5.155 SYT1 7.326% IDT1 42.933% Proc (870/1100): 23.760Hz Ls 5.153 SYT1 7.395% IDT1 42.889% Proc (1020/1100): 25.028Hz Ls 5.158 SYT1 7.429% IDT1 43.048% 
Content loss 1.000000 Identity loss 1.000000

2021-05-06 11:11:17 data/exp04: IT 16, LR 0.000046, TACC 42.69, TLOSS 5.163121, VACC 13.33, VLOSS 5.739922

2021-05-06 11:11:17 Saving model 16

2021-05-06 11:11:17 17 Start Iteration
Content loss 1.000000 Identity loss 1.000000
Proc (120/1100): 24.821Hz Ls 5.055 SYT1 7.333% IDT1 49.333% Proc (270/1100): 23.778Hz Ls 5.091 SYT1 7.370% IDT1 48.000% Proc (420/1100): 22.002Hz Ls 5.112 SYT1 7.321% IDT1 47.111% Proc (570/1100): 23.654Hz Ls 5.110 SYT1 7.352% IDT1 45.667% Proc (720/1100): 24.226Hz Ls 5.106 SYT1 7.378% IDT1 46.800% Proc (870/1100): 23.828Hz Ls 5.110 SYT1 7.321% IDT1 46.222% Proc (1020/1100): 24.507Hz Ls 5.121 SYT1 7.339% IDT1 45.619% 
Content loss 1.000000 Identity loss 1.000000

2021-05-06 11:12:27 data/exp04: IT 17, LR 0.000044, TACC 45.46, TLOSS 5.121428, VACC 6.67, VLOSS 5.745626

2021-05-06 11:12:27 Saving model 17

2021-05-06 11:12:27 18 Start Iteration
Content loss 1.000000 Identity loss 1.000000
Proc (120/1100): 26.500Hz Ls 5.156 SYT1 7.704% IDT1 45.333% Proc (270/1100): 21.366Hz Ls 5.126 SYT1 7.704% IDT1 47.667% Proc (420/1100): 22.158Hz Ls 5.116 SYT1 7.691% IDT1 47.333% Proc (570/1100): 25.738Hz Ls 5.109 SYT1 7.620% IDT1 47.667% Proc (720/1100): 20.194Hz Ls 5.098 SYT1 7.681% IDT1 45.867% Proc (870/1100): 24.036Hz Ls 5.089 SYT1 7.673% IDT1 46.000% Proc (1020/1100): 23.887Hz Ls 5.089 SYT1 7.667% IDT1 46.667% 
Content loss 1.000000 Identity loss 1.000000

2021-05-06 11:13:37 data/exp04: IT 18, LR 0.000042, TACC 46.76, TLOSS 5.091123, VACC 13.33, VLOSS 5.676252

2021-05-06 11:13:37 Saving model 18

2021-05-06 11:13:37 19 Start Iteration
Content loss 1.000000 Identity loss 1.000000
Proc (120/1100): 22.325Hz Ls 5.102 SYT1 7.667% IDT1 40.667% Proc (270/1100): 20.443Hz Ls 5.073 SYT1 7.463% IDT1 44.333% Proc (420/1100): 23.413Hz Ls 5.093 SYT1 7.654% IDT1 45.111% Proc (570/1100): 20.159Hz Ls 5.087 SYT1 7.806% IDT1 46.167% Proc (720/1100): 22.756Hz Ls 5.075 SYT1 7.830% IDT1 46.267% Proc (870/1100): 21.316Hz Ls 5.070 SYT1 7.858% IDT1 47.000% Proc (1020/1100): 19.783Hz Ls 5.071 SYT1 7.825% IDT1 47.905% 
Content loss 1.000000 Identity loss 1.000000

2021-05-06 11:14:48 data/exp04: IT 19, LR 0.000040, TACC 47.78, TLOSS 5.071895, VACC 6.67, VLOSS 5.729788

2021-05-06 11:14:48 Saving model 19

2021-05-06 11:14:49 20 Start Iteration
Content loss 1.000000 Identity loss 1.000000
Proc (120/1100): 20.646Hz Ls 5.007 SYT1 7.704% IDT1 48.000% Proc (270/1100): 22.639Hz Ls 5.036 SYT1 7.556% IDT1 50.667% Proc (420/1100): 22.636Hz Ls 5.044 SYT1 7.543% IDT1 48.444% Proc (570/1100): 20.009Hz Ls 5.039 SYT1 7.731% IDT1 50.333% Proc (720/1100): 22.151Hz Ls 5.044 SYT1 7.696% IDT1 51.067% Proc (870/1100): 23.598Hz Ls 5.042 SYT1 7.722% IDT1 51.000% Proc (1020/1100): 21.347Hz Ls 5.039 SYT1 7.688% IDT1 49.810% 
Content loss 1.000000 Identity loss 1.000000

2021-05-06 11:16:00 data/exp04: IT 20, LR 0.000038, TACC 49.81, TLOSS 5.040312, VACC 6.67, VLOSS 5.659954

2021-05-06 11:16:00 Saving model 20

2021-05-06 11:16:00 21 Start Iteration
Content loss 1.000000 Identity loss 1.000000
Proc (120/1100): 21.620Hz Ls 5.046 SYT1 7.926% IDT1 54.667% Proc (270/1100): 25.871Hz Ls 4.996 SYT1 7.481% IDT1 53.000% Proc (420/1100): 18.129Hz Ls 4.993 SYT1 7.691% IDT1 52.667% Proc (570/1100): 25.149Hz Ls 4.993 SYT1 7.722% IDT1 52.500% Proc (720/1100): 22.355Hz Ls 4.995 SYT1 7.837% IDT1 51.200% Proc (870/1100): 24.197Hz Ls 4.992 SYT1 7.895% IDT1 51.889% Proc (1020/1100): 23.769Hz Ls 5.001 SYT1 7.884% IDT1 50.286% 
Content loss 1.000000 Identity loss 1.000000

2021-05-06 11:17:11 data/exp04: IT 21, LR 0.000036, TACC 49.81, TLOSS 5.003250, VACC 3.33, VLOSS 5.697119

2021-05-06 11:17:11 Saving model 21

2021-05-06 11:17:12 22 Start Iteration
Content loss 1.000000 Identity loss 1.000000
Proc (120/1100): 20.717Hz Ls 4.989 SYT1 7.704% IDT1 49.333% Proc (270/1100): 22.931Hz Ls 4.988 SYT1 7.704% IDT1 50.333% Proc (420/1100): 20.468Hz Ls 4.987 SYT1 7.864% IDT1 50.000% Proc (570/1100): 20.888Hz Ls 4.998 SYT1 7.778% IDT1 49.833% Proc (720/1100): 21.644Hz Ls 4.989 SYT1 7.837% IDT1 50.000% Proc (870/1100): 20.427Hz Ls 4.984 SYT1 7.957% IDT1 52.111% Proc (1020/1100): 21.300Hz Ls 4.981 SYT1 7.921% IDT1 51.810% 
Content loss 1.000000 Identity loss 1.000000

2021-05-06 11:18:22 data/exp04: IT 22, LR 0.000034, TACC 52.04, TLOSS 4.978180, VACC 13.33, VLOSS 5.632139

2021-05-06 11:18:22 Saving model 22

2021-05-06 11:18:22 23 Start Iteration
Content loss 1.000000 Identity loss 1.000000
Proc (120/1100): 20.040Hz Ls 4.947 SYT1 8.407% IDT1 52.000% Proc (270/1100): 21.592Hz Ls 4.974 SYT1 8.074% IDT1 48.000% Proc (420/1100): 21.960Hz Ls 4.966 SYT1 8.049% IDT1 50.000% Proc (570/1100): 21.776Hz Ls 4.962 SYT1 8.102% IDT1 50.667% Proc (720/1100): 21.217Hz Ls 4.954 SYT1 8.133% IDT1 52.000% Proc (870/1100): 23.811Hz Ls 4.951 SYT1 8.074% IDT1 53.222% Proc (1020/1100): 21.593Hz Ls 4.956 SYT1 8.079% IDT1 53.238% 
Content loss 1.000000 Identity loss 1.000000

2021-05-06 11:19:29 data/exp04: IT 23, LR 0.000032, TACC 52.87, TLOSS 4.954218, VACC 10.00, VLOSS 5.591948

2021-05-06 11:19:29 Saving model 23

2021-05-06 11:19:29 24 Start Iteration
Content loss 1.000000 Identity loss 1.000000
Proc (120/1100): 21.655Hz Ls 4.884 SYT1 8.593% IDT1 57.333% Proc (270/1100): 21.959Hz Ls 4.940 SYT1 8.407% IDT1 55.667% Proc (420/1100): 21.765Hz Ls 4.932 SYT1 8.481% IDT1 56.000% Proc (570/1100): 20.960Hz Ls 4.931 SYT1 8.380% IDT1 56.667% Proc (720/1100): 23.438Hz Ls 4.938 SYT1 8.148% IDT1 56.800% Proc (870/1100): 21.234Hz Ls 4.940 SYT1 8.167% IDT1 55.000% Proc (1020/1100): 20.961Hz Ls 4.948 SYT1 8.148% IDT1 54.667% 
Content loss 1.000000 Identity loss 1.000000

2021-05-06 11:20:37 data/exp04: IT 24, LR 0.000031, TACC 54.81, TLOSS 4.946108, VACC 6.67, VLOSS 5.725250

2021-05-06 11:20:37 Saving model 24

2021-05-06 11:20:37 25 Start Iteration
Content loss 1.000000 Identity loss 1.000000
Proc (120/1100): 21.124Hz Ls 4.889 SYT1 8.741% IDT1 58.000% Proc (270/1100): 22.282Hz Ls 4.906 SYT1 8.407% IDT1 57.000% Proc (420/1100): 19.388Hz Ls 4.903 SYT1 8.444% IDT1 57.333% Proc (570/1100): 20.688Hz Ls 4.912 SYT1 8.361% IDT1 56.667% Proc (720/1100): 20.868Hz Ls 4.921 SYT1 8.074% IDT1 56.133% Proc (870/1100): 21.333Hz Ls 4.914 SYT1 8.136% IDT1 56.111% Proc (1020/1100): 21.433Hz Ls 4.911 SYT1 8.148% IDT1 55.333% 
Content loss 1.000000 Identity loss 1.000000

2021-05-06 11:21:52 data/exp04: IT 25, LR 0.000029, TACC 55.09, TLOSS 4.911592, VACC 6.67, VLOSS 5.638182

2021-05-06 11:21:52 Saving model 25

2021-05-06 11:21:52 26 Start Iteration
Content loss 1.000000 Identity loss 1.000000
Proc (120/1100): 20.414Hz Ls 4.930 SYT1 7.778% IDT1 55.333% Proc (270/1100): 21.765Hz Ls 4.896 SYT1 8.370% IDT1 57.333% Proc (420/1100): 20.316Hz Ls 4.906 SYT1 8.296% IDT1 58.222% Proc (570/1100): 20.370Hz Ls 4.899 SYT1 8.204% IDT1 58.167% Proc (720/1100): 25.970Hz Ls 4.891 SYT1 8.311% IDT1 57.200% Proc (870/1100): 20.897Hz Ls 4.889 SYT1 8.253% IDT1 56.778% Proc (1020/1100): 21.221Hz Ls 4.888 SYT1 8.286% IDT1 55.810% 
Content loss 1.000000 Identity loss 1.000000

2021-05-06 11:23:03 data/exp04: IT 26, LR 0.000028, TACC 55.83, TLOSS 4.889398, VACC 3.33, VLOSS 5.710965

2021-05-06 11:23:03 Saving model 26

2021-05-06 11:23:03 27 Start Iteration
Content loss 1.000000 Identity loss 1.000000
Proc (120/1100): 21.473Hz Ls 4.916 SYT1 8.000% IDT1 55.333% Proc (270/1100): 21.085Hz Ls 4.901 SYT1 8.000% IDT1 54.667% Proc (420/1100): 21.459Hz Ls 4.886 SYT1 8.148% IDT1 54.889% Proc (570/1100): 22.122Hz Ls 4.891 SYT1 8.139% IDT1 55.333% Proc (720/1100): 20.150Hz Ls 4.895 SYT1 8.163% IDT1 56.800% Proc (870/1100): 21.677Hz Ls 4.900 SYT1 8.222% IDT1 56.333% Proc (1020/1100): 20.418Hz Ls 4.895 SYT1 8.249% IDT1 56.952% 
Content loss 1.000000 Identity loss 1.000000

2021-05-06 11:24:14 data/exp04: IT 27, LR 0.000026, TACC 56.94, TLOSS 4.894696, VACC 10.00, VLOSS 5.674079

2021-05-06 11:24:14 Saving model 27

2021-05-06 11:24:15 28 Start Iteration
Content loss 1.000000 Identity loss 1.000000
Proc (120/1100): 20.798Hz Ls 4.889 SYT1 7.852% IDT1 56.000% Proc (270/1100): 20.419Hz Ls 4.847 SYT1 8.370% IDT1 59.667% Proc (420/1100): 21.268Hz Ls 4.850 SYT1 8.296% IDT1 58.667% Proc (570/1100): 22.076Hz Ls 4.845 SYT1 8.398% IDT1 59.167% Proc (720/1100): 20.863Hz Ls 4.852 SYT1 8.400% IDT1 58.400% Proc (870/1100): 21.400Hz Ls 4.856 SYT1 8.370% IDT1 58.889% Proc (1020/1100): 21.582Hz Ls 4.857 SYT1 8.307% IDT1 59.619% 
Content loss 1.000000 Identity loss 1.000000

2021-05-06 11:25:28 data/exp04: IT 28, LR 0.000025, TACC 59.81, TLOSS 4.853736, VACC 16.67, VLOSS 5.614648

2021-05-06 11:25:28 Saving model 28

2021-05-06 11:25:28 29 Start Iteration
Content loss 1.000000 Identity loss 1.000000
Proc (120/1100): 20.289Hz Ls 4.844 SYT1 8.630% IDT1 65.333% Proc (270/1100): 21.568Hz Ls 4.833 SYT1 8.611% IDT1 60.667% Proc (420/1100): 23.465Hz Ls 4.841 SYT1 8.358% IDT1 60.667% Proc (570/1100): 21.591Hz Ls 4.832 SYT1 8.352% IDT1 59.667% Proc (720/1100): 20.504Hz Ls 4.827 SYT1 8.393% IDT1 60.933% Proc (870/1100): 21.496Hz Ls 4.832 SYT1 8.549% IDT1 60.444% Proc (1020/1100): 20.484Hz Ls 4.835 SYT1 8.545% IDT1 60.190% 
Content loss 1.000000 Identity loss 1.000000

2021-05-06 11:26:39 data/exp04: IT 29, LR 0.000024, TACC 60.09, TLOSS 4.833385, VACC 6.67, VLOSS 5.696406

2021-05-06 11:26:39 Saving model 29

2021-05-06 11:26:39 30 Start Iteration
Content loss 1.000000 Identity loss 1.000000
Proc (120/1100): 21.327Hz Ls 4.821 SYT1 8.963% IDT1 57.333% Proc (270/1100): 20.572Hz Ls 4.833 SYT1 8.500% IDT1 56.333% Proc (420/1100): 24.686Hz Ls 4.821 SYT1 8.605% IDT1 59.778% Proc (570/1100): 22.360Hz Ls 4.821 SYT1 8.417% IDT1 60.333% Proc (720/1100): 21.160Hz Ls 4.831 SYT1 8.444% IDT1 59.467% Proc (870/1100): 27.642Hz Ls 4.832 SYT1 8.407% IDT1 59.889% Proc (1020/1100): 23.268Hz Ls 4.826 SYT1 8.418% IDT1 60.000% 
Content loss 1.000000 Identity loss 1.000000

2021-05-06 11:27:47 data/exp04: IT 30, LR 0.000023, TACC 60.28, TLOSS 4.821206, VACC 13.33, VLOSS 5.575525

2021-05-06 11:27:47 Saving model 30

2021-05-06 11:27:48 31 Start Iteration
Content loss 1.000000 Identity loss 1.000000
Proc (120/1100): 21.406Hz Ls 4.756 SYT1 8.556% IDT1 65.333% Proc (270/1100): 20.650Hz Ls 4.769 SYT1 8.426% IDT1 63.667% Proc (420/1100): 20.395Hz Ls 4.754 SYT1 8.568% IDT1 62.444% Proc (570/1100): 20.460Hz Ls 4.752 SYT1 8.611% IDT1 63.000% Proc (720/1100): 20.228Hz Ls 4.765 SYT1 8.644% IDT1 63.733% Proc (870/1100): 20.690Hz Ls 4.784 SYT1 8.574% IDT1 63.667% Proc (1020/1100): 26.449Hz Ls 4.800 SYT1 8.619% IDT1 62.762% 
Content loss 1.000000 Identity loss 1.000000

2021-05-06 11:28:59 data/exp04: IT 31, LR 0.000021, TACC 62.31, TLOSS 4.807154, VACC 10.00, VLOSS 5.572208

2021-05-06 11:28:59 Saving model 31

2021-05-06 11:28:59 32 Start Iteration
Content loss 1.000000 Identity loss 1.000000
Proc (120/1100): 23.405Hz Ls 4.781 SYT1 8.333% IDT1 57.333% Proc (270/1100): 21.299Hz Ls 4.805 SYT1 8.444% IDT1 59.000% Proc (420/1100): 21.286Hz Ls 4.789 SYT1 8.432% IDT1 61.556% Proc (570/1100): 24.062Hz Ls 4.790 SYT1 8.481% IDT1 62.000% Proc (720/1100): 20.912Hz Ls 4.798 SYT1 8.637% IDT1 62.000% Proc (870/1100): 21.244Hz Ls 4.803 SYT1 8.593% IDT1 61.889% Proc (1020/1100): 21.607Hz Ls 4.797 SYT1 8.614% IDT1 62.571% 
Content loss 1.000000 Identity loss 1.000000

2021-05-06 11:30:08 data/exp04: IT 32, LR 0.000020, TACC 62.41, TLOSS 4.795788, VACC 10.00, VLOSS 5.604507

2021-05-06 11:30:08 Saving model 32

2021-05-06 11:30:08 33 Start Iteration
Content loss 1.000000 Identity loss 1.000000
Proc (120/1100): 20.939Hz Ls 4.802 SYT1 8.481% IDT1 62.000% Proc (270/1100): 23.231Hz Ls 4.784 SYT1 8.870% IDT1 65.333% Proc (420/1100): 20.196Hz Ls 4.775 SYT1 8.852% IDT1 65.556% Proc (570/1100): 21.922Hz Ls 4.761 SYT1 9.120% IDT1 64.833% Proc (720/1100): 20.959Hz Ls 4.772 SYT1 8.904% IDT1 63.200% Proc (870/1100): 20.267Hz Ls 4.769 SYT1 8.833% IDT1 63.333% Proc (1020/1100): 22.319Hz Ls 4.772 SYT1 8.820% IDT1 63.429% 
Content loss 1.000000 Identity loss 1.000000

2021-05-06 11:31:20 data/exp04: IT 33, LR 0.000019, TACC 63.52, TLOSS 4.772914, VACC 6.67, VLOSS 5.602757

2021-05-06 11:31:20 Saving model 33

2021-05-06 11:31:20 34 Start Iteration
Content loss 1.000000 Identity loss 1.000000
Proc (120/1100): 21.435Hz Ls 4.768 SYT1 9.370% IDT1 68.000% Proc (270/1100): 20.651Hz Ls 4.781 SYT1 9.056% IDT1 65.667% Proc (420/1100): 21.280Hz Ls 4.752 SYT1 9.272% IDT1 67.333% Proc (570/1100): 21.388Hz Ls 4.756 SYT1 9.083% IDT1 65.500% Proc (720/1100): 20.507Hz Ls 4.764 SYT1 9.015% IDT1 65.200% Proc (870/1100): 23.012Hz Ls 4.765 SYT1 9.006% IDT1 64.444% Proc (1020/1100): 20.888Hz Ls 4.764 SYT1 9.011% IDT1 64.000% 
Content loss 1.000000 Identity loss 1.000000

2021-05-06 11:32:32 data/exp04: IT 34, LR 0.000018, TACC 63.98, TLOSS 4.763192, VACC 10.00, VLOSS 5.580582

2021-05-06 11:32:32 Saving model 34

2021-05-06 11:32:32 35 Start Iteration
Content loss 1.000000 Identity loss 1.000000
Proc (120/1100): 20.259Hz Ls 4.799 SYT1 8.333% IDT1 60.000% Proc (270/1100): 21.833Hz Ls 4.768 SYT1 8.611% IDT1 64.667% Proc (420/1100): 21.352Hz Ls 4.757 SYT1 8.617% IDT1 65.333% Proc (570/1100): 20.878Hz Ls 4.751 SYT1 8.583% IDT1 65.333% Proc (720/1100): 20.986Hz Ls 4.747 SYT1 8.607% IDT1 65.733% Proc (870/1100): 21.280Hz Ls 4.738 SYT1 8.574% IDT1 66.333% Proc (1020/1100): 21.287Hz Ls 4.745 SYT1 8.630% IDT1 65.905% 
Content loss 1.000000 Identity loss 1.000000

2021-05-06 11:33:44 data/exp04: IT 35, LR 0.000017, TACC 65.83, TLOSS 4.746020, VACC 10.00, VLOSS 5.638952

2021-05-06 11:33:44 Saving model 35

2021-05-06 11:33:44 36 Start Iteration
Content loss 1.000000 Identity loss 1.000000
Proc (120/1100): 20.605Hz Ls 4.733 SYT1 8.667% IDT1 64.667% Proc (270/1100): 24.625Hz Ls 4.725 SYT1 8.648% IDT1 65.000% Proc (420/1100): 23.184Hz Ls 4.718 SYT1 8.556% IDT1 65.111% Proc (570/1100): 21.387Hz Ls 4.720 SYT1 8.444% IDT1 64.500% Proc (720/1100): 20.760Hz Ls 4.737 SYT1 8.385% IDT1 62.800% Proc (870/1100): 21.340Hz Ls 4.732 SYT1 8.593% IDT1 63.778% Proc (1020/1100): 21.491Hz Ls 4.728 SYT1 8.667% IDT1 64.571% 
Content loss 1.000000 Identity loss 1.000000

2021-05-06 11:34:57 data/exp04: IT 36, LR 0.000017, TACC 64.81, TLOSS 4.727762, VACC 6.67, VLOSS 5.588116

2021-05-06 11:34:57 Saving model 36

2021-05-06 11:34:57 37 Start Iteration
Content loss 1.000000 Identity loss 1.000000
Proc (120/1100): 24.202Hz Ls 4.657 SYT1 8.407% IDT1 68.000% Proc (270/1100): 24.226Hz Ls 4.707 SYT1 8.444% IDT1 68.333% Proc (420/1100): 21.884Hz Ls 4.710 SYT1 8.556% IDT1 67.778% Proc (570/1100): 22.552Hz Ls 4.721 SYT1 8.694% IDT1 66.333% Proc (720/1100): 23.178Hz Ls 4.720 SYT1 8.800% IDT1 65.333% Proc (870/1100): 23.445Hz Ls 4.721 SYT1 8.747% IDT1 64.667% Proc (1020/1100): 18.889Hz Ls 4.720 SYT1 8.661% IDT1 64.286% 
Content loss 1.000000 Identity loss 1.000000

2021-05-06 11:36:07 data/exp04: IT 37, LR 0.000016, TACC 64.72, TLOSS 4.716169, VACC 13.33, VLOSS 5.632247

2021-05-06 11:36:07 Saving model 37

2021-05-06 11:36:07 38 Start Iteration
Content loss 1.000000 Identity loss 1.000000
Proc (120/1100): 23.454Hz Ls 4.691 SYT1 8.481% IDT1 62.667% Proc (270/1100): 21.549Hz Ls 4.681 SYT1 8.444% IDT1 65.667% Proc (420/1100): 24.978Hz Ls 4.693 SYT1 8.667% IDT1 66.222% Proc (570/1100): 21.620Hz Ls 4.703 SYT1 8.731% IDT1 64.667% Proc (720/1100): 20.655Hz Ls 4.708 SYT1 8.733% IDT1 64.533% Proc (870/1100): 16.586Hz Ls 4.701 SYT1 8.735% IDT1 65.000% Proc (1020/1100): 20.579Hz Ls 4.704 SYT1 8.741% IDT1 64.190% 
Content loss 1.000000 Identity loss 1.000000

2021-05-06 11:37:20 data/exp04: IT 38, LR 0.000015, TACC 64.26, TLOSS 4.703929, VACC 13.33, VLOSS 5.574893

2021-05-06 11:37:20 Saving model 38

2021-05-06 11:37:20 39 Start Iteration
Content loss 1.000000 Identity loss 1.000000
Proc (120/1100): 22.516Hz Ls 4.662 SYT1 9.111% IDT1 68.667% Proc (270/1100): 22.413Hz Ls 4.658 SYT1 8.926% IDT1 69.667% Proc (420/1100): 21.247Hz Ls 4.677 SYT1 8.951% IDT1 66.889% Proc (570/1100): 22.722Hz Ls 4.690 SYT1 8.833% IDT1 66.833% Proc (720/1100): 22.029Hz Ls 4.689 SYT1 8.867% IDT1 66.267% Proc (870/1100): 22.987Hz Ls 4.692 SYT1 8.858% IDT1 65.444% Proc (1020/1100): 23.502Hz Ls 4.692 SYT1 8.921% IDT1 65.524% 
Content loss 1.000000 Identity loss 1.000000

2021-05-06 11:38:31 data/exp04: IT 39, LR 0.000014, TACC 65.28, TLOSS 4.691462, VACC 13.33, VLOSS 5.639802

2021-05-06 11:38:31 Saving model 39

2021-05-06 11:38:32 40 Start Iteration
Content loss 1.000000 Identity loss 1.000000
Proc (120/1100): 22.084Hz Ls 4.707 SYT1 9.111% IDT1 64.000% Proc (270/1100): 21.310Hz Ls 4.700 SYT1 9.167% IDT1 67.000% Proc (420/1100): 20.254Hz Ls 4.692 SYT1 9.309% IDT1 68.000% Proc (570/1100): 22.920Hz Ls 4.699 SYT1 9.139% IDT1 67.500% Proc (720/1100): 23.382Hz Ls 4.681 SYT1 9.237% IDT1 68.133% Proc (870/1100): 20.160Hz Ls 4.688 SYT1 9.000% IDT1 67.111% Proc (1020/1100): 22.858Hz Ls 4.686 SYT1 8.968% IDT1 66.667% 
Content loss 1.000000 Identity loss 1.000000

2021-05-06 11:39:44 data/exp04: IT 40, LR 0.000014, TACC 66.67, TLOSS 4.682334, VACC 6.67, VLOSS 5.618604

2021-05-06 11:39:44 Saving model 40

2021-05-06 11:39:44 41 Start Iteration
Content loss 1.000000 Identity loss 1.000000
Proc (120/1100): 23.344Hz Ls 4.651 SYT1 8.667% IDT1 72.000% Proc (270/1100): 23.811Hz Ls 4.688 SYT1 8.741% IDT1 67.333% Proc (420/1100): 21.956Hz Ls 4.677 SYT1 8.605% IDT1 66.889% Proc (570/1100): 22.010Hz Ls 4.679 SYT1 8.565% IDT1 67.167% Proc (720/1100): 23.172Hz Ls 4.683 SYT1 8.689% IDT1 65.867% Proc (870/1100): 20.426Hz Ls 4.678 SYT1 8.716% IDT1 67.000% Proc (1020/1100): 23.200Hz Ls 4.680 SYT1 8.868% IDT1 67.048% 
Content loss 1.000000 Identity loss 1.000000

2021-05-06 11:40:56 data/exp04: IT 41, LR 0.000013, TACC 67.04, TLOSS 4.678257, VACC 6.67, VLOSS 5.653928

2021-05-06 11:40:56 Saving model 41

2021-05-06 11:40:56 42 Start Iteration
Content loss 1.000000 Identity loss 1.000000
Proc (120/1100): 22.064Hz Ls 4.743 SYT1 9.185% IDT1 62.667% Proc (270/1100): 23.139Hz Ls 4.705 SYT1 9.185% IDT1 67.000% Proc (420/1100): 20.732Hz Ls 4.712 SYT1 9.062% IDT1 67.556% Proc (570/1100): 23.412Hz Ls 4.710 SYT1 9.120% IDT1 67.333% Proc (720/1100): 21.223Hz Ls 4.704 SYT1 9.037% IDT1 66.267% Proc (870/1100): 21.933Hz Ls 4.692 SYT1 8.981% IDT1 67.444% Proc (1020/1100): 24.321Hz Ls 4.692 SYT1 8.979% IDT1 67.143% 
Content loss 1.000000 Identity loss 1.000000

2021-05-06 11:42:07 data/exp04: IT 42, LR 0.000012, TACC 67.22, TLOSS 4.690073, VACC 13.33, VLOSS 5.669473

2021-05-06 11:42:07 Saving model 42

2021-05-06 11:42:08 43 Start Iteration
Content loss 1.000000 Identity loss 1.000000
Proc (120/1100): 21.417Hz Ls 4.614 SYT1 8.704% IDT1 76.667% Proc (270/1100): 20.338Hz Ls 4.610 SYT1 9.037% IDT1 76.333% Proc (420/1100): 21.507Hz Ls 4.642 SYT1 9.123% IDT1 72.000% Proc (570/1100): 22.124Hz Ls 4.635 SYT1 9.241% IDT1 70.833% Proc (720/1100): 20.410Hz Ls 4.649 SYT1 9.148% IDT1 69.867% Proc (870/1100): 22.873Hz Ls 4.656 SYT1 9.099% IDT1 69.333% Proc (1020/1100): 21.819Hz Ls 4.654 SYT1 9.032% IDT1 68.286% 
Content loss 1.000000 Identity loss 1.000000

2021-05-06 11:43:21 data/exp04: IT 43, LR 0.000012, TACC 68.61, TLOSS 4.654840, VACC 13.33, VLOSS 5.660367

2021-05-06 11:43:21 Saving model 43

2021-05-06 11:43:22 44 Start Iteration
Content loss 1.000000 Identity loss 1.000000
Proc (120/1100): 23.136Hz Ls 4.678 SYT1 9.074% IDT1 70.000% Proc (270/1100): 23.207Hz Ls 4.675 SYT1 8.981% IDT1 70.000% Proc (420/1100): 24.434Hz Ls 4.665 SYT1 9.037% IDT1 69.556% Proc (570/1100): 21.902Hz Ls 4.673 SYT1 9.204% IDT1 67.833% Proc (720/1100): 24.695Hz Ls 4.674 SYT1 9.207% IDT1 67.867% Proc (870/1100): 21.281Hz Ls 4.672 SYT1 9.117% IDT1 67.222% Proc (1020/1100): 21.207Hz Ls 4.674 SYT1 9.053% IDT1 67.143% 
Content loss 1.000000 Identity loss 1.000000

2021-05-06 11:44:33 data/exp04: IT 44, LR 0.000011, TACC 66.94, TLOSS 4.673541, VACC 13.33, VLOSS 5.623539

2021-05-06 11:44:33 Saving model 44

2021-05-06 11:44:33 45 Start Iteration
Content loss 1.000000 Identity loss 1.000000
Proc (120/1100): 21.427Hz Ls 4.642 SYT1 9.481% IDT1 68.667% Proc (270/1100): 21.240Hz Ls 4.637 SYT1 9.463% IDT1 67.333% Proc (420/1100): 20.708Hz Ls 4.651 SYT1 9.284% IDT1 68.000% Proc (570/1100): 21.713Hz Ls 4.657 SYT1 9.269% IDT1 68.833% Proc (720/1100): 21.323Hz Ls 4.646 SYT1 9.274% IDT1 69.867% Proc (870/1100): 21.596Hz Ls 4.638 SYT1 9.179% IDT1 70.667% Proc (1020/1100): 20.045Hz Ls 4.640 SYT1 9.222% IDT1 70.667% 
Content loss 1.000000 Identity loss 1.000000

2021-05-06 11:45:45 data/exp04: IT 45, LR 0.000010, TACC 70.65, TLOSS 4.639417, VACC 13.33, VLOSS 5.652690

2021-05-06 11:45:45 Saving model 45

2021-05-06 11:45:46 46 Start Iteration
Content loss 1.000000 Identity loss 1.000000
Proc (120/1100): 21.172Hz Ls 4.656 SYT1 9.074% IDT1 69.333% Proc (270/1100): 20.026Hz Ls 4.634 SYT1 9.389% IDT1 69.667% Proc (420/1100): 20.299Hz Ls 4.640 SYT1 9.074% IDT1 70.889% Proc (570/1100): 21.239Hz Ls 4.648 SYT1 9.139% IDT1 70.333% Proc (720/1100): 21.660Hz Ls 4.645 SYT1 9.200% IDT1 70.267% Proc (870/1100): 22.852Hz Ls 4.640 SYT1 9.160% IDT1 71.222% Proc (1020/1100): 21.283Hz Ls 4.643 SYT1 9.153% IDT1 70.667% 
Content loss 1.000000 Identity loss 1.000000

2021-05-06 11:46:57 data/exp04: IT 46, LR 0.000010, TACC 70.83, TLOSS 4.638711, VACC 13.33, VLOSS 5.613265

2021-05-06 11:46:57 Saving model 46

2021-05-06 11:46:57 47 Start Iteration
Content loss 1.000000 Identity loss 1.000000
Proc (120/1100): 21.588Hz Ls 4.690 SYT1 9.704% IDT1 62.667% Proc (270/1100): 20.024Hz Ls 4.696 SYT1 9.667% IDT1 64.333% Proc (420/1100): 20.461Hz Ls 4.648 SYT1 9.210% IDT1 66.222% Proc (570/1100): 20.148Hz Ls 4.651 SYT1 9.019% IDT1 67.333% Proc (720/1100): 21.329Hz Ls 4.641 SYT1 9.089% IDT1 69.200% Proc (870/1100): 21.519Hz Ls 4.644 SYT1 9.123% IDT1 69.333% Proc (1020/1100): 25.419Hz Ls 4.641 SYT1 9.122% IDT1 68.857% 
Content loss 1.000000 Identity loss 1.000000

2021-05-06 11:48:10 data/exp04: IT 47, LR 0.000009, TACC 68.33, TLOSS 4.644529, VACC 13.33, VLOSS 5.610442

2021-05-06 11:48:10 Saving model 47

2021-05-06 11:48:11 48 Start Iteration
Content loss 1.000000 Identity loss 1.000000
Proc (120/1100): 25.295Hz Ls 4.608 SYT1 9.259% IDT1 70.667% Proc (270/1100): 24.019Hz Ls 4.622 SYT1 9.574% IDT1 72.333% Proc (420/1100): 20.693Hz Ls 4.619 SYT1 9.494% IDT1 73.333% Proc (570/1100): 20.835Hz Ls 4.614 SYT1 9.528% IDT1 73.333% Proc (720/1100): 22.690Hz Ls 4.620 SYT1 9.430% IDT1 72.533% Proc (870/1100): 24.816Hz Ls 4.615 SYT1 9.352% IDT1 72.000% Proc (1020/1100): 20.213Hz Ls 4.625 SYT1 9.222% IDT1 71.048% 
Content loss 1.000000 Identity loss 1.000000

2021-05-06 11:49:21 data/exp04: IT 48, LR 0.000009, TACC 70.93, TLOSS 4.623621, VACC 10.00, VLOSS 5.645310

2021-05-06 11:49:21 Saving model 48

2021-05-06 11:49:21 49 Start Iteration
Content loss 1.000000 Identity loss 1.000000
Proc (120/1100): 23.980Hz Ls 4.571 SYT1 8.852% IDT1 76.667% Proc (270/1100): 20.324Hz Ls 4.595 SYT1 9.019% IDT1 74.000% Proc (420/1100): 21.540Hz Ls 4.597 SYT1 9.370% IDT1 71.778% Proc (570/1100): 25.539Hz Ls 4.606 SYT1 9.259% IDT1 70.500% Proc (720/1100): 25.722Hz Ls 4.633 SYT1 9.400% IDT1 68.267% Proc (870/1100): 22.402Hz Ls 4.639 SYT1 9.315% IDT1 68.444% Proc (1020/1100): 22.014Hz Ls 4.633 SYT1 9.259% IDT1 68.381% 
Content loss 1.000000 Identity loss 1.000000

2021-05-06 11:50:32 data/exp04: IT 49, LR 0.000009, TACC 68.43, TLOSS 4.631578, VACC 13.33, VLOSS 5.619261

2021-05-06 11:50:32 Saving model 49

2021-05-06 11:50:33 50 Start Iteration
Content loss 1.000000 Identity loss 1.000000
Proc (120/1100): 20.893Hz Ls 4.660 SYT1 9.370% IDT1 66.667% Proc (270/1100): 20.360Hz Ls 4.645 SYT1 9.407% IDT1 70.333% Proc (420/1100): 21.329Hz Ls 4.628 SYT1 9.704% IDT1 70.444% Proc (570/1100): 21.824Hz Ls 4.620 SYT1 9.602% IDT1 70.500% Proc (720/1100): 20.971Hz Ls 4.619 SYT1 9.630% IDT1 70.133% Proc (870/1100): 25.367Hz Ls 4.615 SYT1 9.586% IDT1 69.667% Proc (1020/1100): 21.007Hz Ls 4.617 SYT1 9.598% IDT1 69.714% 
Content loss 1.000000 Identity loss 1.000000

2021-05-06 11:51:44 data/exp04: IT 50, LR 0.000008, TACC 69.63, TLOSS 4.617650, VACC 13.33, VLOSS 5.563194

2021-05-06 11:51:44 Saving model 50

2021-05-06 11:51:45 51 Start Iteration
Content loss 1.000000 Identity loss 1.000000
Proc (120/1100): 20.145Hz Ls 4.623 SYT1 9.259% IDT1 72.667% Proc (270/1100): 21.690Hz Ls 4.634 SYT1 9.556% IDT1 70.000% Proc (420/1100): 21.433Hz Ls 4.625 SYT1 9.457% IDT1 68.889% Proc (570/1100): 23.436Hz Ls 4.615 SYT1 9.435% IDT1 69.667% Proc (720/1100): 23.000Hz Ls 4.608 SYT1 9.496% IDT1 70.800% Proc (870/1100): 21.355Hz Ls 4.608 SYT1 9.463% IDT1 70.556% Proc (1020/1100): 20.089Hz Ls 4.607 SYT1 9.392% IDT1 70.571% 
Content loss 1.000000 Identity loss 1.000000

2021-05-06 11:52:56 data/exp04: IT 51, LR 0.000008, TACC 70.74, TLOSS 4.605265, VACC 10.00, VLOSS 5.572772

2021-05-06 11:52:56 Saving model 51

2021-05-06 11:52:57 52 Start Iteration
Content loss 1.000000 Identity loss 1.000000
Proc (120/1100): 20.667Hz Ls 4.651 SYT1 8.593% IDT1 66.000% Proc (270/1100): 21.323Hz Ls 4.633 SYT1 9.000% IDT1 67.000% Proc (420/1100): 21.216Hz Ls 4.641 SYT1 9.173% IDT1 66.000% Proc (570/1100): 23.068Hz Ls 4.634 SYT1 9.167% IDT1 68.167% Proc (720/1100): 21.533Hz Ls 4.621 SYT1 9.296% IDT1 69.733% Proc (870/1100): 20.504Hz Ls 4.611 SYT1 9.395% IDT1 69.778% Proc (1020/1100): 20.673Hz Ls 4.622 SYT1 9.354% IDT1 69.429% 
Content loss 1.000000 Identity loss 1.000000

2021-05-06 11:54:11 data/exp04: IT 52, LR 0.000007, TACC 69.63, TLOSS 4.620367, VACC 6.67, VLOSS 5.672372

2021-05-06 11:54:11 Saving model 52

2021-05-06 11:54:11 53 Start Iteration
Content loss 1.000000 Identity loss 1.000000
Proc (120/1100): 20.712Hz Ls 4.568 SYT1 8.667% IDT1 74.667% Proc (270/1100): 20.123Hz Ls 4.579 SYT1 9.315% IDT1 72.333% Proc (420/1100): 20.574Hz Ls 4.583 SYT1 9.247% IDT1 72.222% Proc (570/1100): 23.564Hz Ls 4.601 SYT1 9.222% IDT1 70.833% Proc (720/1100): 20.516Hz Ls 4.595 SYT1 9.037% IDT1 70.933% Proc (870/1100): 26.326Hz Ls 4.606 SYT1 8.963% IDT1 70.889% Proc (1020/1100): 20.490Hz Ls 4.612 SYT1 9.000% IDT1 69.810% 
Content loss 1.000000 Identity loss 1.000000

2021-05-06 11:55:25 data/exp04: IT 53, LR 0.000007, TACC 69.81, TLOSS 4.612837, VACC 10.00, VLOSS 5.641286

2021-05-06 11:55:25 Saving model 53

2021-05-06 11:55:25 54 Start Iteration
Content loss 1.000000 Identity loss 1.000000
Proc (120/1100): 21.332Hz Ls 4.525 SYT1 9.444% IDT1 77.333% Proc (270/1100): 20.364Hz Ls 4.580 SYT1 9.296% IDT1 72.333% Proc (420/1100): 21.579Hz Ls 4.579 SYT1 9.568% IDT1 73.333% Proc (570/1100): 21.088Hz Ls 4.577 SYT1 9.713% IDT1 73.833% Proc (720/1100): 20.718Hz Ls 4.584 SYT1 9.659% IDT1 73.867% Proc (870/1100): 22.165Hz Ls 4.586 SYT1 9.580% IDT1 74.556% Proc (1020/1100): 20.287Hz Ls 4.583 SYT1 9.508% IDT1 74.190% 
Content loss 1.000000 Identity loss 1.000000

2021-05-06 11:56:40 data/exp04: IT 54, LR 0.000007, TACC 73.98, TLOSS 4.582495, VACC 13.33, VLOSS 5.566381

2021-05-06 11:56:40 Saving model 54

2021-05-06 11:56:40 55 Start Iteration
Content loss 1.000000 Identity loss 1.000000
Proc (120/1100): 20.407Hz Ls 4.589 SYT1 9.815% IDT1 78.667% Proc (270/1100): 20.772Hz Ls 4.596 SYT1 9.741% IDT1 73.000% Proc (420/1100): 22.914Hz Ls 4.584 SYT1 9.642% IDT1 74.000% Proc (570/1100): 21.472Hz Ls 4.584 SYT1 9.537% IDT1 73.833% Proc (720/1100): 24.928Hz Ls 4.575 SYT1 9.541% IDT1 75.333% Proc (870/1100): 21.098Hz Ls 4.576 SYT1 9.488% IDT1 74.333% Proc (1020/1100): 20.438Hz Ls 4.575 SYT1 9.370% IDT1 74.571% 
Content loss 1.000000 Identity loss 1.000000

2021-05-06 11:57:54 data/exp04: IT 55, LR 0.000006, TACC 74.54, TLOSS 4.573518, VACC 13.33, VLOSS 5.539105

2021-05-06 11:57:54 Saving model 55

2021-05-06 11:57:54 56 Start Iteration
Content loss 1.000000 Identity loss 1.000000
Proc (120/1100): 21.415Hz Ls 4.583 SYT1 9.148% IDT1 69.333% Proc (270/1100): 20.419Hz Ls 4.559 SYT1 9.074% IDT1 70.667% Proc (420/1100): 21.632Hz Ls 4.567 SYT1 9.025% IDT1 71.333% Proc (570/1100): 20.274Hz Ls 4.577 SYT1 9.111% IDT1 73.167% Proc (720/1100): 20.300Hz Ls 4.576 SYT1 9.104% IDT1 72.533% Proc (870/1100): 21.743Hz Ls 4.577 SYT1 9.228% IDT1 72.222% Proc (1020/1100): 20.724Hz Ls 4.590 SYT1 9.238% IDT1 71.619% 
Content loss 1.000000 Identity loss 1.000000

2021-05-06 11:59:08 data/exp04: IT 56, LR 0.000006, TACC 71.67, TLOSS 4.590708, VACC 10.00, VLOSS 5.670358

2021-05-06 11:59:08 Saving model 56

2021-05-06 11:59:09 57 Start Iteration
Content loss 1.000000 Identity loss 1.000000
Proc (120/1100): 21.070Hz Ls 4.600 SYT1 9.667% IDT1 77.333% Proc (270/1100): 20.316Hz Ls 4.597 SYT1 9.278% IDT1 76.000% Proc (420/1100): 20.094Hz Ls 4.592 SYT1 9.420% IDT1 74.889% Proc (570/1100): 20.631Hz Ls 4.593 SYT1 9.287% IDT1 74.167% Proc (720/1100): 20.281Hz Ls 4.588 SYT1 9.341% IDT1 72.800% Proc (870/1100): 22.296Hz Ls 4.588 SYT1 9.259% IDT1 73.000% Proc (1020/1100): 20.069Hz Ls 4.586 SYT1 9.190% IDT1 73.619% 
Content loss 1.000000 Identity loss 1.000000

2021-05-06 12:00:21 data/exp04: IT 57, LR 0.000006, TACC 73.98, TLOSS 4.582515, VACC 13.33, VLOSS 5.640364

2021-05-06 12:00:21 Saving model 57

2021-05-06 12:00:21 58 Start Iteration
Content loss 1.000000 Identity loss 1.000000
Proc (120/1100): 21.729Hz Ls 4.550 SYT1 10.370% IDT1 74.667% Proc (270/1100): 22.921Hz Ls 4.581 SYT1 10.074% IDT1 70.333% Proc (420/1100): 21.236Hz Ls 4.576 SYT1 9.840% IDT1 72.889% Proc (570/1100): 20.707Hz Ls 4.564 SYT1 9.667% IDT1 73.500% Proc (720/1100): 21.414Hz Ls 4.571 SYT1 9.659% IDT1 72.933% Proc (870/1100): 20.908Hz Ls 4.563 SYT1 9.630% IDT1 74.000% Proc (1020/1100): 20.866Hz Ls 4.571 SYT1 9.577% IDT1 72.476% 
Content loss 1.000000 Identity loss 1.000000

2021-05-06 12:01:35 data/exp04: IT 58, LR 0.000005, TACC 72.59, TLOSS 4.572072, VACC 10.00, VLOSS 5.598709

2021-05-06 12:01:35 Saving model 58

2021-05-06 12:01:35 59 Start Iteration
Content loss 1.000000 Identity loss 1.000000
Proc (120/1100): 22.568Hz Ls 4.611 SYT1 9.667% IDT1 72.667% Proc (270/1100): 20.249Hz Ls 4.599 SYT1 9.204% IDT1 72.000% Proc (420/1100): 21.080Hz Ls 4.588 SYT1 9.247% IDT1 73.111% Proc (570/1100): 20.528Hz Ls 4.571 SYT1 9.250% IDT1 74.833% Proc (720/1100): 21.869Hz Ls 4.583 SYT1 9.393% IDT1 74.533% Proc (870/1100): 20.544Hz Ls 4.581 SYT1 9.426% IDT1 74.778% Proc (1020/1100): 21.372Hz Ls 4.578 SYT1 9.307% IDT1 74.190% 
Content loss 1.000000 Identity loss 1.000000

2021-05-06 12:02:48 data/exp04: IT 59, LR 0.000005, TACC 74.26, TLOSS 4.576674, VACC 13.33, VLOSS 5.507567

2021-05-06 12:02:48 Saving model 59

2021-05-06 12:02:48 60 Start Iteration
Content loss 1.000000 Identity loss 1.000000
Proc (120/1100): 20.046Hz Ls 4.631 SYT1 9.407% IDT1 64.667% Proc (270/1100): 21.674Hz Ls 4.607 SYT1 9.352% IDT1 70.000% Proc (420/1100): 21.309Hz Ls 4.584 SYT1 9.593% IDT1 72.222% Proc (570/1100): 21.063Hz Ls 4.578 SYT1 9.500% IDT1 73.000% Proc (720/1100): 25.044Hz Ls 4.577 SYT1 9.430% IDT1 73.200% Proc (870/1100): 24.649Hz Ls 4.578 SYT1 9.562% IDT1 72.333% Proc (1020/1100): 24.995Hz Ls 4.577 SYT1 9.603% IDT1 72.095% 
Content loss 1.000000 Identity loss 1.000000

2021-05-06 12:03:59 data/exp04: IT 60, LR 0.000005, TACC 72.22, TLOSS 4.575656, VACC 10.00, VLOSS 5.656306

2021-05-06 12:03:59 Saving model 60

2021-05-06 12:03:59 61 Start Iteration
Content loss 1.000000 Identity loss 1.000000
Proc (120/1100): 20.337Hz Ls 4.533 SYT1 9.185% IDT1 78.667% Proc (270/1100): 21.592Hz Ls 4.545 SYT1 9.259% IDT1 76.333% Proc (420/1100): 20.277Hz Ls 4.551 SYT1 9.296% IDT1 73.556% Proc (570/1100): 20.539Hz Ls 4.559 SYT1 9.287% IDT1 73.500% Proc (720/1100): 20.597Hz Ls 4.565 SYT1 9.444% IDT1 74.000% Proc (870/1100): 24.108Hz Ls 4.561 SYT1 9.302% IDT1 73.333% Proc (1020/1100): 21.897Hz Ls 4.566 SYT1 9.360% IDT1 72.667% 
Content loss 1.000000 Identity loss 1.000000

2021-05-06 12:05:12 data/exp04: IT 61, LR 0.000005, TACC 73.15, TLOSS 4.563639, VACC 10.00, VLOSS 5.574578

2021-05-06 12:05:12 Saving model 61

2021-05-06 12:05:12 62 Start Iteration
Content loss 1.000000 Identity loss 1.000000
Proc (120/1100): 20.683Hz Ls 4.582 SYT1 9.444% IDT1 66.667% Proc (270/1100): 21.104Hz Ls 4.574 SYT1 9.667% IDT1 67.333% Proc (420/1100): 22.017Hz Ls 4.562 SYT1 9.556% IDT1 70.889% Proc (570/1100): 21.706Hz Ls 4.562 SYT1 9.546% IDT1 72.000% Proc (720/1100): 20.848Hz Ls 4.554 SYT1 9.467% IDT1 73.867% Proc (870/1100): 20.728Hz Ls 4.566 SYT1 9.358% IDT1 73.222% Proc (1020/1100): 20.115Hz Ls 4.573 SYT1 9.439% IDT1 72.095% 
Content loss 1.000000 Identity loss 1.000000

2021-05-06 12:06:25 data/exp04: IT 62, LR 0.000004, TACC 72.31, TLOSS 4.570753, VACC 13.33, VLOSS 5.670054

2021-05-06 12:06:25 Saving model 62

2021-05-06 12:06:25 63 Start Iteration
Content loss 1.000000 Identity loss 1.000000
Proc (120/1100): 21.588Hz Ls 4.560 SYT1 9.111% IDT1 77.333% Proc (270/1100): 20.014Hz Ls 4.527 SYT1 9.444% IDT1 77.667% Proc (420/1100): 20.349Hz Ls 4.539 SYT1 9.444% IDT1 75.556% Proc (570/1100): 20.642Hz Ls 4.558 SYT1 9.398% IDT1 75.167% Proc (720/1100): 20.578Hz Ls 4.558 SYT1 9.356% IDT1 75.067% Proc (870/1100): 20.309Hz Ls 4.555 SYT1 9.296% IDT1 73.333% Proc (1020/1100): 20.116Hz Ls 4.558 SYT1 9.307% IDT1 72.381% 
Content loss 1.000000 Identity loss 1.000000

2021-05-06 12:07:41 data/exp04: IT 63, LR 0.000004, TACC 71.67, TLOSS 4.567470, VACC 10.00, VLOSS 5.688145

2021-05-06 12:07:41 Saving model 63

2021-05-06 12:07:41 64 Start Iteration
Content loss 1.000000 Identity loss 1.000000
Proc (120/1100): 21.936Hz Ls 4.484 SYT1 9.407% IDT1 80.000% Proc (270/1100): 20.899Hz Ls 4.556 SYT1 9.333% IDT1 77.000% Proc (420/1100): 20.101Hz Ls 4.555 SYT1 9.247% IDT1 76.889% Proc (570/1100): 20.065Hz Ls 4.557 SYT1 9.370% IDT1 75.667% Proc (720/1100): 20.271Hz Ls 4.549 SYT1 9.326% IDT1 75.467% Proc (870/1100): 21.334Hz Ls 4.539 SYT1 9.309% IDT1 75.444% Proc (1020/1100): 20.288Hz Ls 4.545 SYT1 9.455% IDT1 74.571% 
Content loss 1.000000 Identity loss 1.000000

2021-05-06 12:08:55 data/exp04: IT 64, LR 0.000004, TACC 74.35, TLOSS 4.547724, VACC 13.33, VLOSS 5.640317

2021-05-06 12:08:55 Saving model 64

2021-05-06 12:08:55 65 Start Iteration
Content loss 1.000000 Identity loss 1.000000
Proc (120/1100): 21.202Hz Ls 4.525 SYT1 9.370% IDT1 71.333% Proc (270/1100): 20.231Hz Ls 4.522 SYT1 9.148% IDT1 72.000% Proc (420/1100): 21.172Hz Ls 4.536 SYT1 9.358% IDT1 72.222% Proc (570/1100): 21.451Hz Ls 4.540 SYT1 9.491% IDT1 73.000% Proc (720/1100): 22.183Hz Ls 4.551 SYT1 9.400% IDT1 72.133% Proc (870/1100): 21.560Hz Ls 4.541 SYT1 9.457% IDT1 72.889% Proc (1020/1100): 23.467Hz Ls 4.540 SYT1 9.370% IDT1 73.143% 
Content loss 1.000000 Identity loss 1.000000

2021-05-06 12:10:04 data/exp04: IT 65, LR 0.000004, TACC 73.15, TLOSS 4.542799, VACC 13.33, VLOSS 5.538247

2021-05-06 12:10:04 Saving model 65

2021-05-06 12:10:05 66 Start Iteration
Content loss 1.000000 Identity loss 1.000000
Proc (120/1100): 21.938Hz Ls 4.532 SYT1 9.815% IDT1 77.333% Proc (270/1100): 20.419Hz Ls 4.512 SYT1 9.389% IDT1 78.667% Proc (420/1100): 21.280Hz Ls 4.519 SYT1 9.519% IDT1 77.556% Proc (570/1100): 22.234Hz Ls 4.523 SYT1 9.444% IDT1 76.833% Proc (720/1100): 20.803Hz Ls 4.529 SYT1 9.474% IDT1 75.200% Proc (870/1100): 21.562Hz Ls 4.528 SYT1 9.488% IDT1 76.111% Proc (1020/1100): 21.599Hz Ls 4.531 SYT1 9.466% IDT1 75.238% 
Content loss 1.000000 Identity loss 1.000000

2021-05-06 12:11:13 data/exp04: IT 66, LR 0.000004, TACC 75.83, TLOSS 4.527629, VACC 13.33, VLOSS 5.603274

2021-05-06 12:11:13 Saving model 66

2021-05-06 12:11:14 67 Start Iteration
Content loss 1.000000 Identity loss 1.000000
Proc (120/1100): 27.177Hz Ls 4.577 SYT1 9.815% IDT1 70.667% Proc (270/1100): 20.254Hz Ls 4.585 SYT1 9.833% IDT1 70.333% Proc (420/1100): 20.859Hz Ls 4.576 SYT1 9.840% IDT1 72.889% Proc (570/1100): 27.082Hz Ls 4.578 SYT1 9.667% IDT1 72.667% Proc (720/1100): 21.114Hz Ls 4.555 SYT1 9.533% IDT1 73.867% Proc (870/1100): 20.806Hz Ls 4.556 SYT1 9.599% IDT1 73.667% Proc (1020/1100): 20.169Hz Ls 4.551 SYT1 9.656% IDT1 73.429% 
Content loss 1.000000 Identity loss 1.000000

2021-05-06 12:12:24 data/exp04: IT 67, LR 0.000003, TACC 72.96, TLOSS 4.557183, VACC 10.00, VLOSS 5.669162

2021-05-06 12:12:24 Saving model 67

2021-05-06 12:12:24 68 Start Iteration
Content loss 1.000000 Identity loss 1.000000
Proc (120/1100): 20.813Hz Ls 4.543 SYT1 9.037% IDT1 75.333% Proc (270/1100): 27.597Hz Ls 4.539 SYT1 9.130% IDT1 73.667% Proc (420/1100): 22.571Hz Ls 4.554 SYT1 9.025% IDT1 72.667% Proc (570/1100): 20.265Hz Ls 4.545 SYT1 9.204% IDT1 73.167% Proc (720/1100): 20.710Hz Ls 4.542 SYT1 9.289% IDT1 73.333% Proc (870/1100): 20.673Hz Ls 4.551 SYT1 9.259% IDT1 72.778% Proc (1020/1100): 21.093Hz Ls 4.561 SYT1 9.354% IDT1 72.571% 
Content loss 1.000000 Identity loss 1.000000

2021-05-06 12:13:36 data/exp04: IT 68, LR 0.000003, TACC 72.50, TLOSS 4.557848, VACC 13.33, VLOSS 5.632750

2021-05-06 12:13:36 Saving model 68

2021-05-06 12:13:36 69 Start Iteration
Content loss 1.000000 Identity loss 1.000000
Proc (120/1100): 21.249Hz Ls 4.548 SYT1 9.333% IDT1 76.667% Proc (270/1100): 20.429Hz Ls 4.555 SYT1 9.167% IDT1 75.333% Proc (420/1100): 21.213Hz Ls 4.540 SYT1 9.543% IDT1 75.333% Proc (570/1100): 20.427Hz Ls 4.521 SYT1 9.481% IDT1 77.000% Proc (720/1100): 20.434Hz Ls 4.527 SYT1 9.533% IDT1 77.600% Proc (870/1100): 20.703Hz Ls 4.525 SYT1 9.642% IDT1 78.000% Proc (1020/1100): 22.063Hz Ls 4.531 SYT1 9.608% IDT1 77.333% 
Content loss 1.000000 Identity loss 1.000000

2021-05-06 12:14:48 data/exp04: IT 69, LR 0.000003, TACC 77.59, TLOSS 4.527667, VACC 10.00, VLOSS 5.593226

2021-05-06 12:14:48 Saving model 69

2021-05-06 12:14:49 70 Start Iteration
Content loss 1.000000 Identity loss 1.000000
Proc (120/1100): 21.484Hz Ls 4.503 SYT1 9.815% IDT1 80.667% Proc (270/1100): 23.068Hz Ls 4.500 SYT1 9.407% IDT1 81.000% Proc (420/1100): 19.993Hz Ls 4.531 SYT1 9.556% IDT1 78.667% Proc (570/1100): 20.350Hz Ls 4.521 SYT1 9.694% IDT1 79.500% Proc (720/1100): 20.282Hz Ls 4.518 SYT1 9.637% IDT1 79.067% Proc (870/1100): 21.353Hz Ls 4.527 SYT1 9.605% IDT1 76.667% Proc (1020/1100): 21.368Hz Ls 4.526 SYT1 9.608% IDT1 76.000% 
Content loss 1.000000 Identity loss 1.000000

2021-05-06 12:16:01 data/exp04: IT 70, LR 0.000003, TACC 76.20, TLOSS 4.525597, VACC 13.33, VLOSS 5.598079

2021-05-06 12:16:01 Saving model 70

2021-05-06 12:16:02 71 Start Iteration
Content loss 1.000000 Identity loss 1.000000
Proc (120/1100): 24.586Hz Ls 4.477 SYT1 9.000% IDT1 80.667% Proc (270/1100): 20.486Hz Ls 4.491 SYT1 9.759% IDT1 75.333% Proc (420/1100): 21.016Hz Ls 4.485 SYT1 9.691% IDT1 74.222% Proc (570/1100): 20.168Hz Ls 4.510 SYT1 9.537% IDT1 75.500% Proc (720/1100): 21.300Hz Ls 4.525 SYT1 9.496% IDT1 74.533% Proc (870/1100): 27.754Hz Ls 4.530 SYT1 9.414% IDT1 73.889% Proc (1020/1100): 21.264Hz Ls 4.527 SYT1 9.466% IDT1 74.190% 
Content loss 1.000000 Identity loss 1.000000

2021-05-06 12:17:14 data/exp04: IT 71, LR 0.000003, TACC 74.26, TLOSS 4.524034, VACC 10.00, VLOSS 5.523933

2021-05-06 12:17:14 Saving model 71

2021-05-06 12:17:14 72 Start Iteration
Content loss 1.000000 Identity loss 1.000000
Proc (120/1100): 23.120Hz Ls 4.525 SYT1 9.889% IDT1 78.000% Proc (270/1100): 20.164Hz Ls 4.532 SYT1 9.704% IDT1 76.000% Proc (420/1100): 20.244Hz Ls 4.527 SYT1 9.679% IDT1 75.778% Proc (570/1100): 20.219Hz Ls 4.533 SYT1 9.611% IDT1 76.167% Proc (720/1100): 20.741Hz Ls 4.520 SYT1 9.556% IDT1 77.600% Proc (870/1100): 20.783Hz Ls 4.525 SYT1 9.512% IDT1 77.000% Proc (1020/1100): 20.290Hz Ls 4.520 SYT1 9.571% IDT1 76.952% 
Content loss 1.000000 Identity loss 1.000000

2021-05-06 12:18:30 data/exp04: IT 72, LR 0.000003, TACC 77.04, TLOSS 4.517697, VACC 10.00, VLOSS 5.658965

2021-05-06 12:18:30 Saving model 72

2021-05-06 12:18:30 73 Start Iteration
Content loss 1.000000 Identity loss 1.000000
Proc (120/1100): 20.346Hz Ls 4.524 SYT1 10.148% IDT1 74.667% Proc (270/1100): 21.209Hz Ls 4.520 SYT1 9.426% IDT1 74.667% Proc (420/1100): 21.571Hz Ls 4.525 SYT1 9.469% IDT1 74.444% Proc (570/1100): 20.414Hz Ls 4.526 SYT1 9.500% IDT1 74.667% Proc (720/1100): 20.711Hz Ls 4.524 SYT1 9.585% IDT1 75.067% Proc (870/1100): 20.576Hz Ls 4.514 SYT1 9.549% IDT1 75.667% Proc (1020/1100): 20.338Hz Ls 4.515 SYT1 9.519% IDT1 76.190% 
Content loss 1.000000 Identity loss 1.000000

2021-05-06 12:19:46 data/exp04: IT 73, LR 0.000002, TACC 76.39, TLOSS 4.512971, VACC 13.33, VLOSS 5.632094

2021-05-06 12:19:46 Saving model 73

2021-05-06 12:19:46 74 Start Iteration
Content loss 1.000000 Identity loss 1.000000
Proc (120/1100): 21.310Hz Ls 4.539 SYT1 10.852% IDT1 74.000% Proc (270/1100): 20.993Hz Ls 4.555 SYT1 9.815% IDT1 72.667% Proc (420/1100): 21.875Hz Ls 4.537 SYT1 9.815% IDT1 74.667% Proc (570/1100): 20.370Hz Ls 4.533 SYT1 9.769% IDT1 75.167% Proc (720/1100): 21.497Hz Ls 4.531 SYT1 9.637% IDT1 75.733% Proc (870/1100): 19.998Hz Ls 4.537 SYT1 9.642% IDT1 75.000% Proc (1020/1100): 21.708Hz Ls 4.540 SYT1 9.608% IDT1 75.048% 
Content loss 1.000000 Identity loss 1.000000

2021-05-06 12:21:00 data/exp04: IT 74, LR 0.000002, TACC 74.81, TLOSS 4.541178, VACC 10.00, VLOSS 5.693361

2021-05-06 12:21:00 Saving model 74

2021-05-06 12:21:00 75 Start Iteration
Content loss 1.000000 Identity loss 1.000000
Proc (120/1100): 21.404Hz Ls 4.503 SYT1 10.000% IDT1 76.667% Proc (270/1100): 22.699Hz Ls 4.518 SYT1 9.315% IDT1 75.667% Proc (420/1100): 20.623Hz Ls 4.526 SYT1 9.259% IDT1 77.556% Proc (570/1100): 21.194Hz Ls 4.526 SYT1 9.157% IDT1 78.333% Proc (720/1100): 22.970Hz Ls 4.527 SYT1 9.289% IDT1 77.467% Proc (870/1100): 20.528Hz Ls 4.531 SYT1 9.389% IDT1 76.333% Proc (1020/1100): 20.524Hz Ls 4.529 SYT1 9.413% IDT1 76.000% 
Content loss 1.000000 Identity loss 1.000000

2021-05-06 12:22:12 data/exp04: IT 75, LR 0.000002, TACC 75.19, TLOSS 4.531386, VACC 6.67, VLOSS 5.614132

2021-05-06 12:22:12 Saving model 75

2021-05-06 12:22:12 76 Start Iteration
Content loss 1.000000 Identity loss 1.000000
Proc (120/1100): 20.255Hz Ls 4.550 SYT1 10.333% IDT1 71.333% Proc (270/1100): 21.109Hz Ls 4.525 SYT1 9.667% IDT1 75.333% Proc (420/1100): 20.560Hz Ls 4.528 SYT1 9.704% IDT1 75.333% Proc (570/1100): 20.366Hz Ls 4.516 SYT1 9.583% IDT1 76.000% Proc (720/1100): 20.155Hz Ls 4.519 SYT1 9.563% IDT1 75.733% Proc (870/1100): 20.229Hz Ls 4.524 SYT1 9.660% IDT1 75.889% Proc (1020/1100): 21.088Hz Ls 4.523 SYT1 9.624% IDT1 75.143% 
Content loss 1.000000 Identity loss 1.000000

2021-05-06 12:23:25 data/exp04: IT 76, LR 0.000002, TACC 75.19, TLOSS 4.521641, VACC 13.33, VLOSS 5.530140

2021-05-06 12:23:25 Saving model 76

2021-05-06 12:23:26 77 Start Iteration
Content loss 1.000000 Identity loss 1.000000
Proc (120/1100): 21.458Hz Ls 4.500 SYT1 9.778% IDT1 76.000% Proc (270/1100): 20.621Hz Ls 4.534 SYT1 9.852% IDT1 72.667% Proc (420/1100): 20.287Hz Ls 4.519 SYT1 9.815% IDT1 72.889% Proc (570/1100): 20.113Hz Ls 4.528 SYT1 9.861% IDT1 74.000% Proc (720/1100): 21.918Hz Ls 4.519 SYT1 9.741% IDT1 74.800% Proc (870/1100): 20.984Hz Ls 4.523 SYT1 9.870% IDT1 74.444% Proc (1020/1100): 23.134Hz Ls 4.519 SYT1 9.926% IDT1 75.429% 
Content loss 1.000000 Identity loss 1.000000

2021-05-06 12:24:40 data/exp04: IT 77, LR 0.000002, TACC 75.65, TLOSS 4.514909, VACC 10.00, VLOSS 5.681980

2021-05-06 12:24:40 Saving model 77

2021-05-06 12:24:41 78 Start Iteration
Content loss 1.000000 Identity loss 1.000000
Proc (120/1100): 21.182Hz Ls 4.502 SYT1 9.778% IDT1 78.667% Proc (270/1100): 21.032Hz Ls 4.513 SYT1 9.759% IDT1 76.000% Proc (420/1100): 20.545Hz Ls 4.493 SYT1 9.716% IDT1 76.667% Proc (570/1100): 20.551Hz Ls 4.495 SYT1 9.657% IDT1 76.333% Proc (720/1100): 20.645Hz Ls 4.509 SYT1 9.852% IDT1 74.667% Proc (870/1100): 20.724Hz Ls 4.521 SYT1 9.698% IDT1 74.000% Proc (1020/1100): 20.318Hz Ls 4.522 SYT1 9.582% IDT1 74.286% 
Content loss 1.000000 Identity loss 1.000000

2021-05-06 12:25:55 data/exp04: IT 78, LR 0.000002, TACC 73.80, TLOSS 4.524474, VACC 6.67, VLOSS 5.592560

2021-05-06 12:25:55 Saving model 78

2021-05-06 12:25:56 79 Start Iteration
Content loss 1.000000 Identity loss 1.000000
Proc (120/1100): 22.373Hz Ls 4.521 SYT1 9.333% IDT1 72.000% Proc (270/1100): 21.265Hz Ls 4.505 SYT1 9.611% IDT1 72.667% Proc (420/1100): 21.351Hz Ls 4.498 SYT1 9.580% IDT1 75.333% Proc (570/1100): 27.414Hz Ls 4.515 SYT1 9.667% IDT1 75.500% Proc (720/1100): 21.261Hz Ls 4.518 SYT1 9.770% IDT1 75.067% Proc (870/1100): 20.663Hz Ls 4.516 SYT1 9.784% IDT1 75.667% Proc (1020/1100): 20.813Hz Ls 4.519 SYT1 9.704% IDT1 75.429% 
Content loss 1.000000 Identity loss 1.000000

2021-05-06 12:27:07 data/exp04: IT 79, LR 0.000002, TACC 75.56, TLOSS 4.515591, VACC 16.67, VLOSS 5.575682

2021-05-06 12:27:07 Saving model 79

2021-05-06 12:27:07 80 Start Iteration
Content loss 1.000000 Identity loss 1.000000
Proc (120/1100): 20.696Hz Ls 4.526 SYT1 8.963% IDT1 76.667% Proc (270/1100): 27.500Hz Ls 4.501 SYT1 9.167% IDT1 77.000% Proc (420/1100): 21.794Hz Ls 4.509 SYT1 9.679% IDT1 74.889% Proc (570/1100): 23.247Hz Ls 4.506 SYT1 9.556% IDT1 75.500% Proc (720/1100): 21.369Hz Ls 4.492 SYT1 9.570% IDT1 76.800% Proc (870/1100): 22.607Hz Ls 4.493 SYT1 9.506% IDT1 76.556% Proc (1020/1100): 21.012Hz Ls 4.498 SYT1 9.598% IDT1 77.143% 
Content loss 1.000000 Identity loss 1.000000

2021-05-06 12:28:14 data/exp04: IT 80, LR 0.000002, TACC 77.41, TLOSS 4.496733, VACC 13.33, VLOSS 5.574576

2021-05-06 12:28:14 Saving model 80

2021-05-06 12:28:15 81 Start Iteration
Content loss 1.000000 Identity loss 1.000000
Proc (120/1100): 21.454Hz Ls 4.486 SYT1 10.222% IDT1 74.000% Proc (270/1100): 24.450Hz Ls 4.504 SYT1 9.889% IDT1 73.667% Proc (420/1100): 20.474Hz Ls 4.510 SYT1 9.827% IDT1 73.111% Proc (570/1100): 24.335Hz Ls 4.495 SYT1 9.898% IDT1 75.000% Proc (720/1100): 21.123Hz Ls 4.491 SYT1 9.667% IDT1 75.467% Proc (870/1100): 22.188Hz Ls 4.486 SYT1 9.728% IDT1 76.778% Proc (1020/1100): 24.543Hz Ls 4.488 SYT1 9.825% IDT1 76.762% 
Content loss 1.000000 Identity loss 1.000000

2021-05-06 12:29:20 data/exp04: IT 81, LR 0.000002, TACC 76.20, TLOSS 4.494559, VACC 13.33, VLOSS 5.616622

2021-05-06 12:29:20 Saving model 81

2021-05-06 12:29:20 82 Start Iteration
Content loss 1.000000 Identity loss 1.000000
Proc (120/1100): 22.740Hz Ls 4.516 SYT1 9.630% IDT1 77.333% Proc (270/1100): 26.144Hz Ls 4.533 SYT1 9.352% IDT1 78.333% Proc (420/1100): 22.925Hz Ls 4.522 SYT1 9.506% IDT1 76.000% Proc (570/1100): 21.361Hz Ls 4.530 SYT1 9.389% IDT1 75.500% Proc (720/1100): 21.221Hz Ls 4.519 SYT1 9.541% IDT1 76.133% Proc (870/1100): 21.459Hz Ls 4.512 SYT1 9.556% IDT1 76.667% Proc (1020/1100): 20.887Hz Ls 4.515 SYT1 9.577% IDT1 75.333% 
Content loss 1.000000 Identity loss 1.000000

2021-05-06 12:30:24 data/exp04: IT 82, LR 0.000002, TACC 74.72, TLOSS 4.514361, VACC 10.00, VLOSS 5.579220

2021-05-06 12:30:24 Saving model 82

2021-05-06 12:30:24 83 Start Iteration
Content loss 1.000000 Identity loss 1.000000
Proc (120/1100): 21.202Hz Ls 4.499 SYT1 9.778% IDT1 78.000% Proc (270/1100): 26.726Hz Ls 4.492 SYT1 9.907% IDT1 76.667% Proc (420/1100): 22.894Hz Ls 4.511 SYT1 9.914% IDT1 75.778% Proc (570/1100): 21.386Hz Ls 4.525 SYT1 9.722% IDT1 75.167% Proc (720/1100): 21.363Hz Ls 4.522 SYT1 9.711% IDT1 74.933% Proc (870/1100): 21.354Hz Ls 4.518 SYT1 9.759% IDT1 75.222% Proc (1020/1100): 20.820Hz Ls 4.519 SYT1 9.693% IDT1 75.810% 
Content loss 1.000000 Identity loss 1.000000

2021-05-06 12:31:33 data/exp04: IT 83, LR 0.000001, TACC 75.74, TLOSS 4.519094, VACC 6.67, VLOSS 5.570419

2021-05-06 12:31:33 Saving model 83

2021-05-06 12:31:33 84 Start Iteration
Content loss 1.000000 Identity loss 1.000000
Proc (120/1100): 27.844Hz Ls 4.555 SYT1 10.222% IDT1 76.000% Proc (270/1100): 22.078Hz Ls 4.541 SYT1 10.093% IDT1 75.000% Proc (420/1100): 19.938Hz Ls 4.515 SYT1 9.975% IDT1 77.111% Proc (570/1100): 22.691Hz Ls 4.513 SYT1 9.944% IDT1 77.000% Proc (720/1100): 20.279Hz Ls 4.516 SYT1 9.822% IDT1 76.800% Proc (870/1100): 23.483Hz Ls 4.512 SYT1 9.796% IDT1 76.556% Proc (1020/1100): 22.675Hz Ls 4.510 SYT1 9.720% IDT1 76.667% 
Content loss 1.000000 Identity loss 1.000000

2021-05-06 12:32:43 data/exp04: IT 84, LR 0.000001, TACC 76.11, TLOSS 4.514415, VACC 10.00, VLOSS 5.653722

2021-05-06 12:32:43 Saving model 84

2021-05-06 12:32:43 85 Start Iteration
Content loss 1.000000 Identity loss 1.000000
Proc (120/1100): 20.321Hz Ls 4.577 SYT1 9.333% IDT1 68.667% Proc (270/1100): 20.478Hz Ls 4.532 SYT1 9.574% IDT1 72.000% Proc (420/1100): 20.924Hz Ls 4.524 SYT1 9.531% IDT1 72.667% Proc (570/1100): 20.379Hz Ls 4.524 SYT1 9.417% IDT1 74.167% Proc (720/1100): 20.711Hz Ls 4.520 SYT1 9.563% IDT1 74.133% Proc (870/1100): 22.605Hz Ls 4.518 SYT1 9.549% IDT1 74.444% Proc (1020/1100): 27.676Hz Ls 4.510 SYT1 9.651% IDT1 75.333% 
Content loss 1.000000 Identity loss 1.000000

2021-05-06 12:33:57 data/exp04: IT 85, LR 0.000001, TACC 75.28, TLOSS 4.509683, VACC 13.33, VLOSS 5.570152

2021-05-06 12:33:57 Saving model 85

2021-05-06 12:33:57 86 Start Iteration
Content loss 1.000000 Identity loss 1.000000
Proc (120/1100): 24.484Hz Ls 4.570 SYT1 10.000% IDT1 68.667% Proc (270/1100): 23.231Hz Ls 4.559 SYT1 10.130% IDT1 69.667% Proc (420/1100): 22.875Hz Ls 4.540 SYT1 9.988% IDT1 72.444% Proc (570/1100): 20.412Hz Ls 4.532 SYT1 9.833% IDT1 72.167% Proc (720/1100): 21.114Hz Ls 4.534 SYT1 9.748% IDT1 73.200% Proc (870/1100): 20.574Hz Ls 4.534 SYT1 9.759% IDT1 73.444% Proc (1020/1100): 23.046Hz Ls 4.522 SYT1 9.725% IDT1 74.476% 
Content loss 1.000000 Identity loss 1.000000

2021-05-06 12:35:06 data/exp04: IT 86, LR 0.000001, TACC 74.17, TLOSS 4.524053, VACC 10.00, VLOSS 5.728066

2021-05-06 12:35:06 Saving model 86

2021-05-06 12:35:06 87 Start Iteration
Content loss 1.000000 Identity loss 1.000000
Proc (120/1100): 21.303Hz Ls 4.486 SYT1 9.778% IDT1 74.667% Proc (270/1100): 20.362Hz Ls 4.509 SYT1 9.815% IDT1 76.000% Proc (420/1100): 21.374Hz Ls 4.514 SYT1 9.877% IDT1 74.667% Proc (570/1100): 21.229Hz Ls 4.498 SYT1 9.843% IDT1 76.167% Proc (720/1100): 23.905Hz Ls 4.491 SYT1 9.867% IDT1 76.667% Proc (870/1100): 20.949Hz Ls 4.486 SYT1 9.920% IDT1 77.222% Proc (1020/1100): 20.954Hz Ls 4.490 SYT1 9.857% IDT1 76.857% 
Content loss 1.000000 Identity loss 1.000000

2021-05-06 12:36:18 data/exp04: IT 87, LR 0.000001, TACC 76.11, TLOSS 4.496126, VACC 13.33, VLOSS 5.593256

2021-05-06 12:36:18 Saving model 87

2021-05-06 12:36:19 88 Start Iteration
Content loss 1.000000 Identity loss 1.000000
Proc (120/1100): 20.685Hz Ls 4.522 SYT1 9.630% IDT1 78.000% Proc (270/1100): 20.948Hz Ls 4.521 SYT1 9.963% IDT1 77.333% Proc (420/1100): 24.082Hz Ls 4.522 SYT1 10.012% IDT1 76.000% Proc (570/1100): 20.523Hz Ls 4.521 SYT1 9.880% IDT1 75.167% Proc (720/1100): 20.913Hz Ls 4.520 SYT1 9.830% IDT1 74.667% Proc (870/1100): 20.288Hz Ls 4.522 SYT1 9.722% IDT1 74.778% Proc (1020/1100): 19.688Hz Ls 4.518 SYT1 9.778% IDT1 74.952% 
Content loss 1.000000 Identity loss 1.000000

2021-05-06 12:37:33 data/exp04: IT 88, LR 0.000001, TACC 74.81, TLOSS 4.519554, VACC 6.67, VLOSS 5.602469

2021-05-06 12:37:33 Saving model 88

2021-05-06 12:37:33 89 Start Iteration
Content loss 1.000000 Identity loss 1.000000
Proc (120/1100): 20.605Hz Ls 4.481 SYT1 9.444% IDT1 77.333% Proc (270/1100): 21.997Hz Ls 4.477 SYT1 9.815% IDT1 77.333% Proc (420/1100): 19.905Hz Ls 4.481 SYT1 9.790% IDT1 78.000% Proc (570/1100): 21.174Hz Ls 4.477 SYT1 9.981% IDT1 78.000% Proc (720/1100): 20.661Hz Ls 4.483 SYT1 10.074% IDT1 77.200% Proc (870/1100): 21.248Hz Ls 4.487 SYT1 9.914% IDT1 77.333% Proc (1020/1100): 22.849Hz Ls 4.497 SYT1 9.815% IDT1 76.381% 
Content loss 1.000000 Identity loss 1.000000

2021-05-06 12:38:46 data/exp04: IT 89, LR 0.000001, TACC 76.30, TLOSS 4.496710, VACC 10.00, VLOSS 5.605089

2021-05-06 12:38:46 Saving model 89

2021-05-06 12:38:46 90 Start Iteration
Content loss 1.000000 Identity loss 1.000000
Proc (120/1100): 21.447Hz Ls 4.578 SYT1 10.148% IDT1 74.000% Proc (270/1100): 20.015Hz Ls 4.536 SYT1 9.815% IDT1 73.333% Proc (420/1100): 20.700Hz Ls 4.521 SYT1 9.580% IDT1 74.667% Proc (570/1100): 19.925Hz Ls 4.526 SYT1 9.602% IDT1 75.167% Proc (720/1100): 20.521Hz Ls 4.510 SYT1 9.593% IDT1 75.867% Proc (870/1100): 20.097Hz Ls 4.511 SYT1 9.648% IDT1 75.778% Proc (1020/1100): 21.558Hz Ls 4.500 SYT1 9.519% IDT1 76.286% 
Content loss 1.000000 Identity loss 1.000000

2021-05-06 12:40:02 data/exp04: IT 90, LR 0.000001, TACC 76.39, TLOSS 4.500155, VACC 10.00, VLOSS 5.599313

2021-05-06 12:40:02 Saving model 90

2021-05-06 12:40:02 91 Start Iteration
Content loss 1.000000 Identity loss 1.000000
Proc (120/1100): 20.377Hz Ls 4.468 SYT1 9.630% IDT1 76.000% Proc (270/1100): 20.045Hz Ls 4.519 SYT1 9.778% IDT1 74.667% Proc (420/1100): 21.983Hz Ls 4.516 SYT1 9.407% IDT1 74.889% Proc (570/1100): 20.053Hz Ls 4.508 SYT1 9.556% IDT1 74.833% Proc (720/1100): 20.655Hz Ls 4.513 SYT1 9.481% IDT1 74.400% Proc (870/1100): 22.509Hz Ls 4.514 SYT1 9.574% IDT1 75.111% Proc (1020/1100): 21.844Hz Ls 4.513 SYT1 9.566% IDT1 75.810% 
Content loss 1.000000 Identity loss 1.000000

2021-05-06 12:41:16 data/exp04: IT 91, LR 0.000001, TACC 75.74, TLOSS 4.514114, VACC 10.00, VLOSS 5.642565

2021-05-06 12:41:16 Saving model 91

2021-05-06 12:41:16 92 Start Iteration
Content loss 1.000000 Identity loss 1.000000
Proc (120/1100): 22.077Hz Ls 4.523 SYT1 9.481% IDT1 78.667% Proc (270/1100): 21.027Hz Ls 4.509 SYT1 9.352% IDT1 77.667% Proc (420/1100): 21.124Hz Ls 4.499 SYT1 9.642% IDT1 78.222% Proc (570/1100): 20.357Hz Ls 4.507 SYT1 9.750% IDT1 76.500% Proc (720/1100): 20.922Hz Ls 4.507 SYT1 9.622% IDT1 76.000% Proc (870/1100): 20.731Hz Ls 4.509 SYT1 9.617% IDT1 76.000% Proc (1020/1100): 21.425Hz Ls 4.515 SYT1 9.577% IDT1 75.714% 
Content loss 1.000000 Identity loss 1.000000

2021-05-06 12:42:32 data/exp04: IT 92, LR 0.000001, TACC 75.93, TLOSS 4.513122, VACC 10.00, VLOSS 5.603521

2021-05-06 12:42:32 Saving model 92

2021-05-06 12:42:32 93 Start Iteration
Content loss 1.000000 Identity loss 1.000000
Proc (120/1100): 20.032Hz Ls 4.512 SYT1 10.074% IDT1 74.667% Proc (270/1100): 23.573Hz Ls 4.482 SYT1 9.241% IDT1 78.000% Proc (420/1100): 23.525Hz Ls 4.487 SYT1 9.407% IDT1 78.667% Proc (570/1100): 20.341Hz Ls 4.504 SYT1 9.204% IDT1 78.000% Proc (720/1100): 20.202Hz Ls 4.505 SYT1 9.207% IDT1 77.067% Proc (870/1100): 21.216Hz Ls 4.510 SYT1 9.228% IDT1 76.333% Proc (1020/1100): 20.753Hz Ls 4.509 SYT1 9.317% IDT1 76.476% 
Content loss 1.000000 Identity loss 1.000000

2021-05-06 12:43:46 data/exp04: IT 93, LR 0.000001, TACC 76.76, TLOSS 4.507798, VACC 10.00, VLOSS 5.652189

2021-05-06 12:43:46 Saving model 93

2021-05-06 12:43:46 94 Start Iteration
Content loss 1.000000 Identity loss 1.000000
Proc (120/1100): 20.656Hz Ls 4.476 SYT1 9.407% IDT1 83.333% Proc (270/1100): 20.824Hz Ls 4.506 SYT1 10.111% IDT1 79.000% Proc (420/1100): 21.730Hz Ls 4.515 SYT1 9.889% IDT1 78.000% Proc (570/1100): 21.949Hz Ls 4.511 SYT1 9.759% IDT1 77.333% Proc (720/1100): 14.979Hz Ls 4.515 SYT1 9.644% IDT1 76.533% Proc (870/1100): 20.405Hz Ls 4.524 SYT1 9.457% IDT1 74.778% Proc (1020/1100): 20.326Hz Ls 4.522 SYT1 9.423% IDT1 74.857% 
Content loss 1.000000 Identity loss 1.000000

2021-05-06 12:45:00 data/exp04: IT 94, LR 0.000001, TACC 74.72, TLOSS 4.519520, VACC 13.33, VLOSS 5.605095

2021-05-06 12:45:00 Saving model 94

2021-05-06 12:45:00 95 Start Iteration
Content loss 1.000000 Identity loss 1.000000
Proc (120/1100): 23.722Hz Ls 4.482 SYT1 9.963% IDT1 73.333% Proc (270/1100): 20.328Hz Ls 4.496 SYT1 9.667% IDT1 73.667% Proc (420/1100): 20.097Hz Ls 4.514 SYT1 9.765% IDT1 73.333% Proc (570/1100): 20.306Hz Ls 4.526 SYT1 9.917% IDT1 72.500% Proc (720/1100): 20.475Hz Ls 4.513 SYT1 9.911% IDT1 74.400% Proc (870/1100): 20.495Hz Ls 4.509 SYT1 9.840% IDT1 75.333% Proc (1020/1100): 20.310Hz Ls 4.509 SYT1 9.757% IDT1 75.143% 
Content loss 1.000000 Identity loss 1.000000

2021-05-06 12:46:16 data/exp04: IT 95, LR 0.000001, TACC 75.37, TLOSS 4.504901, VACC 10.00, VLOSS 5.584846

2021-05-06 12:46:16 Saving model 95

2021-05-06 12:46:16 96 Start Iteration
Content loss 1.000000 Identity loss 1.000000
Proc (120/1100): 20.366Hz Ls 4.572 SYT1 9.000% IDT1 70.667% Proc (270/1100): 25.615Hz Ls 4.544 SYT1 9.481% IDT1 74.667% Proc (420/1100): 20.049Hz Ls 4.544 SYT1 9.580% IDT1 73.111% Proc (570/1100): 21.212Hz Ls 4.530 SYT1 9.713% IDT1 73.833% Proc (720/1100): 20.246Hz Ls 4.521 SYT1 9.630% IDT1 74.400% Proc (870/1100): 20.920Hz Ls 4.513 SYT1 9.654% IDT1 75.667% Proc (1020/1100): 21.535Hz Ls 4.519 SYT1 9.635% IDT1 75.238% 
Content loss 1.000000 Identity loss 1.000000

2021-05-06 12:47:30 data/exp04: IT 96, LR 0.000001, TACC 75.46, TLOSS 4.516172, VACC 13.33, VLOSS 5.554847

2021-05-06 12:47:30 Saving model 96

2021-05-06 12:47:30 97 Start Iteration
Content loss 1.000000 Identity loss 1.000000
Proc (120/1100): 20.193Hz Ls 4.551 SYT1 9.741% IDT1 70.667% Proc (270/1100): 20.404Hz Ls 4.548 SYT1 9.519% IDT1 72.000% Proc (420/1100): 20.114Hz Ls 4.540 SYT1 9.543% IDT1 72.000% Proc (570/1100): 22.878Hz Ls 4.527 SYT1 9.602% IDT1 73.000% Proc (720/1100): 20.021Hz Ls 4.515 SYT1 9.681% IDT1 74.400% Proc (870/1100): 20.655Hz Ls 4.511 SYT1 9.611% IDT1 75.444% Proc (1020/1100): 20.256Hz Ls 4.507 SYT1 9.593% IDT1 75.905% 
Content loss 1.000000 Identity loss 1.000000

2021-05-06 12:48:45 data/exp04: IT 97, LR 0.000001, TACC 75.56, TLOSS 4.510484, VACC 13.33, VLOSS 5.576760

2021-05-06 12:48:45 Saving model 97

2021-05-06 12:48:45 98 Start Iteration
Content loss 1.000000 Identity loss 1.000000
Proc (120/1100): 20.323Hz Ls 4.485 SYT1 8.963% IDT1 72.000% Proc (270/1100): 23.377Hz Ls 4.478 SYT1 9.556% IDT1 73.667% Proc (420/1100): 21.945Hz Ls 4.491 SYT1 9.778% IDT1 74.222% Proc (570/1100): 19.818Hz Ls 4.489 SYT1 9.833% IDT1 74.167% Proc (720/1100): 20.227Hz Ls 4.482 SYT1 9.667% IDT1 76.000% Proc (870/1100): 20.076Hz Ls 4.485 SYT1 9.623% IDT1 75.444% Proc (1020/1100): 20.529Hz Ls 4.479 SYT1 9.693% IDT1 76.095% 
Content loss 1.000000 Identity loss 1.000000

2021-05-06 12:50:00 data/exp04: IT 98, LR 0.000001, TACC 76.20, TLOSS 4.481344, VACC 6.67, VLOSS 5.676320

2021-05-06 12:50:00 Saving model 98

2021-05-06 12:50:00 99 Start Iteration
Content loss 1.000000 Identity loss 1.000000
Proc (120/1100): 22.222Hz Ls 4.500 SYT1 8.333% IDT1 69.333% Proc (270/1100): 21.444Hz Ls 4.465 SYT1 9.037% IDT1 73.333% Proc (420/1100): 22.861Hz Ls 4.484 SYT1 9.123% IDT1 74.000% Proc (570/1100): 20.159Hz Ls 4.501 SYT1 9.306% IDT1 72.833% Proc (720/1100): 20.426Hz Ls 4.491 SYT1 9.385% IDT1 74.400% Proc (870/1100): 20.445Hz Ls 4.500 SYT1 9.475% IDT1 74.111% Proc (1020/1100): 20.424Hz Ls 4.507 SYT1 9.397% IDT1 74.286% 
Content loss 1.000000 Identity loss 1.000000

2021-05-06 12:51:16 data/exp04: IT 99, LR 0.000001, TACC 74.44, TLOSS 4.507071, VACC 13.33, VLOSS 5.598267

2021-05-06 12:51:16 Saving model 99

2021-05-06 12:51:16 100 Start Iteration
Content loss 1.000000 Identity loss 1.000000
Proc (120/1100): 27.179Hz Ls 4.482 SYT1 9.556% IDT1 73.333% Proc (270/1100): 23.527Hz Ls 4.506 SYT1 9.852% IDT1 71.667% Proc (420/1100): 20.610Hz Ls 4.521 SYT1 9.778% IDT1 71.778% Proc (570/1100): 20.312Hz Ls 4.514 SYT1 9.861% IDT1 71.667% Proc (720/1100): 22.055Hz Ls 4.517 SYT1 9.830% IDT1 72.800% Proc (870/1100): 20.475Hz Ls 4.521 SYT1 9.889% IDT1 71.889% Proc (1020/1100): 20.526Hz Ls 4.518 SYT1 9.714% IDT1 72.095% 
Content loss 1.000000 Identity loss 1.000000

2021-05-06 12:52:27 data/exp04: IT 100, LR 0.000001, TACC 72.50, TLOSS 4.514082, VACC 13.33, VLOSS 5.490550

2021-05-06 12:52:27 Saving model 100
